<?xml version="1.0" encoding="utf-8"?><testsuites name="pytest tests"><testsuite name="pytest" errors="0" failures="0" skipped="0" tests="56" time="26.141" timestamp="2026-08-23T00:49:57.136761-04:00" hostname="Peters-Mac-mini.local"><testcase classname="tests.injection.test_catalog_admission" name="test_catalogued_source_admits_to_a_structurally_sealed_non_formal_package" time="0.735" /><testcase classname="tests.injection.test_catalog_admission" name="test_checked_in_catalog_binds_declared_patch_and_fixture_bytes" time="0.206" /><testcase classname="tests.injection.test_catalog_admission" name="test_catalog_loader_requires_all_declared_files_to_be_checked_in" time="0.165" /><testcase classname="tests.injection.test_catalog_admission" name="test_catalog_patch_drift_is_a_stable_fail_closed_rejection" time="0.169" /><testcase classname="tests.injection.test_catalog_admission" name="test_catalog_fixture_anchor_drift_is_a_stable_fail_closed_rejection" time="0.168" /><testcase classname="tests.injection.test_catalog_admission" name="test_catalog_disclosure_audit_artifact_drift_is_a_stable_fail_closed_rejection" time="0.178" /><testcase classname="tests.injection.test_catalog_admission" name="test_catalog_rejects_duplicate_sources_and_invalid_provenance" time="0.168" /><testcase classname="tests.injection.test_catalog_admission" name="test_checked_in_stale_result_source_has_a_byte_bound_catalog_entry" time="0.047" /><testcase classname="tests.injection.test_catalog_admission" name="test_catalog_loader_ignores_ambient_git_directory" time="0.203" /><testcase classname="tests.injection.test_catalog_admission" name="test_missing_catalog_selection_has_a_terminal_inspectable_rejection" time="0.221" /><testcase classname="tests.injection.test_catalog_admission" name="test_admission_revalidates_catalog_path_before_materialization" time="0.204" /><testcase classname="tests.injection.test_catalog_admission" name="test_catalog_admission_preserves_a_dirty_caller_checkout" time="0.762" /><testcase classname="tests.injection.test_catalog_admission" name="test_sealed_admission_has_a_hash_chained_immutable_ledger" time="0.690" /><testcase classname="tests.injection.test_catalog_admission" name="test_admission_rejects_a_materialized_receipt_for_another_candidate" time="0.726" /><testcase classname="tests.injection.test_catalog_admission" name="test_admission_rejects_an_unverified_catalog_value" time="0.238" /><testcase classname="tests.injection.test_catalog_admission" name="test_admission_rejects_a_rejected_receipt_for_another_candidate" time="0.242" /><testcase classname="tests.injection.test_disclosure" name="test_disclosure_policy_rejects_declared_tokens_in_every_visible_surface" time="0.000" /><testcase classname="tests.injection.test_disclosure" name="test_disclosure_policy_marks_clean_nested_material_eligible" time="0.000" /><testcase classname="tests.injection.test_disclosure" name="test_disclosure_policy_normalizes_tokens_explicitly_and_rejects_padded_digests" time="0.000" /><testcase classname="tests.injection.test_disclosure" name="test_stale_result_is_retained_as_audit_evidence_but_rejected_for_blind_packet" time="0.139" /><testcase classname="tests.injection.test_materialization" name="test_materializes_one_delta_in_a_detached_owned_worktree_without_touching_caller" time="1.218" /><testcase classname="tests.injection.test_materialization" name="test_materializes_when_caller_configures_autocrlf" time="0.655" /><testcase classname="tests.injection.test_materialization" name="test_materializes_when_attributes_convert_checkout_line_endings" time="0.714" /><testcase classname="tests.injection.test_materialization" name="test_materialization_disables_caller_checkout_hooks" time="0.723" /><testcase classname="tests.injection.test_materialization" name="test_materialization_disables_caller_fsmonitor" time="0.656" /><testcase classname="tests.injection.test_materialization" name="test_materialization_ignores_an_ambient_git_index_file" time="0.719" /><testcase classname="tests.injection.test_materialization" name="test_materializer_ignores_caller_core_worktree_configuration" time="0.171" /><testcase classname="tests.injection.test_materialization" name="test_materialization_isolates_its_index_from_concurrent_default_index_updates[baseline]" time="0.756" /><testcase classname="tests.injection.test_materialization" name="test_materialization_isolates_its_index_from_concurrent_default_index_updates[diff]" time="0.754" /><testcase classname="tests.injection.test_materialization" name="test_materialization_avoids_caller_side_effects_from_checkout_filters" time="0.821" /><testcase classname="tests.injection.test_materialization" name="test_materialization_does_not_follow_a_replaced_administrative_directory" time="0.552" /><testcase classname="tests.injection.test_materialization" name="test_materialization_does_not_follow_a_replaced_source_parent" time="0.583" /><testcase classname="tests.injection.test_materialization" name="test_materialization_rejects_source_changed_before_receipt_promotion" time="0.657" /><testcase classname="tests.injection.test_materialization" name="test_materialization_preserves_executable_and_symlink_source_entries" time="0.790" /><testcase classname="tests.injection.test_materialization" name="test_materialization_identities_ignore_caller_diff_configuration" time="1.433" /><testcase classname="tests.injection.test_materialization" name="test_non_applicable_patch_returns_a_stable_rejection_and_leaves_no_registered_worktree" time="0.714" /><testcase classname="tests.injection.test_materialization" name="test_materialization_rejects_whitespace_relaxed_patch" time="0.504" /><testcase classname="tests.injection.test_materialization" name="test_rejection_refuses_to_remove_a_worktree_replaced_after_creation" time="0.406" /><testcase classname="tests.injection.test_materialization" name="test_materialization_refuses_a_worktree_replaced_before_fresh_registration" time="0.267" /><testcase classname="tests.injection.test_materialization" name="test_materialization_refuses_a_git_control_file_replaced_before_registration" time="0.380" /><testcase classname="tests.injection.test_materialization" name="test_materialization_refuses_a_git_control_file_replaced_after_registration" time="0.417" /><testcase classname="tests.injection.test_materialization" name="test_materialization_releases_its_reservation_when_worktree_creation_errors" time="0.228" /><testcase classname="tests.injection.test_materialization" name="test_materialization_recovers_a_worktree_created_before_timeout" time="0.377" /><testcase classname="tests.injection.test_materialization" name="test_materialization_preserves_a_directory_replaced_before_reservation_binding" time="0.220" /><testcase classname="tests.injection.test_materialization" name="test_materializes_added_source_files_in_the_canonical_result_diff" time="0.684" /><testcase classname="tests.injection.test_materialization" name="test_provenance_mismatch_rejects_before_creating_a_worktree" time="0.289" /><testcase classname="tests.injection.test_materialization" name="test_malformed_candidate_mapping_returns_a_stable_rejection" time="0.085" /><testcase classname="tests.injection.test_materialization" name="test_direct_candidate_with_an_unencodable_identity_returns_stable_rejection" time="0.162" /><testcase classname="tests.injection.test_materialization" name="test_cleanup_refuses_a_tampered_receipt_pointing_at_an_existing_checkout" time="0.708" /><testcase classname="tests.injection.test_materialization" name="test_cleanup_refuses_a_forged_receipt_for_an_existing_linked_worktree" time="0.668" /><testcase classname="tests.injection.test_materialization" name="test_cleanup_refuses_a_materialized_worktree_whose_source_has_changed" time="0.710" /><testcase classname="tests.injection.test_materialization" name="test_cleanup_refuses_a_git_control_file_redirected_to_an_existing_worktree" time="0.783" /><testcase classname="tests.injection.test_materialization" name="test_cleanup_can_retry_after_the_second_directory_clear_fails" time="0.643" /><testcase classname="tests.injection.test_materialization" name="test_cleanup_refuses_a_worktree_replaced_after_its_final_verification" time="0.681" /><testcase classname="tests.injection.test_materialization" name="test_cleanup_preserves_a_directory_replaced_after_final_directory_check" time="0.586" /><testcase classname="tests.injection.test_materialization" name="test_materializer_refuses_to_place_disposable_worktrees_inside_the_caller_checkout" time="0.085" /></testsuite></testsuites>