<?xml version="1.0" encoding="utf-8"?><testsuites name="pytest tests"><testsuite name="pytest" errors="0" failures="0" skipped="0" tests="86" time="183.747" timestamp="2026-08-23T12:02:08.963687-04:00" hostname="Peters-Mac-mini.local"><testcase classname="tests.injection.test_catalog_admission" name="test_catalogued_source_admits_to_a_structurally_sealed_non_formal_package" time="1.726" /><testcase classname="tests.injection.test_catalog_admission" name="test_checked_in_catalog_binds_declared_patch_and_fixture_bytes" time="0.528" /><testcase classname="tests.injection.test_catalog_admission" name="test_catalog_loader_requires_all_declared_files_to_be_checked_in" time="0.405" /><testcase classname="tests.injection.test_catalog_admission" name="test_catalog_patch_drift_is_a_stable_fail_closed_rejection" time="0.410" /><testcase classname="tests.injection.test_catalog_admission" name="test_catalog_fixture_anchor_drift_is_a_stable_fail_closed_rejection" time="0.401" /><testcase classname="tests.injection.test_catalog_admission" name="test_catalog_disclosure_audit_artifact_drift_is_a_stable_fail_closed_rejection" time="0.416" /><testcase classname="tests.injection.test_catalog_admission" name="test_catalog_rejects_duplicate_sources_and_invalid_provenance" time="0.378" /><testcase classname="tests.injection.test_catalog_admission" name="test_checked_in_stale_result_source_has_a_byte_bound_catalog_entry" time="0.119" /><testcase classname="tests.injection.test_catalog_admission" name="test_catalog_loader_ignores_ambient_git_directory" time="0.490" /><testcase classname="tests.injection.test_catalog_admission" name="test_missing_catalog_selection_has_a_terminal_inspectable_rejection" time="0.521" /><testcase classname="tests.injection.test_catalog_admission" name="test_admission_revalidates_catalog_path_before_materialization" time="0.457" /><testcase classname="tests.injection.test_catalog_admission" name="test_catalog_admission_preserves_a_dirty_caller_checkout" time="1.986" /><testcase classname="tests.injection.test_catalog_admission" name="test_sealed_admission_has_a_hash_chained_immutable_ledger" time="1.898" /><testcase classname="tests.injection.test_catalog_admission" name="test_admission_rejects_a_materialized_receipt_for_another_candidate" time="1.694" /><testcase classname="tests.injection.test_catalog_admission" name="test_admission_rejects_an_unverified_catalog_value" time="0.586" /><testcase classname="tests.injection.test_catalog_admission" name="test_admission_rejects_a_rejected_receipt_for_another_candidate" time="0.518" /><testcase classname="tests.injection.test_change_target_packet" name="test_change_target_packet_rejects_a_missing_pair_with_a_stable_reason" time="0.000" /><testcase classname="tests.injection.test_change_target_packet" name="test_safe_audited_pair_compiles_a_deterministic_blind_change_target_packet" time="4.566" /><testcase classname="tests.injection.test_change_target_packet" name="test_change_target_packet_rejects_an_unsealed_pair_member" time="3.992" /><testcase classname="tests.injection.test_change_target_packet" name="test_change_target_packet_rejects_worktree_provenance_mismatch" time="3.525" /><testcase classname="tests.injection.test_change_target_packet" name="test_change_target_packet_rejects_incompatible_pair_provenance" time="4.035" /><testcase classname="tests.injection.test_change_target_packet" name="test_change_target_packet_rejects_a_pair_with_different_fixture_anchors" time="4.013" /><testcase classname="tests.injection.test_change_target_packet" name="test_change_target_packet_rejects_a_pair_that_fails_its_disclosure_policy" time="3.719" /><testcase classname="tests.injection.test_change_target_packet" name="test_change_target_packet_rechecks_the_final_verifier_visible_path" time="3.483" /><testcase classname="tests.injection.test_change_target_packet" name="test_change_target_packet_sanitizes_a_worktree_resolution_error" time="3.769" /><testcase classname="tests.injection.test_change_target_packet" name="test_safe_audited_pair_compiles_a_deterministic_blind_project_target_packet" time="5.441" /><testcase classname="tests.injection.test_change_target_packet" name="test_project_target_packet_rejects_hidden_material_in_the_delivered_source_tree[extra_file0-HIDDEN_PROJECT_FILENAME_1f8c2d]" time="3.918" /><testcase classname="tests.injection.test_change_target_packet" name="test_project_target_packet_rejects_hidden_material_in_the_delivered_source_tree[extra_file1-HIDDEN_PROJECT_CONTENT_4e9a7b]" time="4.118" /><testcase classname="tests.injection.test_change_target_packet" name="test_project_target_packet_sanitizes_an_invented_diff_field" time="3.774" /><testcase classname="tests.injection.test_change_target_packet" name="test_project_target_packet_rejects_a_missing_pair_with_a_stable_reason" time="0.000" /><testcase classname="tests.injection.test_change_target_packet" name="test_project_target_packet_rejects_an_unsealed_pair_member" time="3.699" /><testcase classname="tests.injection.test_change_target_packet" name="test_project_target_packet_rejects_incompatible_pair_provenance" time="4.016" /><testcase classname="tests.injection.test_change_target_packet" name="test_project_target_packet_rejects_a_drifted_materialized_project" time="3.967" /><testcase classname="tests.injection.test_change_target_packet" name="test_project_target_packet_requires_explicit_bounded_discovery_request[scope0-3-project_scope_unbounded]" time="3.413" /><testcase classname="tests.injection.test_change_target_packet" name="test_project_target_packet_requires_explicit_bounded_discovery_request[scope1-3-project_scope_unbounded]" time="3.551" /><testcase classname="tests.injection.test_change_target_packet" name="test_project_target_packet_requires_explicit_bounded_discovery_request[scope2-3-project_scope_unbounded]" time="3.518" /><testcase classname="tests.injection.test_change_target_packet" name="test_project_target_packet_requires_explicit_bounded_discovery_request[scope3-0-discovery_budget_unbounded]" time="3.382" /><testcase classname="tests.injection.test_change_target_packet" name="test_project_target_packet_requires_explicit_bounded_discovery_request[scope4-True-discovery_budget_unbounded]" time="3.939" /><testcase classname="tests.injection.test_change_target_packet" name="test_project_target_packet_rejects_a_pair_that_fails_its_disclosure_policy" time="4.067" /><testcase classname="tests.injection.test_change_target_packet" name="test_project_target_packet_rechecks_the_final_public_scope" time="3.970" /><testcase classname="tests.injection.test_change_target_packet" name="test_project_target_packet_rechecks_the_final_public_worktree_path" time="3.689" /><testcase classname="tests.injection.test_change_target_packet" name="test_project_target_packet_sanitizes_a_missing_scope_path" time="3.964" /><testcase classname="tests.injection.test_change_target_packet" name="test_four_cell_structural_walkthrough_seals_private_mapping_separately" time="6.697" /><testcase classname="tests.injection.test_change_target_packet" name="test_four_cell_family_rejects_incomplete_or_inconsistent_private_bindings" time="5.467" /><testcase classname="tests.injection.test_change_target_packet" name="test_four_cell_family_fails_closed_before_returning_a_partial_packet_set[fixture_kwargs0-pair_provenance_mismatch]" time="4.756" /><testcase classname="tests.injection.test_change_target_packet" name="test_four_cell_family_fails_closed_before_returning_a_partial_packet_set[fixture_kwargs1-disclosure_policy_rejected]" time="4.092" /><testcase classname="tests.injection.test_disclosure" name="test_disclosure_policy_rejects_declared_tokens_in_every_visible_surface" time="0.001" /><testcase classname="tests.injection.test_disclosure" name="test_disclosure_policy_marks_clean_nested_material_eligible" time="0.000" /><testcase classname="tests.injection.test_disclosure" name="test_disclosure_policy_normalizes_tokens_explicitly_and_rejects_padded_digests" time="0.000" /><testcase classname="tests.injection.test_disclosure" name="test_stale_result_is_retained_as_audit_evidence_but_rejected_for_blind_packet" time="0.424" /><testcase classname="tests.injection.test_materialization" name="test_materializes_one_delta_in_a_detached_owned_worktree_without_touching_caller" time="3.490" /><testcase classname="tests.injection.test_materialization" name="test_materializes_when_caller_configures_autocrlf" time="1.751" /><testcase classname="tests.injection.test_materialization" name="test_materializes_when_attributes_convert_checkout_line_endings" time="2.080" /><testcase classname="tests.injection.test_materialization" name="test_materialization_disables_caller_checkout_hooks" time="1.889" /><testcase classname="tests.injection.test_materialization" name="test_materialization_disables_caller_fsmonitor" time="1.899" /><testcase classname="tests.injection.test_materialization" name="test_materialization_ignores_an_ambient_git_index_file" time="2.012" /><testcase classname="tests.injection.test_materialization" name="test_materializer_ignores_caller_core_worktree_configuration" time="0.443" /><testcase classname="tests.injection.test_materialization" name="test_materialization_isolates_its_index_from_concurrent_default_index_updates[baseline]" time="2.138" /><testcase classname="tests.injection.test_materialization" name="test_materialization_isolates_its_index_from_concurrent_default_index_updates[diff]" time="2.058" /><testcase classname="tests.injection.test_materialization" name="test_materialization_avoids_caller_side_effects_from_checkout_filters" time="2.146" /><testcase classname="tests.injection.test_materialization" name="test_materialization_does_not_follow_a_replaced_administrative_directory" time="1.503" /><testcase classname="tests.injection.test_materialization" name="test_materialization_does_not_follow_a_replaced_source_parent" time="1.516" /><testcase classname="tests.injection.test_materialization" name="test_materialization_rejects_source_changed_before_receipt_promotion" time="1.746" /><testcase classname="tests.injection.test_materialization" name="test_materialization_preserves_executable_and_symlink_source_entries" time="2.048" /><testcase classname="tests.injection.test_materialization" name="test_materialization_identities_ignore_caller_diff_configuration" time="3.677" /><testcase classname="tests.injection.test_materialization" name="test_non_applicable_patch_returns_a_stable_rejection_and_leaves_no_registered_worktree" time="1.897" /><testcase classname="tests.injection.test_materialization" name="test_materialization_rejects_whitespace_relaxed_patch" time="1.322" /><testcase classname="tests.injection.test_materialization" name="test_rejection_refuses_to_remove_a_worktree_replaced_after_creation" time="1.078" /><testcase classname="tests.injection.test_materialization" name="test_materialization_refuses_a_worktree_replaced_before_fresh_registration" time="0.674" /><testcase classname="tests.injection.test_materialization" name="test_materialization_refuses_a_git_control_file_replaced_before_registration" time="1.016" /><testcase classname="tests.injection.test_materialization" name="test_materialization_refuses_a_git_control_file_replaced_after_registration" time="1.151" /><testcase classname="tests.injection.test_materialization" name="test_materialization_releases_its_reservation_when_worktree_creation_errors" time="0.626" /><testcase classname="tests.injection.test_materialization" name="test_materialization_recovers_a_worktree_created_before_timeout" time="1.011" /><testcase classname="tests.injection.test_materialization" name="test_materialization_preserves_a_directory_replaced_before_reservation_binding" time="0.631" /><testcase classname="tests.injection.test_materialization" name="test_materializes_added_source_files_in_the_canonical_result_diff" time="1.896" /><testcase classname="tests.injection.test_materialization" name="test_provenance_mismatch_rejects_before_creating_a_worktree" time="0.836" /><testcase classname="tests.injection.test_materialization" name="test_malformed_candidate_mapping_returns_a_stable_rejection" time="0.205" /><testcase classname="tests.injection.test_materialization" name="test_direct_candidate_with_an_unencodable_identity_returns_stable_rejection" time="0.442" /><testcase classname="tests.injection.test_materialization" name="test_cleanup_refuses_a_tampered_receipt_pointing_at_an_existing_checkout" time="1.826" /><testcase classname="tests.injection.test_materialization" name="test_cleanup_refuses_a_forged_receipt_for_an_existing_linked_worktree" time="1.699" /><testcase classname="tests.injection.test_materialization" name="test_cleanup_refuses_a_materialized_worktree_whose_source_has_changed" time="1.920" /><testcase classname="tests.injection.test_materialization" name="test_cleanup_refuses_a_git_control_file_redirected_to_an_existing_worktree" time="2.152" /><testcase classname="tests.injection.test_materialization" name="test_cleanup_can_retry_after_the_second_directory_clear_fails" time="1.740" /><testcase classname="tests.injection.test_materialization" name="test_cleanup_refuses_a_worktree_replaced_after_its_final_verification" time="1.851" /><testcase classname="tests.injection.test_materialization" name="test_cleanup_preserves_a_directory_replaced_after_final_directory_check" time="1.599" /><testcase classname="tests.injection.test_materialization" name="test_materializer_refuses_to_place_disposable_worktrees_inside_the_caller_checkout" time="0.194" /></testsuite></testsuites>