<?xml version="1.0" encoding="utf-8"?><testsuites name="pytest tests"><testsuite name="pytest" errors="0" failures="0" skipped="0" tests="141" time="2.314" timestamp="2026-08-28T12:24:58.002205-04:00" hostname="Peters-Mac-mini.local"><testcase classname="tests.runner.test_deterministic_backend" name="test_plan_is_bound_to_exact_run_spec_bytes_and_action" time="0.001" /><testcase classname="tests.runner.test_deterministic_backend" name="test_keypad_plan_is_bound_to_the_complete_frozen_action_sequence" time="0.002" /><testcase classname="tests.runner.test_deterministic_backend" name="test_public_opencalc_plan_accepts_its_canonical_run_spec_binding" time="0.001" /><testcase classname="tests.runner.test_deterministic_backend" name="test_keypad_plan_rejects_order_coordinates_and_unbounded_timing[&lt;lambda&gt;-does not match]" time="0.001" /><testcase classname="tests.runner.test_deterministic_backend" name="test_keypad_plan_rejects_order_coordinates_and_unbounded_timing[&lt;lambda&gt;-unknown field]" time="0.001" /><testcase classname="tests.runner.test_deterministic_backend" name="test_keypad_plan_rejects_order_coordinates_and_unbounded_timing[&lt;lambda&gt;-fixed]" time="0.001" /><testcase classname="tests.runner.test_deterministic_backend" name="test_invalid_plan_is_rejected_before_it_can_be_used[&lt;lambda&gt;-unknown field]" time="0.000" /><testcase classname="tests.runner.test_deterministic_backend" name="test_invalid_plan_is_rejected_before_it_can_be_used[&lt;lambda&gt;-action count]" time="0.000" /><testcase classname="tests.runner.test_deterministic_backend" name="test_invalid_plan_is_rejected_before_it_can_be_used[&lt;lambda&gt;-timeout_ms]" time="0.000" /><testcase classname="tests.runner.test_deterministic_backend" name="test_invalid_plan_is_rejected_before_it_can_be_used[&lt;lambda&gt;-Run Spec digest]" time="0.001" /><testcase classname="tests.runner.test_deterministic_backend" name="test_invalid_plan_is_rejected_before_it_can_be_used[&lt;lambda&gt;-does not match]" time="0.001" /><testcase classname="tests.runner.test_deterministic_backend" name="test_duplicate_json_keys_are_rejected" time="0.000" /><testcase classname="tests.runner.test_deterministic_backend" name="test_android_layout_adapter_uses_the_fixed_wait_read_timeout" time="0.000" /><testcase classname="tests.runner.test_deterministic_backend" name="test_android_layout_adapter_taps_with_the_selected_device_and_fixed_timeout" time="0.000" /><testcase classname="tests.runner.test_deterministic_backend" name="test_keypad_executes_the_frozen_sequence_with_fresh_center_dispatches" time="0.002" /><testcase classname="tests.runner.test_deterministic_backend" name="test_tap_requires_one_clickable_target_with_a_valid_center[layout0-missing-resource_missing]" time="0.002" /><testcase classname="tests.runner.test_deterministic_backend" name="test_tap_requires_one_clickable_target_with_a_valid_center[layout1-duplicated-resource_duplicate]" time="0.002" /><testcase classname="tests.runner.test_deterministic_backend" name="test_tap_requires_one_clickable_target_with_a_valid_center[layout2-not clickable-resource_not_clickable]" time="0.002" /><testcase classname="tests.runner.test_deterministic_backend" name="test_tap_requires_one_clickable_target_with_a_valid_center[layout3-on-screen coordinate-center_invalid]" time="0.002" /><testcase classname="tests.runner.test_deterministic_backend" name="test_tap_requires_one_clickable_target_with_a_valid_center[layout4-outside node bounds-center_invalid]" time="0.002" /><testcase classname="tests.runner.test_deterministic_backend" name="test_tap_requires_one_clickable_target_with_a_valid_center[not-json-layout-malformed-malformed_layout]" time="0.002" /><testcase classname="tests.runner.test_deterministic_backend" name="test_tap_dispatch_failure_is_terminal_and_is_not_retried" time="0.002" /><testcase classname="tests.runner.test_deterministic_backend" name="test_tap_has_one_dispatch_even_when_dispatch_or_settle_is_interrupted[failure0]" time="0.002" /><testcase classname="tests.runner.test_deterministic_backend" name="test_tap_has_one_dispatch_even_when_dispatch_or_settle_is_interrupted[None]" time="0.002" /><testcase classname="tests.runner.test_deterministic_backend" name="test_driver_plan_bytes_cannot_drift_between_admission_and_dispatch" time="0.001" /><testcase classname="tests.runner.test_deterministic_backend" name="test_invalid_source_backed_plan_is_rejected_before_execution_record" time="0.001" /><testcase classname="tests.runner.test_deterministic_backend" name="test_wait_uses_one_read_only_observation_and_writes_normalized_raw_evidence" time="0.002" /><testcase classname="tests.runner.test_deterministic_backend" name="test_wait_is_bounded_and_retains_every_missing_observation" time="0.002" /><testcase classname="tests.runner.test_deterministic_backend" name="test_wait_rejects_ambiguous_or_malformed_layouts[layout0-duplicate]" time="0.002" /><testcase classname="tests.runner.test_deterministic_backend" name="test_wait_rejects_ambiguous_or_malformed_layouts[not-json-layout-malformed]" time="0.002" /><testcase classname="tests.runner.test_deterministic_backend" name="test_interrupted_layout_read_keeps_raw_attempt_artifacts" time="0.002" /><testcase classname="tests.runner.test_deterministic_backend" name="test_interrupted_wait_keeps_the_observation_before_sleep" time="0.002" /><testcase classname="tests.runner.test_deterministic_backend" name="test_runner_emits_backend_neutral_normalized_result_and_lineage" time="0.003" /><testcase classname="tests.runner.test_deterministic_backend" name="test_runner_preserves_all_keypad_action_lineage_without_oracle_fields" time="0.003" /><testcase classname="tests.runner.test_deterministic_backend" name="test_deterministic_identity_records_real_tool_and_zero_model_calls" time="0.002" /><testcase classname="tests.runner.test_deterministic_backend" name="test_deterministic_attempt_identity_materializes_role_artifacts" time="0.002" /><testcase classname="tests.runner.test_deterministic_backend" name="test_multi_action_identity_retains_exact_sequence_and_zero_model_calls" time="0.004" /><testcase classname="tests.runner.test_deterministic_backend" name="test_cli_public_deterministic_run_records_verified_real_tool_identity" time="0.011" /><testcase classname="tests.runner.test_journey_backend_selection" name="test_closed_backend_identities_and_legacy_default_are_explicit" time="0.000" /><testcase classname="tests.runner.test_journey_backend_selection" name="test_deterministic_selection_binds_plan_and_forbids_journey_model" time="0.231" /><testcase classname="tests.runner.test_journey_backend_selection" name="test_codex_selection_rejects_a_driver_plan_before_external_work" time="0.146" /><testcase classname="tests.runner.test_journey_backend_selection" name="test_unknown_backend_is_rejected_without_resolving_backend_tools" time="0.147" /><testcase classname="tests.runner.test_journey_backend_selection" name="test_admitted_selection_receipt_rejects_driver_plan_drift" time="0.221" /><testcase classname="tests.runner.test_journey_backend_selection" name="test_selected_non_codex_backend_cannot_receive_legacy_codex_request" time="0.001" /><testcase classname="tests.runner.test_journey_backend_selection" name="test_factory_dispatches_only_to_the_explicit_selected_backend" time="0.000" /><testcase classname="tests.runner.test_journey_backend_selection" name="test_runner_separates_backend_raw_evidence_from_canonical_normalized_output" time="0.003" /><testcase classname="tests.runner.test_journey_backend_selection" name="test_cli_does_not_fallback_to_codex_for_unwired_deterministic_selection" time="0.001" /><testcase classname="tests.runner.test_journey" name="test_scenario_to_segments_splits_after_event_step" time="0.000" /><testcase classname="tests.runner.test_journey" name="test_scenario_to_segments_rejects_out_of_range_event" time="0.000" /><testcase classname="tests.runner.test_journey" name="test_scenario_to_segments_allows_trailing_system_event" time="0.000" /><testcase classname="tests.runner.test_journey" name="test_segment_to_journey_xml_escapes_actions" time="0.000" /><testcase classname="tests.runner.test_journey" name="test_segment_to_journey_xml_assigns_stable_action_ids" time="0.000" /><testcase classname="tests.runner.test_journey" name="test_journey_segment_runner_orders_segments_events_and_checkpoints" time="0.004" /><testcase classname="tests.runner.test_journey" name="test_journey_segment_runner_times_every_phase" time="0.004" /><testcase classname="tests.runner.test_journey" name="test_journey_segment_runner_persists_system_event_evidence" time="0.004" /><testcase classname="tests.runner.test_journey" name="test_journey_segment_runner_prepends_instruction_prefix" time="0.002" /><testcase classname="tests.runner.test_journey" name="test_failed_journey_action_stops_before_event_and_keeps_checkpoint" time="0.002" /><testcase classname="tests.runner.test_journey" name="test_skipped_journey_action_is_non_accountable" time="0.002" /><testcase classname="tests.runner.test_journey" name="test_missing_action_result_is_non_accountable" time="0.001" /><testcase classname="tests.runner.test_journey" name="test_mismatched_action_result_is_non_accountable" time="0.001" /><testcase classname="tests.runner.test_journey" name="test_stable_action_id_restores_exact_requested_action" time="0.002" /><testcase classname="tests.runner.test_journey" name="test_unknown_action_status_fails_closed_when_backend_bypasses_schema" time="0.001" /><testcase classname="tests.runner.test_journey" name="test_invalid_action_lineage_fails_closed[missing-id]" time="0.001" /><testcase classname="tests.runner.test_journey" name="test_invalid_action_lineage_fails_closed[unrelated-action-text]" time="0.001" /><testcase classname="tests.runner.test_journey" name="test_invalid_action_lineage_fails_closed[duplicated-id]" time="0.001" /><testcase classname="tests.runner.test_journey" name="test_invalid_action_lineage_fails_closed[reordered-results]" time="0.001" /><testcase classname="tests.runner.test_journey" name="test_invalid_action_lineage_fails_closed[contradictory-action-text]" time="0.001" /><testcase classname="tests.runner.test_journey" name="test_invalid_action_lineage_fails_closed[wrong-journey]" time="0.001" /><testcase classname="tests.runner.test_journey" name="test_multi_segment_interruption_keeps_completed_prior_boundary_evidence" time="0.004" /><testcase classname="tests.runner.test_journey" name="test_backend_failure_becomes_non_accountable_journey_interruption" time="0.000" /><testcase classname="tests.runner.test_journey" name="test_backend_failure_retains_codex_artifact_references" time="0.001" /><testcase classname="tests.runner.test_journey" name="test_checkpoint_failure_keeps_completed_journey_for_diagnostics" time="0.001" /><testcase classname="tests.runner.test_journey" name="test_anr_layout_failure_retains_bounded_checkpoint_diagnostics" time="0.001" /><testcase classname="tests.runner.test_journey" name="test_system_event_failure_keeps_pre_event_checkpoint" time="0.002" /><testcase classname="tests.runner.test_journey" name="test_system_event_timeout_uses_canonical_reason_and_keeps_pre_event_evidence" time="0.002" /><testcase classname="tests.runner.test_cli" name="test_source_backed_deterministic_run_reaches_normalized_evidence" time="0.006" /><testcase classname="tests.runner.test_cli" name="test_instruction_prefix_separates_action_dispatch_from_product_outcome" time="0.000" /><testcase classname="tests.runner.test_cli" name="test_l3_skipped_without_l3_spec" time="0.001" /><testcase classname="tests.runner.test_cli" name="test_l3_skipped_when_cheaper_oracle_already_failed[fail-inconclusive]" time="0.001" /><testcase classname="tests.runner.test_cli" name="test_l3_skipped_when_cheaper_oracle_already_failed[inconclusive-fail]" time="0.001" /><testcase classname="tests.runner.test_cli" name="test_l3_runs_when_gated_open_and_returns_judge_verdict" time="0.001" /><testcase classname="tests.runner.test_cli" name="test_l3_schema_failure_twice_degrades_to_inconclusive" time="0.001" /><testcase classname="tests.runner.test_cli" name="test_l3_unparseable_json_degrades_to_inconclusive" time="0.001" /><testcase classname="tests.runner.test_cli" name="test_metric_context_separates_seed_taxonomy_from_oracle_class" time="0.000" /><testcase classname="tests.runner.test_cli" name="test_metric_context_marks_missed_injected_seed" time="0.000" /><testcase classname="tests.runner.test_cli" name="test_interrupted_journey_writes_non_accountable_run_result" time="0.003" /><testcase classname="tests.runner.test_cli" name="test_public_run_retains_failed_anr_checkpoint_diagnostics" time="0.003" /><testcase classname="tests.runner.test_cli" name="test_public_run_restores_search_card_action_from_stable_id" time="0.005" /><testcase classname="tests.runner.test_cli" name="test_public_run_keeps_dispatched_anr_trigger_accountable_for_l1" time="0.005" /><testcase classname="tests.runner.test_cli" name="test_public_run_system_event_failure_is_canonical_and_skips_all_oracles" time="0.004" /><testcase classname="tests.runner.test_cli" name="test_public_run_reproduces_historical_anr_failed_status" time="0.004" /><testcase classname="tests.runner.test_cli" name="test_completed_run_persists_and_links_live_validation_preflight" time="0.003" /><testcase classname="tests.runner.test_cli" name="test_public_run_establishes_one_execution_record_before_preflight_and_finalizes_it" time="0.004" /><testcase classname="tests.runner.test_cli" name="test_public_run_rejects_reused_attempt_directory_before_preflight" time="0.001" /><testcase classname="tests.runner.test_cli" name="test_public_run_rejects_stale_runner_setup_before_preflight_or_device_action" time="0.001" /><testcase classname="tests.runner.test_cli" name="test_missing_static_identity_fails_before_preflight_or_device_action" time="0.002" /><testcase classname="tests.runner.test_cli" name="test_identity_finalization_failure_discards_oracle_accounting" time="0.003" /><testcase classname="tests.runner.test_cli" name="test_pre_agent_identity_drift_blocks_journey_and_oracles" time="0.002" /><testcase classname="tests.runner.test_cli" name="test_public_run_rejects_preexisting_custom_artifact_directory_before_preflight" time="0.001" /><testcase classname="tests.runner.test_cli" name="test_failed_live_validation_preflight_is_non_accountable_and_blocks_launch" time="0.002" /><testcase classname="tests.runner.test_cli" name="test_live_validation_gate_output_failure_finalizes_as_non_accountable" time="0.001" /><testcase classname="tests.runner.test_cli" name="test_preflight_rejection_verdict_output_failure_preserves_ordered_errors" time="0.002" /><testcase classname="tests.runner.test_cli" name="test_preflight_timeout_finalizes_non_accountable_execution_record" time="0.002" /><testcase classname="tests.runner.test_cli" name="test_unhandled_preflight_exception_becomes_a_terminal_non_accountable_run" time="0.001" /><testcase classname="tests.runner.test_cli" name="test_runner_setup_failure_finalizes_record_before_journey_or_oracles" time="0.002" /><testcase classname="tests.runner.test_cli" name="test_runner_setup_nonzero_logcat_exit_is_non_accountable_and_blocks_journey" time="0.002" /><testcase classname="tests.runner.test_cli" name="test_runner_setup_nonzero_launch_exit_is_non_accountable_and_blocks_journey" time="0.002" /><testcase classname="tests.runner.test_cli" name="test_oracle_exception_preserves_flow_evidence_but_skips_oracle_accounting" time="0.003" /><testcase classname="tests.runner.test_cli" name="test_unexpected_journey_exception_becomes_an_interrupted_attempt" time="0.002" /><testcase classname="tests.runner.test_cli" name="test_verdict_output_failure_finalizes_record_without_oracle_accounting" time="0.003" /><testcase classname="tests.runner.test_cli" name="test_record_finalization_failure_leaves_original_nonterminal_record" time="0.003" /><testcase classname="tests.runner.test_cli" name="test_main_returns_nonzero_when_execution_record_storage_fails" time="0.001" /><testcase classname="tests.runner.test_cli" name="test_main_resolves_portable_host_override_and_defaults_workdir_to_it" time="0.001" /><testcase classname="tests.runner.test_cli" name="test_app_smoke_preflight_uses_explicit_run_spec_configuration" time="0.003" /><testcase classname="tests.runner.test_cli" name="test_main_returns_distinct_status_for_non_accountable_run" time="0.001" /><testcase classname="tests.runner.test_cli" name="test_l2_is_inconclusive_for_ambiguous_multiple_boundaries" time="0.000" /><testcase classname="tests.runner.test_cli" name="test_l2_keeps_eventless_scenarios_inconclusive" time="0.000" /><testcase classname="tests.runner.test_cli" name="test_l2_keeps_single_boundary_default_selection" time="0.001" /><testcase classname="tests.runner.test_cli" name="test_l2_uses_explicitly_selected_boundary" time="0.001" /><testcase classname="tests.runner.test_cli" name="test_l2_selection_supports_tenth_boundary_without_lexical_sorting" time="0.001" /><testcase classname="tests.bench.test_runtime_calibration" name="test_verify_candidate_accepts_bundled_v1_through_public_command" time="0.074" /><testcase classname="tests.bench.test_runtime_calibration" name="test_verify_candidate_rejects_incomplete_or_drifted_public_set[missing-candidate_missing_input]" time="0.055" /><testcase classname="tests.bench.test_runtime_calibration" name="test_verify_candidate_rejects_incomplete_or_drifted_public_set[extra-candidate_extra_input]" time="0.055" /><testcase classname="tests.bench.test_runtime_calibration" name="test_verify_candidate_rejects_incomplete_or_drifted_public_set[drift-candidate_artifact_digest_mismatch]" time="0.055" /><testcase classname="tests.bench.test_runtime_calibration" name="test_verify_candidate_rejects_duplicate_manifest_keys_with_stable_reason" time="0.054" /><testcase classname="tests.bench.test_runtime_calibration" name="test_verify_candidate_rejects_unknown_manifest_field" time="0.054" /><testcase classname="tests.bench.test_runtime_calibration" name="test_verify_candidate_rejects_rebound_schema_contract" time="0.069" /><testcase classname="tests.bench.test_runtime_calibration" name="test_verify_candidate_rejects_rebound_nested_schema_contract" time="0.067" /><testcase classname="tests.bench.test_runtime_calibration" name="test_verify_candidate_rejects_kind_path_rebinding_after_manifest_rebind" time="0.055" /><testcase classname="tests.bench.test_runtime_calibration" name="test_verify_candidate_rejects_unknown_source_pair_field_after_rebinding" time="0.058" /><testcase classname="tests.bench.test_runtime_calibration" name="test_verify_candidate_rejects_extra_matched_pair_hunk_after_rebinding" time="0.057" /><testcase classname="tests.bench.test_runtime_calibration" name="test_verify_candidate_rejects_rebound_claim_boundary_semantics" time="0.059" /><testcase classname="tests.bench.test_runtime_calibration" name="test_verify_candidate_rejects_reused_v1_contract_id_after_rebinding" time="0.056" /><testcase classname="tests.bench.test_runtime_calibration" name="test_verify_candidate_rejects_contradictory_family_state" time="0.054" /><testcase classname="tests.bench.test_runtime_calibration" name="test_verify_candidate_rejects_a_changed_family_version_after_identity_rebind" time="0.053" /><testcase classname="tests.bench.test_runtime_calibration" name="test_verify_candidate_distinguishes_canonical_digest_drift" time="0.056" /><testcase classname="tests.bench.test_runtime_calibration" name="test_verify_candidate_requires_a_fresh_output_root" time="0.048" /><testcase classname="tests.bench.test_runtime_calibration" name="test_interrupted_started_stage_is_abandoned_and_not_accepted" time="0.001" /><testcase classname="tests.bench.test_runtime_calibration" name="test_terminal_receipt_integrity_is_verified_without_accepting_tampering" time="0.074" /><testcase classname="tests.bench.test_runtime_calibration" name="test_terminal_receipt_rejects_semantically_rebound_tampering" time="0.077" /><testcase classname="tests.bench.test_runtime_calibration" name="test_terminal_receipt_rejects_kind_path_rebinding" time="0.074" /></testsuite></testsuites>