<?xml version='1.0' encoding='UTF-8' ?>
<testsuites tests="1" failures="1" errors="0" skipped="0" time="1.587" timestamp="2026-08-03T16:00:05" hostname="localhost">
  <testsuite name="org.wikipedia.m6.M6H01WiktionaryStyleTagsTest" tests="1" failures="1" errors="0" skipped="0" time="0.665" timestamp="2026-08-03T16:00:05" hostname="localhost">
    <properties>
      <property name="device" value="aiverify_api35(AVD) - 15" />
      <property name="flavor" value="dev" />
      <property name="project" value=":app" />
    </properties>
    <testcase name="stylePayloadIsNotRenderedInAnyDefinitionField" classname="org.wikipedia.m6.M6H01WiktionaryStyleTagsTest" time="0.665">
      <failure>java.lang.AssertionError: Failed to assert count of nodes.
Reason: Did not expect any node but found '3' nodes that satisfy: (Text + InputText + EditableText contains '.mw-parser-output' (ignoreCase: false) as substring)
Nodes found:
1) Node #3 at (l=0.0, t=11.0, r=1080.0, b=140.0)px
Text = '[&lt;style data-mw-deduplicate="TemplateStyles:r886049734"&gt;.mw-parser-output .defdate{font-size:smaller}&lt;/style&gt;noun]'
Actions = [ClearTextSubstitution, GetTextLayoutResult, SetTextSubstitution, ShowTextSubstitution]
Has 2 siblings
2) Node #7 at (l=0.0, t=162.0, r=1021.0, b=205.0)px
Text = '[1. .mw-parser-output .defdate{font-size:smaller}a durable fabric]'
Actions = [ClearTextSubstitution, GetTextLayoutResult, SetTextSubstitution, ShowTextSubstitution]
3) Node #10 at (l=42.0, t=216.0, r=1008.0, b=259.0)px
Text = '[.mw-parser-output .defdate{font-size:smaller}a chambray shirt]'
Actions = [ClearTextSubstitution, GetTextLayoutResult, SetTextSubstitution, ShowTextSubstitution]

at androidx.compose.ui.test.AssertionsKt.assertCountEquals(Assertions.kt:282)
at org.wikipedia.m6.M6H01WiktionaryStyleTagsTest.stylePayloadIsNotRenderedInAnyDefinitionField(M6H01WiktionaryStyleTagsTest.kt:40)
</failure>
    </testcase>
  </testsuite>
</testsuites>