<?xml version="1.0" encoding="utf-8"?><testsuites name="pytest tests"><testsuite name="pytest" errors="0" failures="0" skipped="1" tests="1198" time="74.612" timestamp="2026-08-22T07:42:24.438029-04:00" hostname="Peters-Mac-mini.local"><testcase classname="tests.agent.test_oracle_l1" name="test_l1_detects_fatal_exception" time="0.001" /><testcase classname="tests.agent.test_oracle_l1" name="test_l1_detects_anr" time="0.000" /><testcase classname="tests.agent.test_oracle_l1" name="test_l1_inconclusive_on_clean_logcat" time="0.000" /><testcase classname="tests.agent.test_oracle_l1" name="test_l1_outcome_never_pass" time="0.000" /><testcase classname="tests.agent.test_oracle_l1" name="test_l1_verdict_id_format" time="0.000" /><testcase classname="tests.agent.test_oracle_l1" name="test_l1_coroutine_exception_detected" time="0.000" /><testcase classname="tests.agent.test_oracle_l1" name="test_l1_detects_uncaught_security_exception_as_crash_stability" time="0.000" /><testcase classname="tests.agent.test_oracle_l1" name="test_l1_ignores_benign_exception_mentions_from_other_tags" time="0.000" /><testcase classname="tests.agent.test_oracle_l2" name="test_l2_pass_when_state_preserved" time="0.000" /><testcase classname="tests.agent.test_oracle_l2" name="test_l2_fail_when_state_lost" time="0.000" /><testcase classname="tests.agent.test_oracle_l2" name="test_l2_fail_when_node_gone" time="0.000" /><testcase classname="tests.agent.test_oracle_l2" name="test_l2_multi_assertion_all_pass" time="0.000" /><testcase classname="tests.agent.test_oracle_l2" name="test_l2_multi_assertion_partial_fail" time="0.000" /><testcase classname="tests.agent.test_oracle_l2" name="test_l2_empty_assertions_gives_pass" time="0.000" /><testcase classname="tests.agent.test_oracle_l2" name="test_l2_invalid_xml_gives_inconclusive" time="0.000" /><testcase classname="tests.agent.test_oracle_l2" name="test_l2_verdict_id_format" time="0.000" /><testcase classname="tests.agent.test_oracle_l3" name="test_l3_success_path" time="0.000" /><testcase classname="tests.agent.test_oracle_l3" name="test_l3_markdown_wrapped_json" time="0.000" /><testcase classname="tests.agent.test_oracle_l3" name="test_l3_markdown_no_lang_tag" time="0.000" /><testcase classname="tests.agent.test_oracle_l3" name="test_l3_retry_on_first_invalid" time="0.000" /><testcase classname="tests.agent.test_oracle_l3" name="test_l3_formal_one_attempt_does_not_retry_invalid_output" time="0.000" /><testcase classname="tests.agent.test_oracle_l3" name="test_l3_raises_after_double_failure" time="0.000" /><testcase classname="tests.agent.test_oracle_l3" name="test_l3_screenshot_refs_in_prompt" time="0.000" /><testcase classname="tests.agent.test_oracle_l3" name="test_l3_no_screenshots_handled" time="0.000" /><testcase classname="tests.agent.test_oracle_l3" name="test_l3_all_defect_classes_accepted" time="0.001" /><testcase classname="tests.agent.test_oracle_l3" name="test_l3_provider_exhausted_raises" time="0.000" /><testcase classname="tests.agent.test_planner_basic" name="test_generate_succeeds_on_first_valid_response" time="0.001" /><testcase classname="tests.agent.test_planner_basic" name="test_generate_retries_on_first_invalid_response" time="0.001" /><testcase classname="tests.agent.test_planner_basic" name="test_generate_raises_on_two_invalid_responses" time="0.000" /><testcase classname="tests.agent.test_planner_basic" name="test_generate_strips_markdown_fence" time="0.001" /><testcase classname="tests.agent.test_planner_basic" name="test_generate_strips_plain_markdown_fence" time="0.001" /><testcase classname="tests.agent.test_planner_basic" name="test_generate_rejects_missing_required_field" time="0.001" /><testcase classname="tests.agent.test_planner_basic" name="test_generate_rejects_invalid_system_event_enum" time="0.001" /><testcase classname="tests.agent.test_planner_basic" name="test_generate_with_empty_taxonomy" time="0.001" /><testcase classname="tests.bench.test_accessibility_slice" name="test_preregistered_baseline_passes_all_checkpoints" time="0.000" /><testcase classname="tests.bench.test_accessibility_slice" name="test_semantic_and_geometry_defects_are_rejected[&lt;lambda&gt;-missing_or_wrong_accessible_name0]" time="0.000" /><testcase classname="tests.bench.test_accessibility_slice" name="test_semantic_and_geometry_defects_are_rejected[&lt;lambda&gt;-missing_or_wrong_accessible_name1]" time="0.000" /><testcase classname="tests.bench.test_accessibility_slice" name="test_semantic_and_geometry_defects_are_rejected[&lt;lambda&gt;-incorrect_traversal_order]" time="0.000" /><testcase classname="tests.bench.test_accessibility_slice" name="test_semantic_and_geometry_defects_are_rejected[&lt;lambda&gt;-inaccessible_actionable_control]" time="0.000" /><testcase classname="tests.bench.test_accessibility_slice" name="test_semantic_and_geometry_defects_are_rejected[&lt;lambda&gt;-undersized_touch_target]" time="0.000" /><testcase classname="tests.bench.test_accessibility_slice" name="test_accessible_node_removed_by_candidate_is_rejected" time="0.000" /><testcase classname="tests.bench.test_accessibility_slice" name="test_duplicate_accessible_names_are_rejected" time="0.001" /><testcase classname="tests.bench.test_accessibility_slice" name="test_contrast_formula_and_violation" time="0.000" /><testcase classname="tests.bench.test_accessibility_slice" name="test_missing_extra_and_unobservable_evidence_fail_closed" time="0.000" /><testcase classname="tests.bench.test_accessibility_slice" name="test_duplicate_checkpoint_contract_is_invalid" time="0.000" /><testcase classname="tests.bench.test_accessibility_slice" name="test_uiautomator_xml_is_normalized_in_accessibility_order" time="0.000" /><testcase classname="tests.bench.test_accessibility_slice" name="test_matched_run_specs_and_frozen_candidate_patch" time="0.002" /><testcase classname="tests.bench.test_admission_contract_matrix" name="test_issue_165_missing_admission_arcs_have_one_contract_test_group" time="0.019" /><testcase classname="tests.bench.test_compatibility_matrix" name="test_all_preregistered_cells_pass" time="0.000" /><testcase classname="tests.bench.test_compatibility_matrix" name="test_forced_ltr_candidate_is_rejected" time="0.000" /><testcase classname="tests.bench.test_compatibility_matrix" name="test_missing_cell_fails_closed_and_remains_listed" time="0.000" /><testcase classname="tests.bench.test_compatibility_matrix" name="test_undeclared_cell_fails_closed" time="0.000" /><testcase classname="tests.bench.test_compatibility_matrix" name="test_off_screen_or_state_reset_is_rejected" time="0.000" /><testcase classname="tests.bench.test_compatibility_matrix" name="test_preregistered_run_specs_match_contract" time="0.004" /><testcase classname="tests.bench.test_compatibility_matrix" name="test_candidate_specs_match_actions_events_and_assertions" time="0.009" /><testcase classname="tests.bench.test_compatibility_matrix" name="test_tablet_uses_its_natural_landscape_rotation" time="0.002" /><testcase classname="tests.bench.test_compatibility_matrix" name="test_frozen_candidate_patch_targets_anchor_order_only" time="0.000" /><testcase classname="tests.bench.test_compatibility_matrix" name="test_runner_lane_replay_requires_cleanup_evidence" time="0.004" /><testcase classname="tests.bench.test_concurrency_slice" name="test_baseline_ordering_and_lifecycle_schedules_are_supported" time="0.000" /><testcase classname="tests.bench.test_concurrency_slice" name="test_stale_and_post_destroy_candidates_are_rejected" time="0.000" /><testcase classname="tests.bench.test_concurrency_slice" name="test_identity_runtime_and_cleanup_fail_closed" time="0.000" /><testcase classname="tests.bench.test_concurrency_slice" name="test_missing_duplicate_unknown_and_wrong_order_are_non_accountable" time="0.000" /><testcase classname="tests.bench.test_concurrency_slice" name="test_wrong_terminal_state_and_unfinished_execution_are_non_accountable" time="0.000" /><testcase classname="tests.bench.test_concurrency_slice" name="test_run_specs_are_matched_and_candidate_patches_are_narrow" time="0.002" /><testcase classname="tests.bench.test_concurrency_slice" name="test_lane_aggregate_requires_both_schedules_and_does_not_mask" time="0.000" /><testcase classname="tests.bench.test_concurrency_slice" name="test_missing_raw_receipts_fail_cli_validation" time="0.000" /><testcase classname="tests.bench.test_coverage_audit_contract" name="test_p0_p1_branch_actions_cover_every_missing_coverage_arc" time="0.011" /><testcase classname="tests.bench.test_coverage_audit_contract" name="test_verification_totals_are_derived_from_coverage_artifact" time="0.011" /><testcase classname="tests.bench.test_current_claim_matrix" name="test_claim_matrix_maps_execution_benchmark_and_capability_evidence" time="0.000" /><testcase classname="tests.bench.test_current_claim_matrix" name="test_claim_matrix_uses_explicit_statuses_and_claim_boundaries" time="0.000" /><testcase classname="tests.bench.test_current_claim_matrix" name="test_living_docs_preserve_m3_and_m4_audit_facts" time="0.000" /><testcase classname="tests.bench.test_current_claim_matrix" name="test_living_docs_point_to_m6_closeout_and_m7_boundary" time="0.000" /><testcase classname="tests.bench.test_current_claim_matrix" name="test_living_docs_do_not_present_m6_as_the_current_milestone" time="0.000" /><testcase classname="tests.bench.test_current_claim_matrix" name="test_current_source_of_truth_records_issue_158_as_completed" time="0.000" /><testcase classname="tests.bench.test_current_claim_matrix" name="test_all_relative_links_in_living_docs_resolve" time="0.002" /><testcase classname="tests.bench.test_execution_record_terminal_accounting_matrix" name="test_execution_record_missing_branches_have_one_collected_contract_case" time="0.109" /><testcase classname="tests.bench.test_goldset_config_change_01_defect" name="test_run_spec_parses_with_dark_mode_event" time="0.001" /><testcase classname="tests.bench.test_goldset_config_change_01_defect" name="test_defect_build_l2_fails_with_state_loss" time="0.001" /><testcase classname="tests.bench.test_goldset_config_change_01_defect" name="test_baseline_control_l2_passes_under_same_event" time="0.001" /><testcase classname="tests.bench.test_goldset_config_change_01_defect" name="test_fixtures_encode_the_matched_pair" time="0.000" /><testcase classname="tests.bench.test_goldset_config_change_02_query_duplication" name="test_run_spec_parses_with_dark_mode_boundary_and_patch" time="0.001" /><testcase classname="tests.bench.test_goldset_config_change_02_query_duplication" name="test_defect_build_l2_fails_when_query_is_duplicated" time="0.001" /><testcase classname="tests.bench.test_goldset_config_change_02_query_duplication" name="test_baseline_control_l2_passes_with_single_query_after_same_event" time="0.001" /><testcase classname="tests.bench.test_goldset_config_change_02_query_duplication" name="test_fixtures_encode_duplication_not_loss" time="0.000" /><testcase classname="tests.bench.test_goldset_config_change_smoke" name="test_run_spec_parses_with_boundary_rotate_event" time="0.001" /><testcase classname="tests.bench.test_goldset_config_change_smoke" name="test_baseline_smoke_l2_passes_on_captured_evidence" time="0.001" /><testcase classname="tests.bench.test_goldset_config_change_smoke" name="test_captured_evidence_actually_holds_the_sentinel" time="0.000" /><testcase classname="tests.bench.test_goldset_coroutine_03_anr" name="test_run_spec_parses_as_event_less_scenario" time="0.001" /><testcase classname="tests.bench.test_goldset_coroutine_03_anr" name="test_l1_flags_the_anr" time="0.000" /><testcase classname="tests.bench.test_goldset_coroutine_03_anr" name="test_anr_fixture_is_the_injected_block" time="0.000" /><testcase classname="tests.bench.test_goldset_lifecycle_04_crash" name="test_run_spec_parses_with_dark_mode_and_crash_patch" time="0.001" /><testcase classname="tests.bench.test_goldset_lifecycle_04_crash" name="test_l1_flags_the_recreation_crash" time="0.000" /><testcase classname="tests.bench.test_goldset_lifecycle_04_crash" name="test_baseline_clean_logcat_is_inconclusive" time="0.000" /><testcase classname="tests.bench.test_goldset_lifecycle_04_crash" name="test_crash_fixture_actually_contains_the_injected_crash" time="0.000" /><testcase classname="tests.bench.test_goldset_navigation_01_crash" name="test_run_spec_parses_event_less_navigation_seed" time="0.001" /><testcase classname="tests.bench.test_goldset_navigation_01_crash" name="test_l1_flags_the_double_open_crash" time="0.000" /><testcase classname="tests.bench.test_goldset_navigation_01_crash" name="test_crash_fixture_is_fragment_already_added" time="0.000" /><testcase classname="tests.bench.test_goldset_navigation_02_back_button_swallowed" name="test_run_spec_parses_with_back_path_dark_mode_boundary_and_patch" time="0.001" /><testcase classname="tests.bench.test_goldset_navigation_02_back_button_swallowed" name="test_defect_build_l2_fails_when_back_is_swallowed" time="0.001" /><testcase classname="tests.bench.test_goldset_navigation_02_back_button_swallowed" name="test_baseline_control_l2_passes_when_search_card_returns" time="0.001" /><testcase classname="tests.bench.test_goldset_navigation_02_back_button_swallowed" name="test_fixtures_encode_navigation_back_swallow_not_crash" time="0.000" /><testcase classname="tests.bench.test_goldset_process_death_02_state_loss" name="test_run_spec_parses_with_process_death_event" time="0.001" /><testcase classname="tests.bench.test_goldset_process_death_02_state_loss" name="test_defect_build_l2_fails_with_state_loss" time="0.012" /><testcase classname="tests.bench.test_goldset_process_death_02_state_loss" name="test_baseline_control_l2_passes_under_same_event" time="0.004" /><testcase classname="tests.bench.test_goldset_process_death_02_state_loss" name="test_fixtures_encode_the_matched_pair" time="0.001" /><testcase classname="tests.bench.test_goldset_process_death_03_oversized_saved_state" name="test_run_spec_parses_with_background_boundary_patch_and_metric_context" time="0.001" /><testcase classname="tests.bench.test_goldset_process_death_03_oversized_saved_state" name="test_l1_flags_transaction_too_large_crash_fixture" time="0.000" /><testcase classname="tests.bench.test_goldset_process_death_03_oversized_saved_state" name="test_baseline_clean_logcat_is_l1_inconclusive" time="0.000" /><testcase classname="tests.bench.test_goldset_process_death_03_oversized_saved_state" name="test_patch_injects_oversized_saved_state_into_search_activity_only" time="0.001" /><testcase classname="tests.bench.test_goldset_ui_rendering_01_nav_label_swap" name="test_run_spec_is_an_l3_seed" time="0.001" /><testcase classname="tests.bench.test_goldset_ui_rendering_01_nav_label_swap" name="test_defect_build_l3_fails_with_ui_rendering" time="0.001" /><testcase classname="tests.bench.test_goldset_ui_rendering_01_nav_label_swap" name="test_baseline_control_l3_passes_under_same_spec" time="0.001" /><testcase classname="tests.bench.test_goldset_ui_rendering_01_nav_label_swap" name="test_fixtures_encode_the_matched_pair" time="0.000" /><testcase classname="tests.bench.test_goldset_ui_rendering_02_search_card_copy_mismatch" name="test_run_spec_is_eventless_l3_search_card_seed" time="0.001" /><testcase classname="tests.bench.test_goldset_ui_rendering_02_search_card_copy_mismatch" name="test_defect_build_l3_fails_with_ui_rendering" time="0.001" /><testcase classname="tests.bench.test_goldset_ui_rendering_02_search_card_copy_mismatch" name="test_baseline_control_l3_passes_under_same_spec" time="0.001" /><testcase classname="tests.bench.test_goldset_ui_rendering_02_search_card_copy_mismatch" name="test_fixtures_encode_search_card_copy_mismatch_not_missing_node" time="0.000" /><testcase classname="tests.bench.test_l3_repeatability" name="test_confidence_stats_handles_empty_and_orders_values" time="0.000" /><testcase classname="tests.bench.test_l3_repeatability" name="test_summarize_repeatability_counts_outcomes_classes_confidence_and_errors" time="0.000" /><testcase classname="tests.bench.test_l3_repeatability" name="test_run_repeatability_uses_fixed_layout_evidence_and_records_artifact_dirs" time="0.001" /><testcase classname="tests.bench.test_l3_repeatability" name="test_default_cases_derive_journey_result_path_from_scenario_id" time="0.000" /><testcase classname="tests.bench.test_l3_repeatability" name="test_write_markdown_report_renders_summary_table" time="0.000" /><testcase classname="tests.bench.test_lifecycle_recovery" name="test_oracle_supports_exact_restoration_after_all_lifecycle_boundaries" time="0.000" /><testcase classname="tests.bench.test_lifecycle_recovery" name="test_oracle_rejects_a_crash_even_when_restored_ui_looks_correct" time="0.000" /><testcase classname="tests.bench.test_lifecycle_recovery" name="test_oracle_rejects_state_loss_at_rotation_boundary" time="0.000" /><testcase classname="tests.bench.test_lifecycle_recovery" name="test_oracle_rejects_silent_reset_after_successful_restore_transport" time="0.000" /><testcase classname="tests.bench.test_lifecycle_recovery" name="test_oracle_rejects_restored_but_unmigrated_stale_state" time="0.000" /><testcase classname="tests.bench.test_lifecycle_recovery" name="test_oracle_fails_closed_when_process_identity_did_not_change" time="0.000" /><testcase classname="tests.bench.test_lifecycle_recovery" name="test_oracle_fails_closed_when_restore_layout_is_invalid" time="0.000" /><testcase classname="tests.bench.test_lifecycle_recovery" name="test_oracle_fails_closed_without_clear_and_cleanup_receipts" time="0.000" /><testcase classname="tests.bench.test_lifecycle_recovery" name="test_oracle_fails_closed_without_background_and_foreground_phase_receipts" time="0.000" /><testcase classname="tests.bench.test_lifecycle_recovery" name="test_oracle_fails_closed_on_malformed_process_pid_receipt" time="0.000" /><testcase classname="tests.bench.test_lifecycle_recovery" name="test_baseline_and_candidate_run_specs_share_one_lifecycle_journey" time="0.003" /><testcase classname="tests.bench.test_lifecycle_recovery" name="test_committed_contract_loads_stable_fixture_literals" time="0.000" /><testcase classname="tests.bench.test_lifecycle_recovery" name="test_run_oracle_fails_closed_when_authoritative_record_is_missing" time="0.000" /><testcase classname="tests.bench.test_lifecycle_recovery" name="test_run_oracle_fails_closed_when_provenance_binding_is_missing" time="0.001" /><testcase classname="tests.bench.test_live_validation_gate" name="test_live_validation_gate_passes_when_all_checks_are_healthy" time="0.000" /><testcase classname="tests.bench.test_live_validation_gate" name="test_live_validation_gate_fails_when_device_is_missing" time="0.000" /><testcase classname="tests.bench.test_live_validation_gate" name="test_live_validation_gate_records_command_timeout" time="0.000" /><testcase classname="tests.bench.test_live_validation_gate" name="test_live_validation_gate_fails_on_invalid_android_layout" time="0.000" /><testcase classname="tests.bench.test_live_validation_gate" name="test_live_validation_gate_validates_layout_before_snippet_truncation" time="0.000" /><testcase classname="tests.bench.test_live_validation_gate" name="test_live_validation_gate_fails_on_uiautomator_dump_failure" time="0.000" /><testcase classname="tests.bench.test_live_validation_gate" name="test_live_validation_gate_app_smoke_passes_on_target_surface" time="0.000" /><testcase classname="tests.bench.test_live_validation_gate" name="test_live_validation_gate_skips_app_smoke_when_generic_gate_fails" time="0.000" /><testcase classname="tests.bench.test_live_validation_gate" name="test_live_validation_gate_app_smoke_fails_when_target_surface_is_missing" time="0.000" /><testcase classname="tests.bench.test_live_validation_gate" name="test_live_validation_gate_requires_complete_app_smoke_arguments" time="0.000" /><testcase classname="tests.bench.test_live_validation_gate" name="test_live_validation_gate_cli_writes_json_and_returns_failure" time="0.001" /><testcase classname="tests.bench.test_m2_beta_benchmark_slice_report" name="test_m2_beta_report_links_child_issues_and_artifacts" time="0.000" /><testcase classname="tests.bench.test_m2_beta_benchmark_slice_report" name="test_m2_beta_report_summarizes_accounting_counts" time="0.000" /><testcase classname="tests.bench.test_m2_beta_benchmark_slice_report" name="test_m2_beta_report_preserves_oversized_saved_state_boundary" time="0.000" /><testcase classname="tests.bench.test_m2_beta_benchmark_slice_report" name="test_m2_beta_report_states_supported_and_out_of_scope_claims" time="0.000" /><testcase classname="tests.bench.test_m2_beta_benchmark_slice_report" name="test_readme_points_to_m2_beta_report" time="0.000" /><testcase classname="tests.bench.test_m2_beta_inclusion_rules" name="test_m2_beta_inclusion_rules_define_counting_states" time="0.000" /><testcase classname="tests.bench.test_m2_beta_inclusion_rules" name="test_m2_beta_inclusion_rules_require_matched_pair_for_counts" time="0.000" /><testcase classname="tests.bench.test_m2_beta_inclusion_rules" name="test_m2_beta_inclusion_rules_keep_repeatability_separate" time="0.000" /><testcase classname="tests.bench.test_m2_beta_inclusion_rules" name="test_m2_beta_inclusion_rules_include_resolved_oversized_saved_state_seed" time="0.000" /><testcase classname="tests.bench.test_m2_beta_metric_context" name="test_m2_beta_run_specs_carry_metric_context[wikipedia-config-change-01-defect.yaml-expected0]" time="0.001" /><testcase classname="tests.bench.test_m2_beta_metric_context" name="test_m2_beta_run_specs_carry_metric_context[wikipedia-config-change-02-query-duplication.yaml-expected1]" time="0.001" /><testcase classname="tests.bench.test_m2_beta_metric_context" name="test_m2_beta_run_specs_carry_metric_context[wikipedia-coroutine-concurrency-03-main-thread-anr.yaml-expected2]" time="0.001" /><testcase classname="tests.bench.test_m2_beta_metric_context" name="test_m2_beta_run_specs_carry_metric_context[wikipedia-lifecycle-04-recreation-crash.yaml-expected3]" time="0.001" /><testcase classname="tests.bench.test_m2_beta_metric_context" name="test_m2_beta_run_specs_carry_metric_context[wikipedia-navigation-01-double-open-crash.yaml-expected4]" time="0.001" /><testcase classname="tests.bench.test_m2_beta_metric_context" name="test_m2_beta_run_specs_carry_metric_context[wikipedia-navigation-02-back-button-swallowed.yaml-expected5]" time="0.001" /><testcase classname="tests.bench.test_m2_beta_metric_context" name="test_m2_beta_run_specs_carry_metric_context[wikipedia-process-death-02-tab-state-loss.yaml-expected6]" time="0.001" /><testcase classname="tests.bench.test_m2_beta_metric_context" name="test_m2_beta_run_specs_carry_metric_context[wikipedia-process-death-03-oversized-saved-state.yaml-expected7]" time="0.001" /><testcase classname="tests.bench.test_m2_beta_metric_context" name="test_m2_beta_run_specs_carry_metric_context[wikipedia-ui-rendering-01-nav-label-swap.yaml-expected8]" time="0.001" /><testcase classname="tests.bench.test_m2_beta_metric_context" name="test_m2_beta_run_specs_carry_metric_context[wikipedia-ui-rendering-02-search-card-copy-mismatch.yaml-expected9]" time="0.001" /><testcase classname="tests.bench.test_m2_beta_metric_context" name="test_m2_beta_metric_schema_lists_backfilled_specs" time="0.000" /><testcase classname="tests.bench.test_m2_beta_metric_context" name="test_metric_metadata_does_not_override_inclusion_rules" time="0.000" /><testcase classname="tests.bench.test_m2_beta_oversized_saved_state_quarantine" name="test_oversized_saved_state_quarantine_records_accounting_status" time="0.000" /><testcase classname="tests.bench.test_m2_beta_oversized_saved_state_quarantine" name="test_oversized_saved_state_quarantine_links_blocking_evidence" time="0.000" /><testcase classname="tests.bench.test_m2_beta_oversized_saved_state_quarantine" name="test_oversized_saved_state_quarantine_links_live_gate_evidence" time="0.000" /><testcase classname="tests.bench.test_m2_beta_oversized_saved_state_quarantine" name="test_oversized_saved_state_quarantine_records_successful_inclusion_path" time="0.000" /><testcase classname="tests.bench.test_m2_beta_oversized_saved_state_quarantine" name="test_inclusion_rules_link_the_quarantine_note" time="0.000" /><testcase classname="tests.bench.test_m2_beta_summary" name="test_m2_beta_summary_counts_seed_accounting" time="0.012" /><testcase classname="tests.bench.test_m2_beta_summary" name="test_m2_beta_summary_derives_outcomes_from_committed_verdicts" time="0.002" /><testcase classname="tests.bench.test_m2_beta_summary" name="test_m2_beta_summary_rejects_manual_outcome_fields" time="0.001" /><testcase classname="tests.bench.test_m2_beta_summary" name="test_m2_beta_summary_rejects_nested_evidence_outcome_fields" time="0.002" /><testcase classname="tests.bench.test_m2_beta_summary" name="test_m2_beta_summary_fails_closed_on_missing_evidence" time="0.002" /><testcase classname="tests.bench.test_m2_beta_summary" name="test_m2_beta_summary_fails_closed_on_non_accountable_lane" time="0.002" /><testcase classname="tests.bench.test_m2_beta_summary" name="test_m2_beta_summary_fails_closed_on_metric_context_mismatch" time="0.002" /><testcase classname="tests.bench.test_m2_beta_summary" name="test_m2_beta_summary_fails_closed_on_expected_class_contradiction" time="0.002" /><testcase classname="tests.bench.test_m2_beta_summary" name="test_m2_beta_summary_derives_repeatability_from_committed_summary" time="0.002" /><testcase classname="tests.bench.test_m2_beta_summary" name="test_m2_beta_summary_separates_oracle_and_taxonomy_counts" time="0.012" /><testcase classname="tests.bench.test_m2_beta_summary" name="test_m2_beta_summary_includes_resolved_oversized_saved_state" time="0.012" /><testcase classname="tests.bench.test_m2_beta_summary" name="test_m2_beta_summary_reports_repeatability_separately" time="0.012" /><testcase classname="tests.bench.test_m2_beta_summary" name="test_m2_beta_summary_doc_matches_renderer" time="0.012" /><testcase classname="tests.bench.test_m2_l3_text_layout_summary" name="test_m2_l3_text_layout_summary_matches_repeatability_json" time="0.000" /><testcase classname="tests.bench.test_m2_l3_text_layout_summary" name="test_m2_l3_text_layout_summary_preserves_boundaries" time="0.000" /><testcase classname="tests.bench.test_m2_scoped_milestone_note" name="test_m2_scoped_milestone_note_links_source_evidence" time="0.000" /><testcase classname="tests.bench.test_m2_scoped_milestone_note" name="test_m2_scoped_milestone_note_preserves_scope_boundaries" time="0.000" /><testcase classname="tests.bench.test_m3_rebaseline_audit" name="test_v2_final_audit_derives_complete_pass_without_combining_baselines" time="0.637" /><testcase classname="tests.bench.test_m3_rebaseline_audit" name="test_v2_final_audit_retains_every_attempt_and_mixed_package_identity" time="0.624" /><testcase classname="tests.bench.test_m3_rebaseline_audit" name="test_committed_v2_audit_documents_are_generated_from_one_model" time="0.628" /><testcase classname="tests.bench.test_m3_rebaseline_audit" name="test_v2_report_keeps_each_failed_criterion_independently_visible[eventual_accountability-eventual accountability-| Eventual accountable | 27 / 30 | 28 / 30 |]" time="0.628" /><testcase classname="tests.bench.test_m3_rebaseline_audit" name="test_v2_report_keeps_each_failed_criterion_independently_visible[zero_accountable_baseline_false_positives-accountable baseline false positives-| Accountable baseline false positives | 0 | 1 |]" time="0.625" /><testcase classname="tests.bench.test_m3_rebaseline_audit" name="test_v2_report_keeps_each_failed_criterion_independently_visible[accountable_defect_consistency-accountable defect consistency-| Accountable defects caught | 12 / 12 | 14 / 15 |]" time="0.625" /><testcase classname="tests.bench.test_m3_rebaseline_audit" name="test_v2_final_audit_fails_closed_on_historical_record_checksum_error" time="0.388" /><testcase classname="tests.bench.test_m3_rebaseline_audit" name="test_v2_final_audit_fails_closed_on_package_device_identity_mismatch" time="0.349" /><testcase classname="tests.bench.test_m3_rebaseline_audit" name="test_v2_final_audit_fails_closed_on_model_override_contradiction" time="0.369" /><testcase classname="tests.bench.test_m3_reliability" name="test_manifest_defines_six_lanes_per_m3_seed" time="0.005" /><testcase classname="tests.bench.test_m3_reliability" name="test_rebaseline_manifest_plans_thirty_fresh_isolated_lanes" time="0.150" /><testcase classname="tests.bench.test_m3_reliability" name="test_rebaseline_progress_keeps_old_and_new_denominators_isolated" time="0.226" /><testcase classname="tests.bench.test_m3_reliability" name="test_committed_v2_anr_progress_is_derived_from_auditable_attempts" time="0.161" /><testcase classname="tests.bench.test_m3_reliability" name="test_committed_v2_oversized_state_progress_has_matched_auditable_attempts" time="0.186" /><testcase classname="tests.bench.test_m3_reliability" name="test_committed_v2_query_progress_has_matched_auditable_attempts" time="0.172" /><testcase classname="tests.bench.test_m3_reliability" name="test_committed_v2_swallowed_back_progress_has_matched_auditable_attempts" time="0.173" /><testcase classname="tests.bench.test_m3_reliability" name="test_committed_v2_search_card_progress_has_fresh_auditable_l3_attempts" time="0.317" /><testcase classname="tests.bench.test_m3_reliability" name="test_rebaseline_manifest_rejects_version_or_metadata_drift[id: v2-fixture-baseline-1-id: fixture-baseline-1-stale lane identities]" time="0.001" /><testcase classname="tests.bench.test_m3_reliability" name="test_rebaseline_manifest_rejects_version_or_metadata_drift[evidence_dir: evidence/v2-fixture-baseline-1-evidence_dir: evidence/fixture-baseline-1-stale evidence directories]" time="0.001" /><testcase classname="tests.bench.test_m3_reliability" name="test_rebaseline_manifest_rejects_version_or_metadata_drift[expected_oracle_defect_class: crash_stability-expected_oracle_defect_class: state_loss-matched metadata changed]" time="0.002" /><testcase classname="tests.bench.test_m3_reliability" name="test_rebaseline_manifest_rejects_nested_historical_evidence_namespace" time="0.001" /><testcase classname="tests.bench.test_m3_reliability" name="test_manifest_rejects_duplicate_evidence_directories" time="0.001" /><testcase classname="tests.bench.test_m3_reliability" name="test_run_lane_invokes_public_runner_and_preserves_attempt" time="0.002" /><testcase classname="tests.bench.test_m3_reliability" name="test_schema_v3_run_rejects_downgraded_execution_record" time="0.003" /><testcase classname="tests.bench.test_m3_reliability" name="test_schema_v3_manifest_requires_execution_preregistration" time="0.001" /><testcase classname="tests.bench.test_m3_reliability" name="test_summary_treats_in_progress_record_as_authoritative_abandonment" time="0.002" /><testcase classname="tests.bench.test_m3_reliability" name="test_summary_rejects_abandoned_record_with_successful_outer_exit" time="0.002" /><testcase classname="tests.bench.test_m3_reliability" name="test_summary_accounts_for_output_failure_record_without_verdict" time="0.002" /><testcase classname="tests.bench.test_m3_reliability" name="test_summary_fails_closed_when_terminal_record_contradicts_verdict_timing" time="0.002" /><testcase classname="tests.bench.test_m3_reliability" name="test_run_lane_refuses_to_retry_accountable_outcome" time="0.002" /><testcase classname="tests.bench.test_m3_reliability" name="test_run_lane_refuses_retry_when_previous_attempt_checksum_is_invalid" time="0.002" /><testcase classname="tests.bench.test_m3_reliability" name="test_summary_derives_passed_control_from_runner_evidence" time="0.002" /><testcase classname="tests.bench.test_m3_reliability" name="test_attempt_ledger_records_and_reconciles_preserved_invocation" time="0.002" /><testcase classname="tests.bench.test_m3_reliability" name="test_attempt_ledger_fails_closed_when_filesystem_attempt_is_unrecorded" time="0.001" /><testcase classname="tests.bench.test_m3_reliability" name="test_attempt_ledger_preserves_wrapper_failure_and_blocks_aggregation" time="0.001" /><testcase classname="tests.bench.test_m3_reliability" name="test_summary_derives_l3_judge_time_from_runner_evidence" time="0.003" /><testcase classname="tests.bench.test_m3_reliability" name="test_summary_preserves_non_accountable_first_attempt_before_retry" time="0.003" /><testcase classname="tests.bench.test_m3_reliability" name="test_run_lane_retry_preserves_a_distinct_execution_attempt_id" time="0.003" /><testcase classname="tests.bench.test_m3_reliability" name="test_aggregate_fails_closed_on_duplicate_schema_v2_attempt_id_in_retry[build_summary]" time="0.004" /><testcase classname="tests.bench.test_m3_reliability" name="test_aggregate_fails_closed_on_duplicate_schema_v2_attempt_id_in_retry[build_progress]" time="0.003" /><testcase classname="tests.bench.test_m3_reliability" name="test_aggregate_fails_closed_on_duplicate_schema_v2_attempt_id_across_lanes[build_summary]" time="0.004" /><testcase classname="tests.bench.test_m3_reliability" name="test_aggregate_fails_closed_on_duplicate_schema_v2_attempt_id_across_lanes[build_progress]" time="0.004" /><testcase classname="tests.bench.test_m3_reliability" name="test_plan_reports_duplicate_schema_v2_attempt_lineage_as_invalid_evidence" time="0.004" /><testcase classname="tests.bench.test_m3_reliability" name="test_summary_derives_expected_defect_catch" time="0.002" /><testcase classname="tests.bench.test_m3_reliability" name="test_summary_classifies_non_accountable_failures[live_validation_preflight_failed-preflight_environment]" time="0.002" /><testcase classname="tests.bench.test_m3_reliability" name="test_summary_classifies_non_accountable_failures[journey_backend_error-verification_agent_journey]" time="0.002" /><testcase classname="tests.bench.test_m3_reliability" name="test_summary_classifies_non_accountable_failures[system_event_error-system_event]" time="0.002" /><testcase classname="tests.bench.test_m3_reliability" name="test_summary_classifies_non_accountable_failures[checkpoint_capture_error-evidence_capture]" time="0.002" /><testcase classname="tests.bench.test_m3_reliability" name="test_summary_classifies_non_accountable_failures[oracle_execution_error-oracle_execution]" time="0.002" /><testcase classname="tests.bench.test_m3_reliability" name="test_summary_classifies_non_accountable_failures[execution_identity_error-execution_identity]" time="0.002" /><testcase classname="tests.bench.test_m3_reliability" name="test_summary_fails_closed_when_lane_evidence_is_missing" time="0.001" /><testcase classname="tests.bench.test_m3_reliability" name="test_summary_fails_closed_on_invalid_attempt_lineage" time="0.002" /><testcase classname="tests.bench.test_m3_reliability" name="test_aggregate_fails_closed_on_quarantined_attempt_evidence[build_summary]" time="0.002" /><testcase classname="tests.bench.test_m3_reliability" name="test_aggregate_fails_closed_on_quarantined_attempt_evidence[build_progress]" time="0.002" /><testcase classname="tests.bench.test_m3_reliability" name="test_summary_fails_closed_when_attempt_checksum_is_invalid" time="0.002" /><testcase classname="tests.bench.test_m3_reliability" name="test_summary_fails_closed_on_runner_exit_contradiction" time="0.002" /><testcase classname="tests.bench.test_m3_reliability" name="test_summary_fails_closed_on_leaked_l3_expected_behavior" time="0.003" /><testcase classname="tests.bench.test_m3_reliability" name="test_summary_fails_closed_on_mismatched_l3_call_lineage" time="0.004" /><testcase classname="tests.bench.test_m3_reliability" name="test_summary_fails_closed_when_l3_judge_output_contradicts_verdict" time="0.004" /><testcase classname="tests.bench.test_m3_reliability" name="test_summary_fails_closed_on_accountability_metadata_contradiction[&lt;lambda&gt;-accountability metadata contradicts]" time="0.002" /><testcase classname="tests.bench.test_m3_reliability" name="test_summary_fails_closed_on_accountability_metadata_contradiction[&lt;lambda&gt;-metric_context seed_id mismatch]" time="0.002" /><testcase classname="tests.bench.test_m3_reliability" name="test_summary_fails_closed_on_accountability_metadata_contradiction[&lt;lambda&gt;-accountable verdict cannot use seed_outcome=not_accountable]" time="0.002" /><testcase classname="tests.bench.test_m3_reliability" name="test_summary_fails_closed_when_non_accountable_verdict_accounts_oracle" time="0.002" /><testcase classname="tests.bench.test_m3_reliability" name="test_summary_fails_closed_on_invalid_timing[None]" time="0.002" /><testcase classname="tests.bench.test_m3_reliability" name="test_summary_fails_closed_on_invalid_timing[12.5]" time="0.002" /><testcase classname="tests.bench.test_m3_reliability" name="test_summary_fails_closed_on_invalid_timing[-1]" time="0.002" /><testcase classname="tests.bench.test_m3_reliability" name="test_summary_fails_closed_on_invalid_timing[inf]" time="0.002" /><testcase classname="tests.bench.test_m3_reliability" name="test_summary_fails_closed_on_invalid_l3_judge_timing[None]" time="0.004" /><testcase classname="tests.bench.test_m3_reliability" name="test_summary_fails_closed_on_invalid_l3_judge_timing[2.5]" time="0.004" /><testcase classname="tests.bench.test_m3_reliability" name="test_summary_fails_closed_on_invalid_l3_judge_timing[-1]" time="0.003" /><testcase classname="tests.bench.test_m3_reliability" name="test_summary_fails_closed_on_invalid_l3_judge_timing[inf]" time="0.003" /><testcase classname="tests.bench.test_m3_reliability" name="test_summary_fails_closed_on_duplicate_l3_judge_timing" time="0.003" /><testcase classname="tests.bench.test_m3_reliability" name="test_summary_fails_closed_when_non_accountable_attempt_has_judge_timing" time="0.002" /><testcase classname="tests.bench.test_m3_reliability" name="test_summary_fails_closed_on_unknown_failure_reason" time="0.002" /><testcase classname="tests.bench.test_m3_reliability" name="test_summary_renders_structured_and_markdown_outputs" time="0.002" /><testcase classname="tests.bench.test_m3_reliability" name="test_plan_reports_pending_retryable_and_complete_lanes" time="0.004" /><testcase classname="tests.bench.test_m3_reliability" name="test_cli_plan_prints_machine_readable_schedule" time="0.001" /><testcase classname="tests.bench.test_m3_reliability" name="test_cli_plan_writes_durable_machine_readable_schedule" time="0.001" /><testcase classname="tests.bench.test_m3_reliability" name="test_cli_plan_rejects_stale_evidence_in_rebaseline_namespace" time="0.002" /><testcase classname="tests.bench.test_m3_reliability" name="test_cli_progress_writes_partial_rebaseline_aggregate" time="0.297" /><testcase classname="tests.bench.test_m3_reliability" name="test_partial_progress_keeps_outcomes_and_execution_failures_separate" time="0.010" /><testcase classname="tests.bench.test_m3_reliability" name="test_committed_summary_is_derived_from_committed_attempt_evidence" time="0.088" /><testcase classname="tests.bench.test_m3_reliability" name="test_final_audit_derives_thresholds_oracle_breakdown_and_lane_results" time="0.242" /><testcase classname="tests.bench.test_m3_reliability" name="test_committed_final_audit_documents_are_generated_from_one_model" time="0.241" /><testcase classname="tests.bench.test_m3_reliability" name="test_final_audit_fails_closed_on_environment_device_mismatch" time="0.242" /><testcase classname="tests.bench.test_m3_reliability" name="test_final_audit_fails_closed_on_root_evidence_checksum_error" time="0.083" /><testcase classname="tests.bench.test_m3_reliability" name="test_final_report_renders_passed_decision_from_model" time="0.243" /><testcase classname="tests.bench.test_m3_reliability" name="test_final_audit_fails_closed_on_gate_verdict_contradiction[failed-None-failed gate cannot have accountable verdict]" time="0.003" /><testcase classname="tests.bench.test_m3_reliability" name="test_final_audit_fails_closed_on_gate_verdict_contradiction[passed-live_validation_preflight_failed-preflight reason mismatch]" time="0.003" /><testcase classname="tests.bench.test_m3_reliability" name="test_final_audit_keeps_accountable_defect_mismatch_visible[oracle_verdicts0-0-missed]" time="0.003" /><testcase classname="tests.bench.test_m3_reliability" name="test_final_audit_keeps_accountable_defect_mismatch_visible[oracle_verdicts1-1-wrong_oracle]" time="0.003" /><testcase classname="tests.bench.test_m3_reliability" name="test_final_audit_keeps_accountable_defect_mismatch_visible[oracle_verdicts2-1-wrong_defect_class]" time="0.003" /><testcase classname="tests.bench.test_m3_reliability" name="test_committed_oversized_state_defects_contain_expected_l1_signal" time="0.005" /><testcase classname="tests.bench.test_m3_reliability" name="test_committed_query_duplication_lanes_match_the_l2_contract" time="0.006" /><testcase classname="tests.bench.test_m3_reliability" name="test_committed_swallowed_back_lanes_match_the_l2_contract" time="0.007" /><testcase classname="tests.bench.test_m3_reliability" name="test_committed_search_card_lanes_match_the_live_l3_contract" time="0.007" /><testcase classname="tests.bench.test_m3_v3_audit" name="test_v3_gate_rejects_the_v2_29_of_30_accountability_threshold" time="0.000" /><testcase classname="tests.bench.test_m3_v3_audit" name="test_v3_gate_requires_all_15_controls_and_all_15_defects" time="0.000" /><testcase classname="tests.bench.test_m3_v3_audit" name="test_v3_provenance_gate_counts_attempts_including_retries" time="0.000" /><testcase classname="tests.bench.test_m3_v3_audit" name="test_v3_lane_role_is_bound_to_the_deployed_apk_hash" time="0.000" /><testcase classname="tests.bench.test_m3_v3_audit" name="test_portable_v3_population_can_compare_a_prior_v3_population" time="0.202" /><testcase classname="tests.bench.test_m3_v3_audit" name="test_v3_attempt_provenance_is_bound_to_frozen_execution_identity" time="0.001" /><testcase classname="tests.bench.test_m3_v3_audit" name="test_committed_failed_v3_audit_is_derived_from_all_30_fresh_lanes" time="1.225" /><testcase classname="tests.bench.test_m6_case_package" name="test_schema_is_self_validating" time="0.014" /><testcase classname="tests.bench.test_m6_case_package" name="test_complete_package_validates_without_reinterpreting_oracle" time="0.064" /><testcase classname="tests.bench.test_m6_case_package" name="test_required_identity_omissions_fail[path0-final_diff]" time="0.029" /><testcase classname="tests.bench.test_m6_case_package" name="test_required_identity_omissions_fail[path1-run_spec]" time="0.028" /><testcase classname="tests.bench.test_m6_case_package" name="test_required_identity_omissions_fail[path2-backend]" time="0.028" /><testcase classname="tests.bench.test_m6_case_package" name="test_required_identity_omissions_fail[path3-deployment]" time="0.028" /><testcase classname="tests.bench.test_m6_case_package" name="test_required_identity_omissions_fail[path4-device]" time="0.028" /><testcase classname="tests.bench.test_m6_case_package" name="test_required_identity_omissions_fail[path5-verification]" time="0.028" /><testcase classname="tests.bench.test_m6_case_package" name="test_required_identity_omissions_fail[path6-adjudication]" time="0.028" /><testcase classname="tests.bench.test_m6_case_package" name="test_ledger_hidden_attempt_and_forbidden_claims_fail" time="0.064" /><testcase classname="tests.bench.test_m6_case_package" name="test_historical_pair_is_required_and_revision_bound" time="0.091" /><testcase classname="tests.bench.test_m6_case_package" name="test_historical_source_state_is_bound_in_ledger" time="0.128" /><testcase classname="tests.bench.test_m6_case_package" name="test_checksum_tampering_fails_closed" time="0.068" /><testcase classname="tests.bench.test_m6_case_package" name="test_contradictory_adjudication_and_post_accountable_retry_fail" time="0.131" /><testcase classname="tests.bench.test_m6_case_package" name="test_aggregate_is_exactly_six_and_renders_deterministically" time="0.712" /><testcase classname="tests.bench.test_m6_case_package" name="test_committed_formal_aggregate_reconciles_tracks_and_selects_one_route" time="0.386" /><testcase classname="tests.bench.test_m6_case_package" name="test_aggregate_rejects_duplicate_lane_and_cross_track_package" time="0.795" /><testcase classname="tests.bench.test_m6_case_package" name="test_formal_aggregate_rejects_checksum_drift_and_attempt_identity" time="0.392" /><testcase classname="tests.bench.test_m6_case_package" name="test_aggregate_counts_a_bounded_retry_without_changing_lane_denominator" time="0.798" /><testcase classname="tests.bench.test_m6_cohort" name="test_packaged_schema_and_valid_frozen_manifest" time="0.050" /><testcase classname="tests.bench.test_m6_cohort" name="test_build_configuration_packages_the_schema" time="0.000" /><testcase classname="tests.bench.test_m6_cohort" name="test_draft_is_valid_only_when_explicitly_allowed" time="0.070" /><testcase classname="tests.bench.test_m6_cohort" name="test_missing_case_and_duplicate_slot_ids_fail_closed" time="0.061" /><testcase classname="tests.bench.test_m6_cohort" name="test_track_mixing_and_insufficient_risk_coverage_are_rejected" time="0.064" /><testcase classname="tests.bench.test_m6_cohort" name="test_historical_pairs_require_exact_distinct_revisions" time="0.095" /><testcase classname="tests.bench.test_m6_cohort" name="test_prospective_policy_and_claim_leakage_are_rejected" time="0.099" /><testcase classname="tests.bench.test_m6_cohort" name="test_duplicate_and_overlapping_source_identities_are_rejected" time="0.066" /><testcase classname="tests.bench.test_m6_cohort" name="test_reference_paths_and_checksums_fail_closed" time="0.097" /><testcase classname="tests.bench.test_m6_cohort" name="test_registered_same_track_replacement_before_start_is_valid" time="0.033" /><testcase classname="tests.bench.test_m6_cohort" name="test_cross_track_and_post_start_replacements_are_rejected" time="0.066" /><testcase classname="tests.bench.test_m6_cohort" name="test_frozen_manifest_requires_prior_maintainer_approval" time="0.099" /><testcase classname="tests.bench.test_m6_cohort" name="test_replacement_ledger_binds_exclusion_and_frozen_rank_order" time="0.068" /><testcase classname="tests.bench.test_m6_cohort" name="test_ordered_replacements_can_fill_multiple_slots" time="0.036" /><testcase classname="tests.bench.test_m6_cohort" name="test_excluded_source_cannot_remain_in_admitted_denominator" time="0.034" /><testcase classname="tests.bench.test_m6_cohort" name="test_duplicate_yaml_keys_are_rejected" time="0.001" /><testcase classname="tests.bench.test_m6_cohort" name="test_cli_emits_machine_readable_valid_and_invalid_results" time="0.064" /><testcase classname="tests.bench.test_m7_qualification" name="test_frozen_manifest_schema_and_semantics" time="0.013" /><testcase classname="tests.bench.test_m7_qualification" name="test_qualification_has_exact_four_cells_and_twelve_accountable_lanes" time="0.012" /><testcase classname="tests.bench.test_m7_qualification" name="test_verifier_packets_withhold_variant_expected_evidence_and_verdict" time="0.012" /><testcase classname="tests.bench.test_m7_qualification" name="test_each_lane_freezes_and_admits_before_one_accountable_attempt" time="0.013" /><testcase classname="tests.bench.test_m7_qualification" name="test_contradictory_preflight_is_rejected_without_formal_side_effects" time="0.012" /><testcase classname="tests.bench.test_m7_qualification" name="test_qualification_regeneration_is_deterministic" time="0.026" /><testcase classname="tests.bench.test_m7_qualification" name="test_manifest_tampering_fails_closed" time="0.007" /><testcase classname="tests.bench.test_m7_runtime_probe" name="test_runtime_manifest_schema_freezes_six_lane_change_pair" time="0.019" /><testcase classname="tests.bench.test_m7_runtime_probe" name="test_runtime_admission_rejects_before_device_side_effect_when_build_missing" time="0.210" /><testcase classname="tests.bench.test_m7_runtime_probe" name="test_runtime_admission_accepts_frozen_local_inputs_after_offline_build" time="2.382" /><testcase classname="tests.bench.test_m7_runtime_probe" name="test_temporal_oracle_distinguishes_delay_from_control" time="0.000" /><testcase classname="tests.bench.test_m7_runtime_probe" name="test_runtime_manifest_rejects_tampered_lane_policy" time="0.010" /><testcase classname="tests.bench.test_m7_runtime_probe" name="test_project_runtime_manifest_freezes_no_diff_project_target" time="0.023" /><testcase classname="tests.bench.test_m7_runtime_probe" name="test_project_admission_replays_campaign_without_outcome_leakage" time="0.201" /><testcase classname="tests.bench.test_m8_formal" name="test_m8_audit_reconciles_ordered_twelve_lanes_without_combining_modes" time="0.016" /><testcase classname="tests.bench.test_m8_formal" name="test_m8_migration_receipt_is_bound_to_contract_and_observation" time="0.006" /><testcase classname="tests.bench.test_m8_formal" name="test_m8_migration_receipt_requires_old_to_current_observations" time="0.006" /><testcase classname="tests.bench.test_m8_qualification" name="test_frozen_manifest_has_ordered_four_cells_and_twelve_members" time="0.027" /><testcase classname="tests.bench.test_m8_qualification" name="test_preflight_runs_both_modes_through_admission_and_compilation" time="0.210" /><testcase classname="tests.bench.test_m8_qualification" name="test_leakage_audit_covers_all_neutral_artifacts" time="0.204" /><testcase classname="tests.bench.test_m8_qualification" name="test_preflight_regeneration_is_deterministic" time="0.416" /><testcase classname="tests.bench.test_m8_qualification" name="test_manifest_contradictions_fail_closed[&lt;lambda&gt;-max_attempts_per_lane]" time="0.015" /><testcase classname="tests.bench.test_m8_qualification" name="test_manifest_contradictions_fail_closed[&lt;lambda&gt;-retry]" time="0.015" /><testcase classname="tests.bench.test_m8_qualification" name="test_manifest_contradictions_fail_closed[&lt;lambda&gt;-cells]" time="0.015" /><testcase classname="tests.bench.test_m8_qualification" name="test_manifest_contradictions_fail_closed[&lt;lambda&gt;-local_only]" time="0.014" /><testcase classname="tests.bench.test_m8_qualification" name="test_manifest_contradictions_fail_closed[&lt;lambda&gt;-lane]" time="0.014" /><testcase classname="tests.bench.test_m8_qualification" name="test_manifest_contradictions_fail_closed[&lt;lambda&gt;-source_commit]" time="0.014" /><testcase classname="tests.bench.test_m8_qualification" name="test_manifest_contradictions_fail_closed[&lt;lambda&gt;-behavior_delta]" time="0.014" /><testcase classname="tests.bench.test_m8_qualification" name="test_manifest_contradictions_fail_closed[&lt;lambda&gt;-contract_drift]" time="0.014" /><testcase classname="tests.bench.test_m8_qualification" name="test_verifier_packet_audit_is_explicitly_blinded" time="0.202" /><testcase classname="tests.bench.test_m9_formal" name="test_formal_oracle_conclusion_is_terminal_and_fail_closed" time="0.000" /><testcase classname="tests.bench.test_m9_formal" name="test_formal_reconciliation_requires_all_six_accountable_rows" time="0.001" /><testcase classname="tests.bench.test_m9_formal" name="test_formal_package_clear_proves_uninstalled_package_is_clean" time="0.001" /><testcase classname="tests.bench.test_m9_formal" name="test_formal_package_clear_persists_an_installed_clear_failure" time="0.001" /><testcase classname="tests.bench.test_m9_qualification" name="test_frozen_manifest_is_not_available_before_materialization" time="0.000" /><testcase classname="tests.bench.test_m9_qualification" name="test_neutral_packets_reject_ground_truth_terms" time="0.000" /><testcase classname="tests.bench.test_m9_qualification" name="test_contradiction_packet_is_excluded_before_side_effects" time="0.000" /><testcase classname="tests.bench.test_m9_qualification" name="test_admission_receipt_validator_requires_six_clean_receipts" time="0.000" /><testcase classname="tests.bench.test_m9_qualification" name="test_manifest_rejects_role_leakage_when_present" time="0.001" /><testcase classname="tests.bench.test_m9_recovery_baseline" name="test_recovery_baseline_is_explicitly_canary_only" time="0.000" /><testcase classname="tests.bench.test_m9_recovery_baseline" name="test_recovery_recipe_is_bound_to_committed_source_and_patch" time="0.000" /><testcase classname="tests.bench.test_m9_recovery_baseline" name="test_rebuilt_canary_apk_identities_match_the_frozen_historical_values" time="0.000" /><testcase classname="tests.bench.test_m9_recovery_baseline" name="test_diagnosis_preserves_the_frozen_failed_population" time="0.000" /><testcase classname="tests.bench.test_m9_recovery_baseline" name="test_run_record_checksum_inventory_is_complete_and_verifies" time="0.001" /><testcase classname="tests.bench.test_m9_recovery_canary" name="test_recovery_run_specs_use_new_neutral_lane_ids_and_default_model_policy" time="0.003" /><testcase classname="tests.bench.test_m9_recovery_canary" name="test_isolated_save_instruction_forbids_back_and_repair" time="0.000" /><testcase classname="tests.bench.test_m9_recovery_canary" name="test_falsification_review_schema_is_valid" time="0.002" /><testcase classname="tests.bench.test_m9_recovery_canary" name="test_device_input_setup_freezes_enabled_english_us_subtype" time="0.001" /><testcase classname="tests.bench.test_m9_recovery_canary" name="test_failed_attempt_is_create_only_and_checksum_sealed" time="0.001" /><testcase classname="tests.bench.test_m9_recovery_canary" name="test_raw_evidence_exposes_provenance_and_fixture_binding" time="0.001" /><testcase classname="tests.bench.test_m9_recovery_canary" name="test_review_safe_provenance_verifies_exact_source_without_disclosure" time="0.001" /><testcase classname="tests.bench.test_m9_recovery_canary" name="test_review_safe_provenance_fails_closed_on_apk_mismatch" time="0.001" /><testcase classname="tests.bench.test_m9_recovery_canary" name="test_peer_control_artifacts_verify_every_index_binding" time="0.001" /><testcase classname="tests.bench.test_m9_recovery_canary" name="test_peer_evidence_copy_includes_semantic_and_raw_files" time="0.003" /><testcase classname="tests.bench.test_m9_recovery_canary" name="test_review_prompt_uses_citable_brief_and_exact_allowlist" time="0.000" /><testcase classname="tests.bench.test_m9_recovery_canary" name="test_review_input_audit_scans_allowlisted_artifact_bytes" time="0.001" /><testcase classname="tests.bench.test_m9_recovery_canary" name="test_review_contract_binds_brief_provenance_and_peer_semantics" time="0.002" /><testcase classname="tests.bench.test_m9_recovery_canary" name="test_default_identity_requires_null_request_and_no_model_flag" time="0.000" /><testcase classname="tests.bench.test_m9_recovery_canary" name="test_falsification_reviewer_identity_can_record_cli_default_selection" time="0.000" /><testcase classname="tests.bench.test_m9_recovery_canary" name="test_oracle_conclusion_is_terminal_and_fail_closed" time="0.000" /><testcase classname="tests.bench.test_m9_recovery_canary" name="test_non_accountable_runtime_stops_before_evidence_packaging" time="0.000" /><testcase classname="tests.bench.test_m9_recovery_canary" name="test_accountable_runtime_can_enter_evidence_packaging" time="0.000" /><testcase classname="tests.bench.test_m9_recovery_canary" name="test_canary_reconciliation_can_only_report_readiness_not_formal_support" time="0.000" /><testcase classname="tests.bench.test_m9_recovery_canary" name="test_contradiction_gate_is_outside_denominator_and_has_no_commands" time="0.001" /><testcase classname="tests.bench.test_m9_recovery_formal" name="test_static_preflight_preserves_zero_formal_counters" time="0.106" /><testcase classname="tests.bench.test_m9_recovery_formal" name="test_formal_root_claim_is_create_only" time="0.001" /><testcase classname="tests.bench.test_m9_recovery_formal" name="test_formal_root_claim_binds_target_specific_preclaim" time="0.002" /><testcase classname="tests.bench.test_m9_recovery_formal" name="test_target_specific_preclaim_is_side_effect_free" time="0.000" /><testcase classname="tests.bench.test_m9_recovery_formal" name="test_target_specific_mismatch_is_rejected_before_namespace_claim" time="0.000" /><testcase classname="tests.bench.test_m9_recovery_formal" name="test_frozen_target_specific_mismatch_is_side_effect_free" time="0.000"><skipped type="pytest.skip" message="repository-external fixture tests require explicit admission">/Users/peter/projects/ai_verification-issue-186/tests/bench/test_m9_recovery_formal.py:195: repository-external fixture tests require explicit admission</skipped></testcase><testcase classname="tests.bench.test_m9_recovery_formal" name="test_state_rejects_mapping_release_reordering_and_lane_retry" time="0.000" /><testcase classname="tests.bench.test_m9_recovery_formal" name="test_contradiction_is_rejected_without_command_calls" time="0.002" /><testcase classname="tests.bench.test_m9_recovery_formal" name="test_resolved_spec_changes_only_the_released_commit" time="0.004" /><testcase classname="tests.bench.test_m9_recovery_formal" name="test_identity_factory_binds_frozen_and_effective_specs" time="0.003" /><testcase classname="tests.bench.test_m9_recovery_formal" name="test_probe_token_is_exactly_bound_to_the_text_input" time="0.000" /><testcase classname="tests.bench.test_m9_recovery_formal" name="test_activity_recreation_requires_destroy_then_create_or_relaunch" time="0.000" /><testcase classname="tests.bench.test_m9_recovery_formal" name="test_lane_exception_creates_one_terminal_record_and_typed_absence" time="0.004" /><testcase classname="tests.bench.test_m9_recovery_formal" name="test_semantic_evidence_uses_portfolio_lineage_and_withholds_finding" time="0.002" /><testcase classname="tests.bench.test_m9_recovery_formal" name="test_external_input_failure_precedes_irreversible_root_claim" time="0.000" /><testcase classname="tests.bench.test_m9_recovery_formal" name="test_claimed_pre_lane_failure_seals_all_six_terminal_absences" time="0.022" /><testcase classname="tests.bench.test_m9_recovery_formal" name="test_role_leakage_guard_rejects_forbidden_material[payload0]" time="0.000" /><testcase classname="tests.bench.test_m9_recovery_formal" name="test_role_leakage_guard_rejects_forbidden_material[payload1]" time="0.000" /><testcase classname="tests.bench.test_m9_recovery_formal" name="test_role_leakage_guard_rejects_forbidden_material[payload2]" time="0.000" /><testcase classname="tests.bench.test_m9_recovery_qualification" name="test_candidate_manifest_is_valid_but_not_formally_frozen" time="0.001" /><testcase classname="tests.bench.test_m9_recovery_qualification" name="test_built_apk_identity_receipts_hash_the_stored_output_bytes" time="0.001" /><testcase classname="tests.bench.test_m9_recovery_qualification" name="test_admission_receipts_require_default_codex_selection_and_six_lanes" time="0.001" /><testcase classname="tests.bench.test_m9_recovery_qualification" name="test_supported_requires_every_frozen_gate" time="0.369" /><testcase classname="tests.bench.test_m9_recovery_qualification" name="test_pre_runtime_rows_bind_inventory_without_claiming_runtime" time="0.174" /><testcase classname="tests.bench.test_m9_recovery_qualification" name="test_historical_r5_reconciliation_artifact_remains_checksum_bound" time="0.001" /><testcase classname="tests.bench.test_m9_recovery_qualification" name="test_supported_requires_exhaustive_root_ledger[missing]" time="0.231" /><testcase classname="tests.bench.test_m9_recovery_qualification" name="test_supported_requires_exhaustive_root_ledger[tampered]" time="0.229" /><testcase classname="tests.bench.test_m9_recovery_qualification" name="test_supported_requires_exhaustive_root_ledger[extra]" time="0.253" /><testcase classname="tests.bench.test_m9_recovery_qualification" name="test_falsification_review_producer_uses_semantic_output_and_runner_envelope" time="0.142" /><testcase classname="tests.bench.test_m9_recovery_qualification" name="test_falsification_review_executes_through_injected_runner_boundary" time="0.148" /><testcase classname="tests.bench.test_m9_recovery_qualification" name="test_falsification_review_failure_is_terminal_and_auditable[nonzero-process_exit-73]" time="0.144" /><testcase classname="tests.bench.test_m9_recovery_qualification" name="test_falsification_review_failure_is_terminal_and_auditable[timeout-timeout-124]" time="0.145" /><testcase classname="tests.bench.test_m9_recovery_qualification" name="test_falsification_review_failure_is_terminal_and_auditable[missing_output-missing_output-0]" time="0.148" /><testcase classname="tests.bench.test_m9_recovery_qualification" name="test_falsification_review_failure_is_terminal_and_auditable[identity_capture-identity_capture-0]" time="0.145" /><testcase classname="tests.bench.test_m9_recovery_qualification" name="test_falsification_review_failure_is_terminal_and_auditable[final_binding-final_binding-0]" time="0.154" /><testcase classname="tests.bench.test_m9_recovery_qualification" name="test_falsification_review_rejects_production_binding_before_side_effects[invocation_id]" time="0.138" /><testcase classname="tests.bench.test_m9_recovery_qualification" name="test_falsification_review_rejects_production_binding_before_side_effects[identity_sha256]" time="0.136" /><testcase classname="tests.bench.test_m9_recovery_qualification" name="test_supported_rejects_missing_required_runner_or_raw_evidence[runner-setup.json]" time="0.216" /><testcase classname="tests.bench.test_m9_recovery_qualification" name="test_supported_rejects_missing_required_runner_or_raw_evidence[production-seam-admission.json]" time="0.213" /><testcase classname="tests.bench.test_m9_recovery_qualification" name="test_supported_rejects_missing_required_runner_or_raw_evidence[raw/screenshots/before.png]" time="0.245" /><testcase classname="tests.bench.test_m9_recovery_qualification" name="test_supported_rejects_missing_required_runner_or_raw_evidence[raw/layout/after.json]" time="0.217" /><testcase classname="tests.bench.test_m9_recovery_qualification" name="test_supported_rejects_missing_required_runner_or_raw_evidence[raw/logcat/rotation.txt]" time="0.223" /><testcase classname="tests.bench.test_m9_recovery_qualification" name="test_supported_rejects_missing_required_runner_or_raw_evidence[falsification-review-output.json]" time="0.217" /><testcase classname="tests.bench.test_m9_recovery_qualification" name="test_supported_rejects_missing_required_runner_or_raw_evidence[falsification-review-output-schema.json]" time="0.217" /><testcase classname="tests.bench.test_m9_recovery_qualification" name="test_supported_rejects_missing_required_runner_or_raw_evidence[falsification-review-events.jsonl]" time="0.227" /><testcase classname="tests.bench.test_m9_recovery_qualification" name="test_supported_rejects_missing_required_runner_or_raw_evidence[falsification-review-invocation.json]" time="0.220" /><testcase classname="tests.bench.test_m9_recovery_qualification" name="test_supported_rejects_missing_required_runner_or_raw_evidence[falsification-review-prompt.md]" time="0.215" /><testcase classname="tests.bench.test_m9_recovery_qualification" name="test_supported_rejects_signature_only_png_after_reseal" time="0.262" /><testcase classname="tests.bench.test_m9_recovery_qualification" name="test_supported_recomputes_text_input_and_recreation_evidence" time="0.538" /><testcase classname="tests.bench.test_m9_recovery_qualification" name="test_supported_binds_lifecycle_to_adb_events_receipt" time="0.262" /><testcase classname="tests.bench.test_m9_recovery_qualification" name="test_supported_reconstructs_normalized_logcat_from_raw_sources[missing_checkpoint]" time="0.264" /><testcase classname="tests.bench.test_m9_recovery_qualification" name="test_supported_reconstructs_normalized_logcat_from_raw_sources[tampered_checkpoint]" time="0.266" /><testcase classname="tests.bench.test_m9_recovery_qualification" name="test_supported_reconstructs_normalized_logcat_from_raw_sources[derived_suffix]" time="0.265" /><testcase classname="tests.bench.test_m9_recovery_qualification" name="test_supported_binds_rotation_to_runner_event_receipt" time="0.264" /><testcase classname="tests.bench.test_m9_recovery_qualification" name="test_supported_rejects_incomplete_formal_admission_options[android_bin]" time="0.263" /><testcase classname="tests.bench.test_m9_recovery_qualification" name="test_supported_rejects_incomplete_formal_admission_options[adb_bin]" time="0.267" /><testcase classname="tests.bench.test_m9_recovery_qualification" name="test_supported_rejects_incomplete_formal_admission_options[codex_bin]" time="0.268" /><testcase classname="tests.bench.test_m9_recovery_qualification" name="test_supported_rejects_incomplete_formal_admission_options[allow_host_project_subdir]" time="0.266" /><testcase classname="tests.bench.test_m9_recovery_qualification" name="test_supported_rejects_semantically_empty_execution_provenance" time="0.262" /><testcase classname="tests.bench.test_m9_recovery_qualification" name="test_supported_rejects_execution_time_apk_identity_drift" time="0.267" /><testcase classname="tests.bench.test_m9_recovery_qualification" name="test_supported_rejects_role_or_expected_result_in_review_input" time="0.266" /><testcase classname="tests.bench.test_m9_recovery_qualification" name="test_supported_rejects_unallowlisted_review_workspace_file" time="0.264" /><testcase classname="tests.bench.test_m9_recovery_qualification" name="test_supported_rejects_challenged_structured_review_after_reseal" time="0.275" /><testcase classname="tests.bench.test_m9_recovery_qualification" name="test_supported_rejects_runner_metadata_in_semantic_review_output" time="0.297" /><testcase classname="tests.bench.test_m9_recovery_qualification" name="test_supported_rejects_semantically_empty_residual_risk" time="0.264" /><testcase classname="tests.bench.test_m9_recovery_qualification" name="test_supported_requires_authoritative_review_identity_event" time="0.279" /><testcase classname="tests.bench.test_m9_recovery_qualification" name="test_supported_rejects_review_config_model_override[override0]" time="0.258" /><testcase classname="tests.bench.test_m9_recovery_qualification" name="test_supported_rejects_review_config_model_override[override1]" time="0.261" /><testcase classname="tests.bench.test_m9_recovery_qualification" name="test_supported_rejects_review_config_model_override[override2]" time="0.270" /><testcase classname="tests.bench.test_m9_recovery_qualification" name="test_supported_rejects_review_config_model_override[override3]" time="0.263" /><testcase classname="tests.bench.test_m9_recovery_qualification" name="test_supported_rejects_resumed_production_session_as_review" time="0.261" /><testcase classname="tests.bench.test_m9_recovery_qualification" name="test_supported_rejects_review_command_with_extra_directory" time="0.262" /><testcase classname="tests.bench.test_m9_recovery_qualification" name="test_supported_rejects_reused_production_thread_with_new_review_turn" time="0.267" /><testcase classname="tests.bench.test_m9_recovery_qualification" name="test_supported_requires_review_and_all_production_identities_disjoint" time="0.340" /><testcase classname="tests.bench.test_m9_recovery_qualification" name="test_supported_rejects_uninventoried_second_execution_record" time="0.270" /><testcase classname="tests.bench.test_m9_recovery_qualification" name="test_supported_rejects_execution_record_with_backup_suffix" time="0.272" /><testcase classname="tests.bench.test_m9_recovery_qualification" name="test_supported_rejects_duplicate_or_unbound_review_identity" time="0.485" /><testcase classname="tests.bench.test_m9_recovery_qualification" name="test_supported_rejects_retry_or_unbound_contradiction" time="0.377" /><testcase classname="tests.bench.test_m9_recovery_qualification" name="test_supported_rejects_missing_or_tampered_attempt_evidence_ref" time="0.319" /><testcase classname="tests.bench.test_m9_recovery_qualification" name="test_reconciliation_rejects_population_or_order_changes" time="0.135" /><testcase classname="tests.bench.test_m9_recovery_qualification" name="test_auditor_mapping_rejects_an_unbalanced_existing_population" time="0.001" /><testcase classname="tests.bench.test_m9_recovery_qualification" name="test_manifest_packet_commitment_detects_target_tampering" time="0.001" /><testcase classname="tests.bench.test_m9_recovery_qualification" name="test_manifest_rejects_weakened_review_failure_contract_after_recommit[pre_invocation_production_binding_required-False]" time="0.001" /><testcase classname="tests.bench.test_m9_recovery_qualification" name="test_manifest_rejects_weakened_review_failure_contract_after_recommit[terminal_failure_receipt_required-False]" time="0.001" /><testcase classname="tests.bench.test_m9_recovery_qualification" name="test_manifest_rejects_weakened_review_failure_contract_after_recommit[terminal_failure_receipt_schema_version-1]" time="0.001" /><testcase classname="tests.bench.test_m9_recovery_qualification" name="test_manifest_rejects_weakened_review_failure_contract_after_recommit[terminal_failure_receipt_lane_ledger_required-False]" time="0.001" /><testcase classname="tests.bench.test_m9_recovery_qualification" name="test_manifest_rejects_weakened_review_failure_contract_after_recommit[terminal_failure_stages-value4]" time="0.001" /><testcase classname="tests.bench.test_m9_recovery_qualification" name="test_manifest_rejects_deleted_approval_bound_section_after_recommit[context_acquisition]" time="0.001" /><testcase classname="tests.bench.test_m9_recovery_qualification" name="test_manifest_rejects_deleted_approval_bound_section_after_recommit[portfolio]" time="0.001" /><testcase classname="tests.bench.test_m9_recovery_qualification" name="test_manifest_rejects_deleted_approval_bound_section_after_recommit[attack_plan]" time="0.001" /><testcase classname="tests.bench.test_m9_recovery_qualification" name="test_manifest_rejects_deleted_approval_bound_section_after_recommit[oracle]" time="0.001" /><testcase classname="tests.bench.test_m9_recovery_qualification" name="test_manifest_rejects_deleted_approval_bound_section_after_recommit[evidence]" time="0.001" /><testcase classname="tests.bench.test_m9_recovery_qualification" name="test_manifest_rejects_deleted_approval_bound_section_after_recommit[exploration_stop_rule]" time="0.001" /><testcase classname="tests.bench.test_m9_recovery_qualification" name="test_manifest_rejects_deleted_approval_bound_section_after_recommit[admission]" time="0.001" /><testcase classname="tests.bench.test_m9_recovery_qualification" name="test_manifest_rejects_deleted_approval_bound_section_after_recommit[contradiction_packet]" time="0.001" /><testcase classname="tests.bench.test_m9_recovery_qualification" name="test_manifest_rejects_deleted_approval_bound_section_after_recommit[leakage_audit]" time="0.001" /><testcase classname="tests.bench.test_m9_recovery_qualification" name="test_frozen_manifest_cannot_regenerate_candidate_or_ledger" time="0.001" /><testcase classname="tests.bench.test_m9_recovery_qualification" name="test_frozen_manifest_requires_auditable_human_approval" time="0.001" /><testcase classname="tests.bench.test_network_reliability" name="test_matched_pair_supports_good_baseline_and_detects_candidate_faults" time="0.001" /><testcase classname="tests.bench.test_network_reliability" name="test_pair_is_non_accountable_when_event_sequence_is_not_strictly_increasing" time="0.000" /><testcase classname="tests.bench.test_network_reliability" name="test_pair_requires_network_transitions_and_wait_postconditions" time="0.000" /><testcase classname="tests.bench.test_network_reliability" name="test_oracle_detects_response_applied_after_cancellation" time="0.000" /><testcase classname="tests.bench.test_network_reliability" name="test_pair_is_non_accountable_without_successful_recovery_marker" time="0.000" /><testcase classname="tests.bench.test_network_reliability" name="test_oracle_rejects_stale_recovery_content_on_baseline" time="0.000" /><testcase classname="tests.bench.test_network_reliability" name="test_pair_is_non_accountable_without_retry_attempt_evidence" time="0.000" /><testcase classname="tests.bench.test_network_reliability" name="test_pair_is_non_accountable_without_cancellation_late_resolution" time="0.000" /><testcase classname="tests.bench.test_network_reliability" name="test_pair_is_non_accountable_without_delayed_old_response_completion" time="0.000" /><testcase classname="tests.bench.test_network_reliability" name="test_oracle_rejects_invalid_ordered_checkpoint_semantics[state-cached]" time="0.000" /><testcase classname="tests.bench.test_network_reliability" name="test_oracle_rejects_invalid_ordered_checkpoint_semantics[retry_enabled-True]" time="0.000" /><testcase classname="tests.bench.test_network_reliability" name="test_pair_fails_closed_for_extra_duplicate_or_reordered_scenario_evidence[extra_checkpoint]" time="0.000" /><testcase classname="tests.bench.test_network_reliability" name="test_pair_fails_closed_for_extra_duplicate_or_reordered_scenario_evidence[extra_scenario_event]" time="0.000" /><testcase classname="tests.bench.test_network_reliability" name="test_pair_fails_closed_for_extra_duplicate_or_reordered_scenario_evidence[reordered_scenario_blocks]" time="0.000" /><testcase classname="tests.bench.test_network_reliability" name="test_pair_fails_closed_for_extra_duplicate_or_reordered_scenario_evidence[duplicate_cancellation_resolution]" time="0.000" /><testcase classname="tests.bench.test_network_reliability" name="test_pair_fails_closed_for_extra_duplicate_or_reordered_scenario_evidence[duplicate_ordered_resolution]" time="0.000" /><testcase classname="tests.bench.test_network_reliability" name="test_pair_fails_closed_for_missing_fields_or_system_event_schedule_drift[baseline_checkpoint_missing_content]" time="0.000" /><testcase classname="tests.bench.test_network_reliability" name="test_pair_fails_closed_for_missing_fields_or_system_event_schedule_drift[candidate_checkpoint_missing_retry_enabled]" time="0.000" /><testcase classname="tests.bench.test_network_reliability" name="test_pair_fails_closed_for_missing_fields_or_system_event_schedule_drift[candidate_event_missing_required_content]" time="0.000" /><testcase classname="tests.bench.test_network_reliability" name="test_pair_fails_closed_for_missing_fields_or_system_event_schedule_drift[extra_system_wait]" time="0.000" /><testcase classname="tests.bench.test_network_reliability" name="test_pair_fails_closed_for_missing_fields_or_system_event_schedule_drift[boolean_wait_seconds]" time="0.000" /><testcase classname="tests.bench.test_network_reliability" name="test_pair_fails_closed_for_missing_fields_or_system_event_schedule_drift[offset_system_steps]" time="0.000" /><testcase classname="tests.bench.test_network_reliability" name="test_pair_fails_closed_for_missing_fields_or_system_event_schedule_drift[drifted_wait_seconds]" time="0.000" /><testcase classname="tests.bench.test_network_reliability" name="test_pair_fails_closed_for_missing_fields_or_system_event_schedule_drift[missing_logcat]" time="0.000" /><testcase classname="tests.bench.test_network_reliability" name="test_pair_fails_closed_for_missing_fields_or_system_event_schedule_drift[wrong_package]" time="0.000" /><testcase classname="tests.bench.test_network_reliability" name="test_pair_requires_authoritative_structured_logcat[   \n]" time="0.000" /><testcase classname="tests.bench.test_network_reliability" name="test_pair_requires_authoritative_structured_logcat[unrelated evidence\n]" time="0.000" /><testcase classname="tests.bench.test_network_reliability" name="test_pair_requires_authoritative_structured_logcat[I AIVerifyNetwork: {not valid json\n]" time="0.000" /><testcase classname="tests.bench.test_network_reliability" name="test_pair_rejects_network_events_that_disagree_with_logcat" time="0.000" /><testcase classname="tests.bench.test_network_reliability" name="test_pair_requires_fixture_ready_to_be_first_structured_marker" time="0.000" /><testcase classname="tests.bench.test_network_reliability" name="test_oracle_detects_blank_or_error_terminal_ui" time="0.000" /><testcase classname="tests.bench.test_network_reliability" name="test_oracle_detects_candidate_crash_or_anr" time="0.000" /><testcase classname="tests.bench.test_network_reliability" name="test_oracle_ignores_androidruntime_shutdown_from_evidence_tool_process" time="0.000" /><testcase classname="tests.bench.test_network_reliability" name="test_oracle_detects_duplicate_retry_attempt" time="0.000" /><testcase classname="tests.bench.test_network_reliability" name="test_cli_writes_one_machine_checkable_conclusion" time="0.001" /><testcase classname="tests.bench.test_network_reliability" name="test_cli_fails_closed_with_one_conclusion_for_malformed_json" time="0.001" /><testcase classname="tests.bench.test_network_reliability" name="test_pair_fails_closed_for_malformed_event_fields" time="0.000" /><testcase classname="tests.bench.test_network_reliability" name="test_pair_fails_closed_for_all_malformed_provenance_and_event_shapes[device_array]" time="0.000" /><testcase classname="tests.bench.test_network_reliability" name="test_pair_fails_closed_for_all_malformed_provenance_and_event_shapes[fixture_id_number]" time="0.000" /><testcase classname="tests.bench.test_network_reliability" name="test_pair_fails_closed_for_all_malformed_provenance_and_event_shapes[journey_sha_number]" time="0.000" /><testcase classname="tests.bench.test_network_reliability" name="test_pair_fails_closed_for_all_malformed_provenance_and_event_shapes[apk_package_object]" time="0.000" /><testcase classname="tests.bench.test_network_reliability" name="test_pair_fails_closed_for_all_malformed_provenance_and_event_shapes[apk_sha_object]" time="0.000" /><testcase classname="tests.bench.test_network_reliability" name="test_pair_fails_closed_for_all_malformed_provenance_and_event_shapes[event_missing_request_id]" time="0.000" /><testcase classname="tests.bench.test_network_reliability" name="test_pair_fails_closed_for_all_malformed_provenance_and_event_shapes[event_content_object]" time="0.000" /><testcase classname="tests.bench.test_network_reliability" name="test_pair_fails_closed_for_all_malformed_provenance_and_event_shapes[sequence_nan]" time="0.000" /><testcase classname="tests.bench.test_network_reliability" name="test_pair_fails_closed_for_all_malformed_provenance_and_event_shapes[system_event_duplicate_step]" time="0.000" /><testcase classname="tests.bench.test_network_reliability" name="test_committed_network_run_specs_share_the_same_journey_contract" time="0.003" /><testcase classname="tests.bench.test_network_reliability" name="test_accepted_journeys_bind_complete_effective_execution_identity" time="0.001" /><testcase classname="tests.bench.test_network_reliability" name="test_build_evidence_bundle_extracts_layout_state_and_structured_logcat" time="0.001" /><testcase classname="tests.bench.test_performance_intent_slice" name="test_baseline_requires_both_domains_and_supports_when_both_pass" time="0.000" /><testcase classname="tests.bench.test_performance_intent_slice" name="test_frozen_frame_candidate_is_rejected_only_by_performance_oracle" time="0.000" /><testcase classname="tests.bench.test_performance_intent_slice" name="test_unsafe_nested_intent_candidate_is_rejected_only_by_security_oracle" time="0.000" /><testcase classname="tests.bench.test_performance_intent_slice" name="test_missing_domain_cannot_be_masked_by_other_domain" time="0.000" /><testcase classname="tests.bench.test_performance_intent_slice" name="test_resource_cleanup_wakelock_startup_crash_and_scenario_set_fail_closed" time="0.000" /><testcase classname="tests.bench.test_performance_intent_slice" name="test_boolean_or_negative_metrics_are_not_
[...]
ourney" name="test_journey_segment_runner_orders_segments_events_and_checkpoints" time="0.002" /><testcase classname="tests.runner.test_journey" name="test_journey_segment_runner_times_every_phase" time="0.002" /><testcase classname="tests.runner.test_journey" name="test_journey_segment_runner_persists_system_event_evidence" time="0.002" /><testcase classname="tests.runner.test_journey" name="test_journey_segment_runner_prepends_instruction_prefix" time="0.001" /><testcase classname="tests.runner.test_journey" name="test_failed_journey_action_stops_before_event_and_keeps_checkpoint" time="0.001" /><testcase classname="tests.runner.test_journey" name="test_skipped_journey_action_is_non_accountable" time="0.001" /><testcase classname="tests.runner.test_journey" name="test_missing_action_result_is_non_accountable" time="0.001" /><testcase classname="tests.runner.test_journey" name="test_mismatched_action_result_is_non_accountable" time="0.001" /><testcase classname="tests.runner.test_journey" name="test_stable_action_id_restores_exact_requested_action" time="0.001" /><testcase classname="tests.runner.test_journey" name="test_unknown_action_status_fails_closed_when_backend_bypasses_schema" time="0.001" /><testcase classname="tests.runner.test_journey" name="test_invalid_action_lineage_fails_closed[missing-id]" time="0.001" /><testcase classname="tests.runner.test_journey" name="test_invalid_action_lineage_fails_closed[unrelated-action-text]" time="0.001" /><testcase classname="tests.runner.test_journey" name="test_invalid_action_lineage_fails_closed[duplicated-id]" time="0.001" /><testcase classname="tests.runner.test_journey" name="test_invalid_action_lineage_fails_closed[reordered-results]" time="0.001" /><testcase classname="tests.runner.test_journey" name="test_invalid_action_lineage_fails_closed[contradictory-action-text]" time="0.001" /><testcase classname="tests.runner.test_journey" name="test_invalid_action_lineage_fails_closed[wrong-journey]" time="0.002" /><testcase classname="tests.runner.test_journey" name="test_multi_segment_interruption_keeps_completed_prior_boundary_evidence" time="0.002" /><testcase classname="tests.runner.test_journey" name="test_backend_failure_becomes_non_accountable_journey_interruption" time="0.001" /><testcase classname="tests.runner.test_journey" name="test_backend_failure_retains_codex_artifact_references" time="0.001" /><testcase classname="tests.runner.test_journey" name="test_checkpoint_failure_keeps_completed_journey_for_diagnostics" time="0.001" /><testcase classname="tests.runner.test_journey" name="test_anr_layout_failure_retains_bounded_checkpoint_diagnostics" time="0.001" /><testcase classname="tests.runner.test_journey" name="test_system_event_failure_keeps_pre_event_checkpoint" time="0.001" /><testcase classname="tests.runner.test_journey" name="test_system_event_timeout_uses_canonical_reason_and_keeps_pre_event_evidence" time="0.001" /><testcase classname="tests.runner.test_package_reset" name="test_absent_package_is_already_clean_without_clear" time="0.000" /><testcase classname="tests.runner.test_package_reset" name="test_controller_device_identity_must_match_the_receipt" time="0.000" /><testcase classname="tests.runner.test_package_reset" name="test_installed_package_must_clear_successfully" time="0.000" /><testcase classname="tests.runner.test_package_reset" name="test_installed_package_clear_failure_is_not_treated_as_absent" time="0.000" /><testcase classname="tests.runner.test_package_reset" name="test_query_failures_and_contradictions_fail_closed[query0-package presence query failed]" time="0.000" /><testcase classname="tests.runner.test_package_reset" name="test_query_failures_and_contradictions_fail_closed[query1-package presence query was contradictory]" time="0.000" /><testcase classname="tests.runner.test_package_reset" name="test_query_failures_and_contradictions_fail_closed[query2-package presence query was contradictory]" time="0.000" /><testcase classname="tests.runner.test_package_reset" name="test_query_failures_and_contradictions_fail_closed[query3-package presence query was contradictory]" time="0.000" /><testcase classname="tests.runner.test_run_spec" name="test_parse_valid_run_spec_normalizes_paths" time="0.001" /><testcase classname="tests.runner.test_run_spec" name="test_run_spec_accepts_backup_restore_as_a_boundary_event" time="0.001" /><testcase classname="tests.runner.test_run_spec" name="test_portable_host_locator_resolves_from_environment_or_explicit_override" time="0.001" /><testcase classname="tests.runner.test_run_spec" name="test_portable_host_locator_fails_closed_on_missing_relative_or_conflicting_root" time="0.001" /><testcase classname="tests.runner.test_run_spec" name="test_parse_run_spec_metric_context" time="0.001" /><testcase classname="tests.runner.test_run_spec" name="test_parse_run_spec_l2_boundary_selection" time="0.001" /><testcase classname="tests.runner.test_run_spec" name="test_parse_run_spec_live_validation_app_smoke" time="0.001" /><testcase classname="tests.runner.test_run_spec" name="test_app_smoke_requires_activity_from_config_or_run_spec" time="0.000" /><testcase classname="tests.runner.test_run_spec" name="test_app_smoke_requires_target_surface" time="0.000" /><testcase classname="tests.runner.test_run_spec" name="test_invalid_l2_boundary_selection_fails" time="0.000" /><testcase classname="tests.runner.test_run_spec" name="test_out_of_range_l2_boundary_selection_fails" time="0.000" /><testcase classname="tests.runner.test_run_spec" name="test_l2_boundary_selection_uses_step_index_order_not_yaml_order" time="0.001" /><testcase classname="tests.runner.test_run_spec" name="test_invalid_metric_context_fails" time="0.000" /><testcase classname="tests.runner.test_run_spec" name="test_load_run_spec_from_yaml" time="0.001" /><testcase classname="tests.runner.test_run_spec" name="test_missing_required_field_fails" time="0.000" /><testcase classname="tests.runner.test_run_spec" name="test_invalid_system_event_fails" time="0.000" /><testcase classname="tests.runner.test_run_spec" name="test_parse_wait_system_event_with_explicit_postconditions" time="0.000" /><testcase classname="tests.runner.test_run_spec" name="test_permission_state_events_are_supported[reset_permission]" time="0.000" /><testcase classname="tests.runner.test_run_spec" name="test_permission_state_events_are_supported[observe_permission]" time="0.000" /><testcase classname="tests.runner.test_run_spec" name="test_permission_state_events_are_supported[grant_permission]" time="0.000" /><testcase classname="tests.runner.test_run_spec" name="test_permission_state_events_are_supported[open_app_settings]" time="0.000" /><testcase classname="tests.runner.test_run_spec" name="test_permission_state_events_are_supported[revoke_permission]" time="0.000" /><testcase classname="tests.runner.test_run_spec" name="test_dry_run_plan_does_not_touch_device" time="0.001" /><testcase classname="tests.runner.test_system_events" name="test_inject_rotate_uses_device_controller_rotation" time="0.000" /><testcase classname="tests.runner.test_system_events" name="test_inject_open_app_settings_confirms_settings_is_resumed" time="0.000" /><testcase classname="tests.runner.test_system_events" name="test_inject_open_app_settings_fails_closed_on_wrong_resumed_package" time="0.000" /><testcase classname="tests.runner.test_system_events" name="test_inject_open_app_settings_fails_closed_when_launch_fails" time="0.000" /><testcase classname="tests.runner.test_system_events" name="test_inject_rotate_fails_closed_on_nonzero_process_exit" time="0.000" /><testcase classname="tests.runner.test_system_events" name="test_inject_rotate_fails_closed_when_postcondition_does_not_match" time="0.000" /><testcase classname="tests.runner.test_system_events" name="test_inject_rotate_fails_closed_when_auto_rotation_remains_enabled" time="0.000" /><testcase classname="tests.runner.test_system_events" name="test_inject_rotate_rejects_values_outside_android_rotation_domain[-1]" time="0.000" /><testcase classname="tests.runner.test_system_events" name="test_inject_rotate_rejects_values_outside_android_rotation_domain[4]" time="0.000" /><testcase classname="tests.runner.test_system_events" name="test_inject_rotate_rejects_values_outside_android_rotation_domain[portrait]" time="0.000" /><testcase classname="tests.runner.test_system_events" name="test_inject_process_death_home_kill_relaunch" time="0.000" /><testcase classname="tests.runner.test_system_events" name="test_inject_process_death_relaunches_via_explicit_launcher_activity" time="0.000" /><testcase classname="tests.runner.test_system_events" name="test_inject_process_death_checks_every_phase_process_exit" time="0.000" /><testcase classname="tests.runner.test_system_events" name="test_inject_process_death_fails_closed_when_process_identity_is_unchanged" time="0.000" /><testcase classname="tests.runner.test_system_events" name="test_inject_backup_restore_records_transport_restore_and_process_evidence" time="0.000" /><testcase classname="tests.runner.test_system_events" name="test_inject_backup_restore_fails_closed_and_restores_backup_configuration" time="0.000" /><testcase classname="tests.runner.test_system_events" name="test_inject_network_off_toggles_wifi_and_data" time="0.000" /><testcase classname="tests.runner.test_system_events" name="test_inject_network_on_confirms_wifi_and_mobile_data_settings" time="0.000" /><testcase classname="tests.runner.test_system_events" name="test_inject_network_off_fails_closed_when_wifi_remains_enabled" time="0.000" /><testcase classname="tests.runner.test_system_events" name="test_inject_network_on_fails_closed_when_mobile_data_remains_disabled" time="0.000" /><testcase classname="tests.runner.test_system_events" name="test_inject_wait_confirms_network_and_resumed_activity_postconditions" time="0.000" /><testcase classname="tests.runner.test_system_events" name="test_inject_wait_requires_at_least_one_explicit_postcondition" time="0.000" /><testcase classname="tests.runner.test_system_events" name="test_inject_wait_validates_postconditions_before_sleep" time="0.000" /><testcase classname="tests.runner.test_system_events" name="test_inject_revoke_permission_requires_permission_arg" time="0.000" /><testcase classname="tests.runner.test_system_events" name="test_inject_revoke_permission_fails_closed_when_permission_remains_granted" time="0.000" /><testcase classname="tests.runner.test_system_events" name="test_inject_revoke_permission_confirms_runtime_grant_is_denied" time="0.000" /><testcase classname="tests.runner.test_system_events" name="test_inject_revoke_permission_fails_closed_when_state_is_unobservable" time="0.000" /><testcase classname="tests.runner.test_system_events" name="test_reset_permission_records_pristine_denied_state" time="0.000" /><testcase classname="tests.runner.test_system_events" name="test_grant_permission_records_granted_postcondition" time="0.000" /><testcase classname="tests.runner.test_system_events" name="test_observe_permission_confirms_first_denial_flags" time="0.000" /><testcase classname="tests.runner.test_system_events" name="test_inject_kill_background_uses_package" time="0.000" /><testcase classname="tests.runner.test_system_events" name="test_inject_kill_background_fails_closed_on_nonzero_process_exit" time="0.000" /><testcase classname="tests.runner.test_system_events" name="test_inject_kill_background_fails_closed_when_process_survives" time="0.000" /><testcase classname="tests.runner.test_system_events" name="test_inject_app_to_background_waits_until_another_package_is_resumed" time="0.000" /><testcase classname="tests.runner.test_system_events" name="test_inject_app_to_background_polls_through_transient_resumed_state" time="0.002" /><testcase classname="tests.runner.test_system_events" name="test_inject_app_to_foreground_uses_explicit_activity_and_confirms_resumed" time="0.000" /><testcase classname="tests.runner.test_system_events" name="test_app_to_foreground_prefers_api35_top_resumed_activity" time="0.000" /><testcase classname="tests.runner.test_system_events" name="test_inject_app_to_foreground_polls_through_transient_resumed_state" time="0.002" /><testcase classname="tests.runner.test_system_events" name="test_app_to_foreground_polls_through_transient_unobservable_state" time="0.002" /><testcase classname="tests.runner.test_system_events" name="test_app_lifecycle_events_fail_closed_when_resumed_activity_query_fails[app_to_background]" time="0.000" /><testcase classname="tests.runner.test_system_events" name="test_app_lifecycle_events_fail_closed_when_resumed_activity_query_fails[app_to_foreground]" time="0.000" /><testcase classname="tests.runner.test_system_events" name="test_app_to_background_fails_closed_when_resumed_activity_stays_unobservable" time="0.000" /><testcase classname="tests.runner.test_system_events" name="test_app_lifecycle_events_fail_closed_on_postcondition_timeout[app_to_background-org.example-expected a resumed package other than org.example, observed org.example]" time="0.000" /><testcase classname="tests.runner.test_system_events" name="test_app_lifecycle_events_fail_closed_on_postcondition_timeout[app_to_foreground-com.android.launcher3-expected resumed package org.example, observed com.android.launcher3]" time="0.000" /><testcase classname="tests.runner.test_system_events" name="test_app_lifecycle_events_reject_invalid_polling_args_before_dispatch[app_to_background-args0]" time="0.000" /><testcase classname="tests.runner.test_system_events" name="test_app_lifecycle_events_reject_invalid_polling_args_before_dispatch[app_to_background-args1]" time="0.000" /><testcase classname="tests.runner.test_system_events" name="test_app_lifecycle_events_reject_invalid_polling_args_before_dispatch[app_to_foreground-args2]" time="0.000" /><testcase classname="tests.runner.test_system_events" name="test_app_lifecycle_events_reject_invalid_polling_args_before_dispatch[app_to_foreground-args3]" time="0.000" /><testcase classname="tests.runner.test_system_events" name="test_inject_dark_mode_defaults_to_night_on" time="0.000" /><testcase classname="tests.runner.test_system_events" name="test_inject_dark_mode_night_off_via_args" time="0.000" /><testcase classname="tests.runner.test_system_events" name="test_inject_dark_mode_fails_closed_when_postcondition_does_not_match" time="0.000" /><testcase classname="tests.runner.test_system_events" name="test_inject_dark_mode_rejects_unknown_night_value_before_dispatch" time="0.000" /><testcase classname="tests.runner.test_system_events" name="test_inject_locale_change_records_requested_and_observed_locale" time="0.000" /><testcase classname="tests.runner.test_system_events" name="test_inject_locale_change_rejects_invalid_tags_before_dispatch[]" time="0.000" /><testcase classname="tests.runner.test_system_events" name="test_inject_locale_change_rejects_invalid_tags_before_dispatch[ar_EG]" time="0.000" /><testcase classname="tests.runner.test_system_events" name="test_inject_locale_change_rejects_invalid_tags_before_dispatch[a]" time="0.000" /><testcase classname="tests.runner.test_system_events" name="test_inject_locale_change_rejects_invalid_tags_before_dispatch[arabic]" time="0.000" /><testcase classname="tests.runner.test_system_events" name="test_inject_locale_change_rejects_invalid_tags_before_dispatch[ar-EG-extra]" time="0.000" /><testcase classname="tests.runner.test_system_events" name="test_inject_locale_change_fails_closed_on_observed_mismatch" time="0.000" /><testcase classname="tests.runner.test_system_events" name="test_single_command_events_fail_closed_on_nonzero_process_exit[revoke_permission-args0]" time="0.000" /><testcase classname="tests.runner.test_system_events" name="test_single_command_events_fail_closed_on_nonzero_process_exit[app_to_background-args1]" time="0.000" /><testcase classname="tests.runner.test_system_events" name="test_single_command_events_fail_closed_on_nonzero_process_exit[app_to_foreground-args2]" time="0.000" /><testcase classname="tests.runner.test_system_events" name="test_single_command_events_fail_closed_on_nonzero_process_exit[dark_mode-args3]" time="0.000" /><testcase classname="tests.runner.test_system_events" name="test_network_events_stop_after_the_first_nonzero_process_exit[network_off]" time="0.000" /><testcase classname="tests.runner.test_system_events" name="test_network_events_stop_after_the_first_nonzero_process_exit[network_on]" time="0.000" /><testcase classname="tests.runner.test_verdict" name="test_android_layout_json_to_xml_supports_resource_id_and_state" time="0.000" /><testcase classname="tests.runner.test_verdict" name="test_judge_l2_from_android_layout_passes_matching_assertion" time="0.000" /><testcase classname="tests.runner.test_verdict" name="test_judge_l2_from_android_layout_fails_changed_text" time="0.000" /><testcase classname="tests.runner.test_verdict" name="test_judge_l2_from_android_layout_inconclusive_on_malformed_json" time="0.000" /><testcase classname="tests.test_codex_cli_provider" name="test_complete_returns_last_message_and_openai_provider_id" time="0.001" /><testcase classname="tests.test_codex_cli_provider" name="test_complete_without_system_passes_prompt_verbatim" time="0.001" /><testcase classname="tests.test_codex_cli_provider" name="test_model_override_adds_flag" time="0.001" /><testcase classname="tests.test_codex_cli_provider" name="test_artifact_dir_persists_answer_and_events_per_call" time="0.003" /><testcase classname="tests.test_codex_cli_provider" name="test_artifact_call_binds_requested_model_to_effective_session_model" time="0.002" /><testcase classname="tests.test_codex_cli_provider" name="test_separate_role_uses_custom_artifact_prefix_and_output_schema" time="0.002" /><testcase classname="tests.test_codex_cli_provider" name="test_artifact_prefix_cannot_escape_evidence_namespace[]" time="0.001" /><testcase classname="tests.test_codex_cli_provider" name="test_artifact_prefix_cannot_escape_evidence_namespace[../escape]" time="0.001" /><testcase classname="tests.test_codex_cli_provider" name="test_artifact_prefix_cannot_escape_evidence_namespace[/absolute]" time="0.001" /><testcase classname="tests.test_codex_cli_provider" name="test_artifact_prefix_cannot_escape_evidence_namespace[nested/path]" time="0.001" /><testcase classname="tests.test_codex_cli_provider" name="test_artifact_prefix_cannot_escape_evidence_namespace[aaaaaaaaaaaaaaaaaaaaaaaaaaaaaaaaaaaaaaaaaaaaaaaaaaaaaaaaaaaaaaaaa]" time="0.001" /><testcase classname="tests.test_codex_cli_provider" name="test_nonzero_exit_raises" time="0.001" /><testcase classname="tests.test_codex_cli_provider" name="test_nonzero_invocation_retains_ledger_and_observable_identity" time="0.002" /><testcase classname="tests.test_codex_cli_provider" name="test_missing_result_file_raises" time="0.001" /><testcase classname="tests.test_external_fixture_gate" name="test_default_run_skips_external_fixture" time="0.073" /><testcase classname="tests.test_external_fixture_gate" name="test_explicit_option_runs_external_fixture" time="0.072" /><testcase classname="tests.test_external_fixture_gate" name="test_explicit_option_preserves_strict_source_identity" time="0.198" /><testcase classname="tests.test_external_fixture_gate" name="test_gate_is_discoverable_from_pytest_help" time="0.135" /><testcase classname="tests.test_providers" name="test_calibration_run_rejects_same_provider_for_injector_and_oracle" time="0.000" /><testcase classname="tests.test_providers" name="test_calibration_run_rejects_same_provider_for_injector_and_planner" time="0.000" /><testcase classname="tests.test_providers" name="test_calibration_run_accepts_cross_source_assignment" time="0.000" /><testcase classname="tests.test_providers" name="test_daily_use_allows_same_source" time="0.000" /><testcase classname="tests.test_providers" name="test_mock_provider_returns_responses_in_order_and_records_calls" time="0.001" /></testsuite></testsuites>