<?xml version="1.0" encoding="utf-8"?><testsuites name="pytest tests"><testsuite name="pytest" errors="0" failures="0" skipped="0" tests="65" time="40.494" timestamp="2026-08-23T10:28:55.418124-04:00" hostname="Peters-Mac-mini.local"><testcase classname="tests.injection.test_catalog_admission" name="test_catalogued_source_admits_to_a_structurally_sealed_non_formal_package" time="0.809" /><testcase classname="tests.injection.test_catalog_admission" name="test_checked_in_catalog_binds_declared_patch_and_fixture_bytes" time="0.233" /><testcase classname="tests.injection.test_catalog_admission" name="test_catalog_loader_requires_all_declared_files_to_be_checked_in" time="0.179" /><testcase classname="tests.injection.test_catalog_admission" name="test_catalog_patch_drift_is_a_stable_fail_closed_rejection" time="0.182" /><testcase classname="tests.injection.test_catalog_admission" name="test_catalog_fixture_anchor_drift_is_a_stable_fail_closed_rejection" time="0.184" /><testcase classname="tests.injection.test_catalog_admission" name="test_catalog_disclosure_audit_artifact_drift_is_a_stable_fail_closed_rejection" time="0.193" /><testcase classname="tests.injection.test_catalog_admission" name="test_catalog_rejects_duplicate_sources_and_invalid_provenance" time="0.179" /><testcase classname="tests.injection.test_catalog_admission" name="test_checked_in_stale_result_source_has_a_byte_bound_catalog_entry" time="0.054" /><testcase classname="tests.injection.test_catalog_admission" name="test_catalog_loader_ignores_ambient_git_directory" time="0.234" /><testcase classname="tests.injection.test_catalog_admission" name="test_missing_catalog_selection_has_a_terminal_inspectable_rejection" time="0.245" /><testcase classname="tests.injection.test_catalog_admission" name="test_admission_revalidates_catalog_path_before_materialization" time="0.218" /><testcase classname="tests.injection.test_catalog_admission" name="test_catalog_admission_preserves_a_dirty_caller_checkout" time="0.798" /><testcase classname="tests.injection.test_catalog_admission" name="test_sealed_admission_has_a_hash_chained_immutable_ledger" time="0.728" /><testcase classname="tests.injection.test_catalog_admission" name="test_admission_rejects_a_materialized_receipt_for_another_candidate" time="0.773" /><testcase classname="tests.injection.test_catalog_admission" name="test_admission_rejects_an_unverified_catalog_value" time="0.246" /><testcase classname="tests.injection.test_catalog_admission" name="test_admission_rejects_a_rejected_receipt_for_another_candidate" time="0.250" /><testcase classname="tests.injection.test_change_target_packet" name="test_change_target_packet_rejects_a_missing_pair_with_a_stable_reason" time="0.000" /><testcase classname="tests.injection.test_change_target_packet" name="test_safe_audited_pair_compiles_a_deterministic_blind_change_target_packet" time="1.909" /><testcase classname="tests.injection.test_change_target_packet" name="test_change_target_packet_rejects_an_unsealed_pair_member" time="1.538" /><testcase classname="tests.injection.test_change_target_packet" name="test_change_target_packet_rejects_worktree_provenance_mismatch" time="1.460" /><testcase classname="tests.injection.test_change_target_packet" name="test_change_target_packet_rejects_incompatible_pair_provenance" time="1.686" /><testcase classname="tests.injection.test_change_target_packet" name="test_change_target_packet_rejects_a_pair_with_different_fixture_anchors" time="1.574" /><testcase classname="tests.injection.test_change_target_packet" name="test_change_target_packet_rejects_a_pair_that_fails_its_disclosure_policy" time="1.520" /><testcase classname="tests.injection.test_change_target_packet" name="test_change_target_packet_rechecks_the_final_verifier_visible_path" time="1.582" /><testcase classname="tests.injection.test_change_target_packet" name="test_change_target_packet_sanitizes_a_worktree_resolution_error" time="1.596" /><testcase classname="tests.injection.test_disclosure" name="test_disclosure_policy_rejects_declared_tokens_in_every_visible_surface" time="0.000" /><testcase classname="tests.injection.test_disclosure" name="test_disclosure_policy_marks_clean_nested_material_eligible" time="0.000" /><testcase classname="tests.injection.test_disclosure" name="test_disclosure_policy_normalizes_tokens_explicitly_and_rejects_padded_digests" time="0.000" /><testcase classname="tests.injection.test_disclosure" name="test_stale_result_is_retained_as_audit_evidence_but_rejected_for_blind_packet" time="0.150" /><testcase classname="tests.injection.test_materialization" name="test_materializes_one_delta_in_a_detached_owned_worktree_without_touching_caller" time="1.282" /><testcase classname="tests.injection.test_materialization" name="test_materializes_when_caller_configures_autocrlf" time="0.673" /><testcase classname="tests.injection.test_materialization" name="test_materializes_when_attributes_convert_checkout_line_endings" time="0.761" /><testcase classname="tests.injection.test_materialization" name="test_materialization_disables_caller_checkout_hooks" time="0.769" /><testcase classname="tests.injection.test_materialization" name="test_materialization_disables_caller_fsmonitor" time="0.707" /><testcase classname="tests.injection.test_materialization" name="test_materialization_ignores_an_ambient_git_index_file" time="0.756" /><testcase classname="tests.injection.test_materialization" name="test_materializer_ignores_caller_core_worktree_configuration" time="0.177" /><testcase classname="tests.injection.test_materialization" name="test_materialization_isolates_its_index_from_concurrent_default_index_updates[baseline]" time="0.785" /><testcase classname="tests.injection.test_materialization" name="test_materialization_isolates_its_index_from_concurrent_default_index_updates[diff]" time="0.798" /><testcase classname="tests.injection.test_materialization" name="test_materialization_avoids_caller_side_effects_from_checkout_filters" time="0.871" /><testcase classname="tests.injection.test_materialization" name="test_materialization_does_not_follow_a_replaced_administrative_directory" time="0.572" /><testcase classname="tests.injection.test_materialization" name="test_materialization_does_not_follow_a_replaced_source_parent" time="0.612" /><testcase classname="tests.injection.test_materialization" name="test_materialization_rejects_source_changed_before_receipt_promotion" time="0.696" /><testcase classname="tests.injection.test_materialization" name="test_materialization_preserves_executable_and_symlink_source_entries" time="0.851" /><testcase classname="tests.injection.test_materialization" name="test_materialization_identities_ignore_caller_diff_configuration" time="1.500" /><testcase classname="tests.injection.test_materialization" name="test_non_applicable_patch_returns_a_stable_rejection_and_leaves_no_registered_worktree" time="0.760" /><testcase classname="tests.injection.test_materialization" name="test_materialization_rejects_whitespace_relaxed_patch" time="0.532" /><testcase classname="tests.injection.test_materialization" name="test_rejection_refuses_to_remove_a_worktree_replaced_after_creation" time="0.425" /><testcase classname="tests.injection.test_materialization" name="test_materialization_refuses_a_worktree_replaced_before_fresh_registration" time="0.277" /><testcase classname="tests.injection.test_materialization" name="test_materialization_refuses_a_git_control_file_replaced_before_registration" time="0.396" /><testcase classname="tests.injection.test_materialization" name="test_materialization_refuses_a_git_control_file_replaced_after_registration" time="0.433" /><testcase classname="tests.injection.test_materialization" name="test_materialization_releases_its_reservation_when_worktree_creation_errors" time="0.237" /><testcase classname="tests.injection.test_materialization" name="test_materialization_recovers_a_worktree_created_before_timeout" time="0.396" /><testcase classname="tests.injection.test_materialization" name="test_materialization_preserves_a_directory_replaced_before_reservation_binding" time="0.231" /><testcase classname="tests.injection.test_materialization" name="test_materializes_added_source_files_in_the_canonical_result_diff" time="0.712" /><testcase classname="tests.injection.test_materialization" name="test_provenance_mismatch_rejects_before_creating_a_worktree" time="0.299" /><testcase classname="tests.injection.test_materialization" name="test_malformed_candidate_mapping_returns_a_stable_rejection" time="0.086" /><testcase classname="tests.injection.test_materialization" name="test_direct_candidate_with_an_unencodable_identity_returns_stable_rejection" time="0.168" /><testcase classname="tests.injection.test_materialization" name="test_cleanup_refuses_a_tampered_receipt_pointing_at_an_existing_checkout" time="0.745" /><testcase classname="tests.injection.test_materialization" name="test_cleanup_refuses_a_forged_receipt_for_an_existing_linked_worktree" time="0.709" /><testcase classname="tests.injection.test_materialization" name="test_cleanup_refuses_a_materialized_worktree_whose_source_has_changed" time="0.746" /><testcase classname="tests.injection.test_materialization" name="test_cleanup_refuses_a_git_control_file_redirected_to_an_existing_worktree" time="0.820" /><testcase classname="tests.injection.test_materialization" name="test_cleanup_can_retry_after_the_second_directory_clear_fails" time="0.685" /><testcase classname="tests.injection.test_materialization" name="test_cleanup_refuses_a_worktree_replaced_after_its_final_verification" time="0.705" /><testcase classname="tests.injection.test_materialization" name="test_cleanup_preserves_a_directory_replaced_after_final_directory_check" time="0.617" /><testcase classname="tests.injection.test_materialization" name="test_materializer_refuses_to_place_disposable_worktrees_inside_the_caller_checkout" time="0.090" /></testsuite></testsuites>