<?xml version='1.0' encoding='UTF-8' ?>
<testsuites tests="1" failures="0" errors="0" skipped="0" time="1.366" timestamp="2026-08-03T16:01:38" hostname="localhost">
  <testsuite name="org.wikipedia.m6.M6H01WiktionaryStyleTagsTest" tests="1" failures="0" errors="0" skipped="0" time="0.697" timestamp="2026-08-03T16:01:38" hostname="localhost">
    <properties>
      <property name="device" value="aiverify_api35(AVD) - 15" />
      <property name="flavor" value="dev" />
      <property name="project" value=":app" />
    </properties>
    <testcase name="stylePayloadIsNotRenderedInAnyDefinitionField" classname="org.wikipedia.m6.M6H01WiktionaryStyleTagsTest" time="0.697" />
  </testsuite>
</testsuites>