<?xml version="1.0" encoding="utf-8"?><testsuites name="pytest tests"><testsuite name="pytest" errors="0" failures="0" skipped="0" tests="338" time="9.068" timestamp="2026-08-27T12:12:47.851691-04:00" hostname="Peters-Mac-mini.local"><testcase classname="tests.runner.test_admission" name="test_git_identity_runners_reject_non_identity_commands" time="0.000" /><testcase classname="tests.runner.test_admission" name="test_root_host_admits_and_receipt_regeneration_is_deterministic" time="0.221" /><testcase classname="tests.runner.test_admission" name="test_codex_cli_default_model_selection_is_explicitly_admitted" time="0.148" /><testcase classname="tests.runner.test_admission" name="test_empty_model_override_is_rejected" time="0.145" /><testcase classname="tests.runner.test_admission" name="test_serialized_run_spec_drift_is_rejected_before_external_work" time="0.147" /><testcase classname="tests.runner.test_admission" name="test_missing_serialized_run_spec_identity_is_rejected_before_external_work" time="0.146" /><testcase classname="tests.runner.test_admission" name="test_unreadable_serialized_run_spec_is_rejected_before_external_work" time="0.148" /><testcase classname="tests.runner.test_admission" name="test_rejected_admission_receipt_is_persisted_exactly_once" time="0.148" /><testcase classname="tests.runner.test_admission" name="test_incomplete_serialized_receipt_is_rejected_before_external_work" time="0.147" /><testcase classname="tests.runner.test_admission" name="test_serialized_admitted_receipt_revalidates_without_external_work" time="0.216" /><testcase classname="tests.runner.test_admission" name="test_serialized_receipt_identity_drift_is_rejected_before_external_work[run_spec-Run Spec drift]" time="0.218" /><testcase classname="tests.runner.test_admission" name="test_serialized_receipt_identity_drift_is_rejected_before_external_work[runner_policy-runner-option drift]" time="0.219" /><testcase classname="tests.runner.test_admission" name="test_serialized_receipt_identity_drift_is_rejected_before_external_work[host-source/worktree drift]" time="0.216" /><testcase classname="tests.runner.test_admission" name="test_serialized_receipt_identity_drift_is_rejected_before_external_work[target-target drift]" time="0.216" /><testcase classname="tests.runner.test_admission" name="test_serialized_receipt_identity_drift_is_rejected_before_external_work[artifact_namespace-artifact namespace drift]" time="0.217" /><testcase classname="tests.runner.test_admission" name="test_target_identity_rejections_are_side_effect_free[package]" time="0.146" /><testcase classname="tests.runner.test_admission" name="test_target_identity_rejections_are_side_effect_free[activity]" time="0.149" /><testcase classname="tests.runner.test_admission" name="test_target_identity_rejections_are_side_effect_free[escaping-apk]" time="0.145" /><testcase classname="tests.runner.test_admission" name="test_target_identity_rejections_are_side_effect_free[empty-apk]" time="0.148" /><testcase classname="tests.runner.test_admission" name="test_target_identity_rejections_are_side_effect_free[device]" time="0.145" /><testcase classname="tests.runner.test_admission" name="test_host_identity_rejections_are_side_effect_free[missing-host]" time="0.076" /><testcase classname="tests.runner.test_admission" name="test_host_identity_rejections_are_side_effect_free[non-root-workdir]" time="0.083" /><testcase classname="tests.runner.test_admission" name="test_host_identity_rejections_are_side_effect_free[outside-host]" time="0.082" /><testcase classname="tests.runner.test_admission" name="test_host_identity_rejections_are_side_effect_free[dirty-worktree]" time="0.112" /><testcase classname="tests.runner.test_admission" name="test_host_identity_rejections_are_side_effect_free[missing-locator]" time="0.114" /><testcase classname="tests.runner.test_admission" name="test_host_identity_rejections_are_side_effect_free[origin-drift]" time="0.115" /><testcase classname="tests.runner.test_admission" name="test_host_identity_rejections_are_side_effect_free[invalid-commit]" time="0.112" /><testcase classname="tests.runner.test_admission" name="test_host_identity_rejections_are_side_effect_free[commit-drift]" time="0.113" /><testcase classname="tests.runner.test_admission" name="test_failed_git_identity_query_is_rejected_before_external_work" time="0.085" /><testcase classname="tests.runner.test_admission" name="test_unavailable_host_identity_is_rejected_before_external_work[missing-origin]" time="0.104" /><testcase classname="tests.runner.test_admission" name="test_unavailable_host_identity_is_rejected_before_external_work[invalid-commit]" time="0.105" /><testcase classname="tests.runner.test_admission" name="test_runner_policy_rejections_are_side_effect_free[backend]" time="0.149" /><testcase classname="tests.runner.test_admission" name="test_runner_policy_rejections_are_side_effect_free[policy-version]" time="0.145" /><testcase classname="tests.runner.test_admission" name="test_runner_policy_rejections_are_side_effect_free[driver-model]" time="0.147" /><testcase classname="tests.runner.test_admission" name="test_runner_policy_rejections_are_side_effect_free[l3-model]" time="0.146" /><testcase classname="tests.runner.test_admission" name="test_runner_policy_rejections_are_side_effect_free[tool]" time="0.151" /><testcase classname="tests.runner.test_admission" name="test_invalid_artifact_namespace_is_rejected_before_external_work[filesystem-root]" time="0.148" /><testcase classname="tests.runner.test_admission" name="test_invalid_artifact_namespace_is_rejected_before_external_work[root-run-directory]" time="0.150" /><testcase classname="tests.runner.test_admission" name="test_existing_formal_artifact_rejects_namespace_without_mutation[execution-record.json]" time="0.150" /><testcase classname="tests.runner.test_admission" name="test_existing_formal_artifact_rejects_namespace_without_mutation[verdict.json]" time="0.149" /><testcase classname="tests.runner.test_admission" name="test_existing_formal_artifact_rejects_namespace_without_mutation[live-validation-gate.json]" time="0.151" /><testcase classname="tests.runner.test_admission" name="test_existing_formal_artifact_rejects_namespace_without_mutation[runner-setup.json]" time="0.148" /><testcase classname="tests.runner.test_admission" name="test_historical_host_subdirectory_is_rejected_without_device_side_effects" time="0.083" /><testcase classname="tests.runner.test_admission" name="test_corrected_host_subdirectory_policy_admits" time="0.147" /><testcase classname="tests.runner.test_admission" name="test_sealed_run_spec_commit_can_bind_to_policy_after_mapping_release" time="0.154" /><testcase classname="tests.runner.test_admission" name="test_formal_receipt_rejects_option_and_source_drift_before_external_calls" time="0.295" /><testcase classname="tests.runner.test_admission" name="test_serialized_receipt_drift_blocks_public_runner_before_execution_record" time="0.220" /><testcase classname="tests.runner.test_admission" name="test_formal_runner_checks_receipt_before_establishing_execution_record" time="0.150" /><testcase classname="tests.runner.test_admission" name="test_admission_rejects_preexisting_runner_setup_before_external_side_effects" time="0.150" /><testcase classname="tests.runner.test_admission" name="test_temporary_admission_record_is_terminal_and_non_accountable" time="0.085" /><testcase classname="tests.runner.test_cli" name="test_instruction_prefix_separates_action_dispatch_from_product_outcome" time="0.000" /><testcase classname="tests.runner.test_cli" name="test_l3_skipped_without_l3_spec" time="0.001" /><testcase classname="tests.runner.test_cli" name="test_l3_skipped_when_cheaper_oracle_already_failed[fail-inconclusive]" time="0.001" /><testcase classname="tests.runner.test_cli" name="test_l3_skipped_when_cheaper_oracle_already_failed[inconclusive-fail]" time="0.001" /><testcase classname="tests.runner.test_cli" name="test_l3_runs_when_gated_open_and_returns_judge_verdict" time="0.001" /><testcase classname="tests.runner.test_cli" name="test_l3_schema_failure_twice_degrades_to_inconclusive" time="0.001" /><testcase classname="tests.runner.test_cli" name="test_l3_unparseable_json_degrades_to_inconclusive" time="0.001" /><testcase classname="tests.runner.test_cli" name="test_metric_context_separates_seed_taxonomy_from_oracle_class" time="0.000" /><testcase classname="tests.runner.test_cli" name="test_metric_context_marks_missed_injected_seed" time="0.000" /><testcase classname="tests.runner.test_cli" name="test_interrupted_journey_writes_non_accountable_run_result" time="0.003" /><testcase classname="tests.runner.test_cli" name="test_public_run_retains_failed_anr_checkpoint_diagnostics" time="0.003" /><testcase classname="tests.runner.test_cli" name="test_public_run_restores_search_card_action_from_stable_id" time="0.005" /><testcase classname="tests.runner.test_cli" name="test_public_run_keeps_dispatched_anr_trigger_accountable_for_l1" time="0.005" /><testcase classname="tests.runner.test_cli" name="test_public_run_system_event_failure_is_canonical_and_skips_all_oracles" time="0.004" /><testcase classname="tests.runner.test_cli" name="test_public_run_reproduces_historical_anr_failed_status" time="0.005" /><testcase classname="tests.runner.test_cli" name="test_completed_run_persists_and_links_live_validation_preflight" time="0.003" /><testcase classname="tests.runner.test_cli" name="test_public_run_establishes_one_execution_record_before_preflight_and_finalizes_it" time="0.003" /><testcase classname="tests.runner.test_cli" name="test_public_run_rejects_reused_attempt_directory_before_preflight" time="0.001" /><testcase classname="tests.runner.test_cli" name="test_public_run_rejects_stale_runner_setup_before_preflight_or_device_action" time="0.001" /><testcase classname="tests.runner.test_cli" name="test_missing_static_identity_fails_before_preflight_or_device_action" time="0.002" /><testcase classname="tests.runner.test_cli" name="test_identity_finalization_failure_discards_oracle_accounting" time="0.003" /><testcase classname="tests.runner.test_cli" name="test_pre_agent_identity_drift_blocks_journey_and_oracles" time="0.002" /><testcase classname="tests.runner.test_cli" name="test_public_run_rejects_preexisting_custom_artifact_directory_before_preflight" time="0.001" /><testcase classname="tests.runner.test_cli" name="test_failed_live_validation_preflight_is_non_accountable_and_blocks_launch" time="0.002" /><testcase classname="tests.runner.test_cli" name="test_live_validation_gate_output_failure_finalizes_as_non_accountable" time="0.001" /><testcase classname="tests.runner.test_cli" name="test_preflight_rejection_verdict_output_failure_preserves_ordered_errors" time="0.002" /><testcase classname="tests.runner.test_cli" name="test_preflight_timeout_finalizes_non_accountable_execution_record" time="0.002" /><testcase classname="tests.runner.test_cli" name="test_unhandled_preflight_exception_becomes_a_terminal_non_accountable_run" time="0.002" /><testcase classname="tests.runner.test_cli" name="test_runner_setup_failure_finalizes_record_before_journey_or_oracles" time="0.002" /><testcase classname="tests.runner.test_cli" name="test_runner_setup_nonzero_logcat_exit_is_non_accountable_and_blocks_journey" time="0.002" /><testcase classname="tests.runner.test_cli" name="test_runner_setup_nonzero_launch_exit_is_non_accountable_and_blocks_journey" time="0.002" /><testcase classname="tests.runner.test_cli" name="test_oracle_exception_preserves_flow_evidence_but_skips_oracle_accounting" time="0.003" /><testcase classname="tests.runner.test_cli" name="test_unexpected_journey_exception_becomes_an_interrupted_attempt" time="0.002" /><testcase classname="tests.runner.test_cli" name="test_verdict_output_failure_finalizes_record_without_oracle_accounting" time="0.003" /><testcase classname="tests.runner.test_cli" name="test_record_finalization_failure_leaves_original_nonterminal_record" time="0.003" /><testcase classname="tests.runner.test_cli" name="test_main_returns_nonzero_when_execution_record_storage_fails" time="0.001" /><testcase classname="tests.runner.test_cli" name="test_main_resolves_portable_host_override_and_defaults_workdir_to_it" time="0.001" /><testcase classname="tests.runner.test_cli" name="test_app_smoke_preflight_uses_explicit_run_spec_configuration" time="0.003" /><testcase classname="tests.runner.test_cli" name="test_main_returns_distinct_status_for_non_accountable_run" time="0.001" /><testcase classname="tests.runner.test_cli" name="test_l2_is_inconclusive_for_ambiguous_multiple_boundaries" time="0.000" /><testcase classname="tests.runner.test_cli" name="test_l2_keeps_eventless_scenarios_inconclusive" time="0.000" /><testcase classname="tests.runner.test_cli" name="test_l2_keeps_single_boundary_default_selection" time="0.001" /><testcase classname="tests.runner.test_cli" name="test_l2_uses_explicitly_selected_boundary" time="0.001" /><testcase classname="tests.runner.test_cli" name="test_l2_selection_supports_tenth_boundary_without_lexical_sorting" time="0.001" /><testcase classname="tests.runner.test_cli_phase_ordering" name="test_runner_failure_at_each_phase_blocks_later_external_work[pre-run-setup]" time="0.001" /><testcase classname="tests.runner.test_cli_phase_ordering" name="test_runner_failure_at_each_phase_blocks_later_external_work[static-identity]" time="0.001" /><testcase classname="tests.runner.test_cli_phase_ordering" name="test_runner_failure_at_each_phase_blocks_later_external_work[preflight-exception]" time="0.001" /><testcase classname="tests.runner.test_cli_phase_ordering" name="test_runner_failure_at_each_phase_blocks_later_external_work[preflight-rejection]" time="0.002" /><testcase classname="tests.runner.test_cli_phase_ordering" name="test_runner_failure_at_each_phase_blocks_later_external_work[deployment]" time="0.002" /><testcase classname="tests.runner.test_cli_phase_ordering" name="test_runner_failure_at_each_phase_blocks_later_external_work[readiness]" time="0.002" /><testcase classname="tests.runner.test_cli_phase_ordering" name="test_runner_failure_at_each_phase_blocks_later_external_work[runner-setup]" time="0.002" /><testcase classname="tests.runner.test_cli_phase_ordering" name="test_runner_failure_at_each_phase_blocks_later_external_work[runner-setup-output]" time="0.002" /><testcase classname="tests.runner.test_cli_phase_ordering" name="test_runner_failure_at_each_phase_blocks_later_external_work[journey]" time="0.002" /><testcase classname="tests.runner.test_cli_phase_ordering" name="test_runner_failure_at_each_phase_blocks_later_external_work[journey-without-launch]" time="0.002" /><testcase classname="tests.runner.test_cli_phase_ordering" name="test_runner_failure_at_each_phase_blocks_later_external_work[oracle]" time="0.003" /><testcase classname="tests.runner.test_cli_phase_ordering" name="test_runner_failure_at_each_phase_blocks_later_external_work[identity-finalize]" time="0.007" /><testcase classname="tests.runner.test_cli_phase_ordering" name="test_runner_failure_at_each_phase_blocks_later_external_work[verdict-output]" time="0.003" /><testcase classname="tests.runner.test_cli_phase_ordering" name="test_admission_contract_rejections_precede_execution_record[collector-and-factory]" time="0.000" /><testcase classname="tests.runner.test_cli_phase_ordering" name="test_admission_contract_rejections_precede_execution_record[missing-receipt-and-policy]" time="0.000" /><testcase classname="tests.runner.test_cli_phase_ordering" name="test_admission_contract_rejections_precede_execution_record[policy-drift]" time="0.001" /><testcase classname="tests.runner.test_cli_phase_ordering" name="test_admitted_policy_is_revalidated_before_execution_record" time="0.001" /><testcase classname="tests.runner.test_cli_phase_ordering" name="test_identity_factory_receives_the_established_attempt_id" time="0.001" /><testcase classname="tests.runner.test_cli_phase_ordering" name="test_non_accountable_journey_without_runner_setup_omits_that_reference" time="0.002" /><testcase classname="tests.runner.test_cli_phase_ordering" name="test_trigger_steps_records_the_system_event_boundary" time="0.000" /><testcase classname="tests.runner.test_cli_phase_ordering" name="test_l2_helper_rejects_invalid_or_incomplete_boundary_evidence" time="0.000" /><testcase classname="tests.runner.test_cli_phase_ordering" name="test_metric_context_marks_a_failed_baseline_control_as_false_positive" time="0.000" /><testcase classname="tests.runner.test_cli_phase_ordering" name="test_live_validation_gate_summary_preserves_the_app_surface" time="0.000" /><testcase classname="tests.runner.test_cli_phase_ordering" name="test_runner_setup_requires_an_adb_result" time="0.000" /><testcase classname="tests.runner.test_cli_phase_ordering" name="test_main_rejected_admission_stops_before_runner" time="0.001" /><testcase classname="tests.runner.test_cli_phase_ordering" name="test_main_admitted_receipt_reaches_runner_with_the_exact_policy" time="0.001" /><testcase classname="tests.runner.test_cli_phase_ordering" name="test_module_entrypoint_routes_help_without_runner_side_effects" time="0.001" /><testcase classname="tests.runner.test_codex_backend" name="test_codex_backend_invokes_exec_and_parses_result" time="0.079" /><testcase classname="tests.runner.test_codex_backend" name="test_codex_backend_binds_requested_model_to_effective_session_model" time="0.002" /><testcase classname="tests.runner.test_codex_backend" name="test_codex_backend_rejects_requested_effective_model_mismatch" time="0.002" /><testcase classname="tests.runner.test_codex_backend" name="test_codex_backend_resolves_artifact_paths_before_changing_to_host_workdir" time="0.087" /><testcase classname="tests.runner.test_codex_backend" name="test_codex_backend_raises_on_nonzero_exit" time="0.001" /><testcase classname="tests.runner.test_codex_backend" name="test_nonzero_backend_invocation_retains_observable_identity" time="0.079" /><testcase classname="tests.runner.test_codex_backend" name="test_codex_backend_raises_on_invalid_schema" time="0.002" /><testcase classname="tests.runner.test_codex_backend" name="test_codex_backend_rejects_historical_action_text_without_action_id" time="0.002" /><testcase classname="tests.runner.test_codex_backend" name="test_codex_backend_raises_on_malformed_json" time="0.001" /><testcase classname="tests.runner.test_evidence" name="test_capture_checkpoint_writes_evidence_files" time="0.001" /><testcase classname="tests.runner.test_evidence" name="test_device_scoped_checkpoint_never_uses_unscoped_android_screenshot" time="0.001" /><testcase classname="tests.runner.test_evidence" name="test_device_scoped_fallback_uses_unique_remote_paths_for_overlapping_runs" time="0.001" /><testcase classname="tests.runner.test_evidence" name="test_capture_checkpoint_raises_on_command_failure" time="0.001" /><testcase classname="tests.runner.test_evidence" name="test_capture_checkpoint_retries_transient_empty_layout" time="0.001" /><testcase classname="tests.runner.test_evidence" name="test_capture_checkpoint_applies_timeouts_to_screens_and_logcat" time="0.001" /><testcase classname="tests.runner.test_evidence" name="test_capture_checkpoint_wraps_command_timeout" time="0.001" /><testcase classname="tests.runner.test_evidence" name="test_capture_checkpoint_fails_closed_when_screen_command_writes_no_artifact" time="0.001" /><testcase classname="tests.runner.test_evidence" name="test_capture_checkpoint_refuses_contradictory_stale_artifacts" time="0.001" /><testcase classname="tests.runner.test_execution_identity" name="test_collector_binds_effective_execution_and_verifies_provenance" time="0.381" /><testcase classname="tests.runner.test_execution_identity" name="test_run_spec_fixture_subdirectory_requires_explicit_identity_opt_in" time="0.001" /><testcase classname="tests.runner.test_execution_record" name="test_nonterminal_execution_record_is_always_abandoned_and_non_accountable" time="0.001" /><testcase classname="tests.runner.test_execution_record" name="test_schema_v2_completed_record_requires_provenance_binding" time="0.001" /><testcase classname="tests.runner.test_execution_record" name="test_finalize_after_published_replace_reports_durability_uncertainty_not_failure[accountable-completed-directory-sync-published ExecutionRecord could not confirm directory durability]" time="0.001" /><testcase classname="tests.runner.test_execution_record" name="test_finalize_after_published_replace_reports_durability_uncertainty_not_failure[accountable-completed-temporary-cleanup-published ExecutionRecord could not clean already-published temporary path]" time="0.001" /><testcase classname="tests.runner.test_execution_record" name="test_finalize_after_published_replace_reports_durability_uncertainty_not_failure[non-accountable-failed-directory-sync-published ExecutionRecord could not confirm directory durability]" time="0.001" /><testcase classname="tests.runner.test_execution_record" name="test_finalize_after_published_replace_reports_durability_uncertainty_not_failure[non-accountable-failed-temporary-cleanup-published ExecutionRecord could not clean already-published temporary path]" time="0.001" /><testcase classname="tests.runner.test_execution_record" name="test_finalize_before_published_replace_remains_fail_closed" time="0.001" /><testcase classname="tests.runner.test_execution_record" name="test_failed_prepublication_cleanup_cannot_make_temporary_record_authoritative" time="0.001" /><testcase classname="tests.runner.test_execution_record" name="test_execution_record_loader_rejects_accountable_nonterminal_contradiction" time="0.001" /><testcase classname="tests.runner.test_execution_record" name="test_execution_record_finalization_rejects_lifecycle_contradictions[completed-execution0-2-completed.*must be accountable]" time="0.001" /><testcase classname="tests.runner.test_execution_record" name="test_execution_record_finalization_rejects_lifecycle_contradictions[failed-execution1-0-failed.*must be non-accountable]" time="0.001" /><testcase classname="tests.runner.test_execution_record" name="test_json_artifact_write_is_atomic_and_never_overwrites_an_existing_result" time="0.001" /><testcase classname="tests.runner.test_execution_record" name="test_terminal_execution_record_rejects_a_different_final_phase_reason" time="0.001" /><testcase classname="tests.runner.test_execution_record_terminal_accounting" name="test_validate_rejects_each_in_progress_contradiction[unsupported-lifecycle]" time="0.000" /><testcase classname="tests.runner.test_execution_record_terminal_accounting" name="test_validate_rejects_each_in_progress_contradiction[execution-not-object]" time="0.000" /><testcase classname="tests.runner.test_execution_record_terminal_accounting" name="test_validate_rejects_each_in_progress_contradiction[timing-not-object]" time="0.000" /><testcase classname="tests.runner.test_execution_record_terminal_accounting" name="test_validate_rejects_each_in_progress_contradiction[timing-start-mismatch]" time="0.000" /><testcase classname="tests.runner.test_execution_record_terminal_accounting" name="test_validate_rejects_each_in_progress_contradiction[timing-phases-not-list]" time="0.000" /><testcase classname="tests.runner.test_execution_record_terminal_accounting" name="test_validate_rejects_each_in_progress_contradiction[phase-errors-not-list]" time="0.000" /><testcase classname="tests.runner.test_execution_record_terminal_accounting" name="test_validate_rejects_each_in_progress_contradiction[references-not-object]" time="0.000" /><testcase classname="tests.runner.test_execution_record_terminal_accounting" name="test_validate_rejects_each_in_progress_contradiction[terminal-reason]" time="0.000" /><testcase classname="tests.runner.test_execution_record_terminal_accounting" name="test_validate_rejects_each_in_progress_contradiction[terminal-outcome]" time="0.000" /><testcase classname="tests.runner.test_execution_record_terminal_accounting" name="test_validate_rejects_each_in_progress_contradiction[terminal-timing]" time="0.000" /><testcase classname="tests.runner.test_execution_record_terminal_accounting" name="test_validate_rejects_each_in_progress_contradiction[terminal-phase-errors]" time="0.000" /><testcase classname="tests.runner.test_execution_record_terminal_accounting" name="test_validate_rejects_root_shape_contradictions[not-an-object]" time="0.000" /><testcase classname="tests.runner.test_execution_record_terminal_accounting" name="test_validate_rejects_root_shape_contradictions[unsupported-schema]" time="0.000" /><testcase classname="tests.runner.test_execution_record_terminal_accounting" name="test_validate_rejects_root_shape_contradictions[empty-required-field]" time="0.000" /><testcase classname="tests.runner.test_execution_record_terminal_accounting" name="test_validate_rejects_each_terminal_contradiction[missing-finished-at]" time="0.000" /><testcase classname="tests.runner.test_execution_record_terminal_accounting" name="test_validate_rejects_each_terminal_contradiction[timing-finished-at-mismatch]" time="0.000" /><testcase classname="tests.runner.test_execution_record_terminal_accounting" name="test_validate_rejects_each_terminal_contradiction[invalid-total-seconds]" time="0.000" /><testcase classname="tests.runner.test_execution_record_terminal_accounting" name="test_validate_rejects_each_terminal_contradiction[completed-reason]" time="0.000" /><testcase classname="tests.runner.test_execution_record_terminal_accounting" name="test_validate_rejects_each_terminal_contradiction[completed-phase-errors]" time="0.000" /><testcase classname="tests.runner.test_execution_record_terminal_accounting" name="test_validate_rejects_each_terminal_contradiction[completed-missing-provenance]" time="0.000" /><testcase classname="tests.runner.test_execution_record_terminal_accounting" name="test_validate_rejects_each_terminal_contradiction[completed-invalid-provenance]" time="0.000" /><testcase classname="tests.runner.test_execution_record_terminal_accounting" name="test_validate_rejects_each_terminal_contradiction[missing-canonical-reason]" time="0.000" /><testcase classname="tests.runner.test_execution_record_terminal_accounting" name="test_validate_rejects_each_terminal_contradiction[non-accountable-exit-code]" time="0.000" /><testcase classname="tests.runner.test_execution_record_terminal_accounting" name="test_validate_rejects_each_terminal_contradiction[missing-phase-errors]" time="0.000" /><testcase classname="tests.runner.test_execution_record_terminal_accounting" name="test_validate_rejects_each_terminal_contradiction[phase-error-not-object]" time="0.000" /><testcase classname="tests.runner.test_execution_record_terminal_accounting" name="test_validate_rejects_each_terminal_contradiction[phase-error-missing-message]" time="0.000" /><testcase classname="tests.runner.test_execution_record_terminal_accounting" name="test_schema_v1_completed_record_does_not_require_v2_provenance" time="0.000" /><testcase classname="tests.runner.test_execution_record_terminal_accounting" name="test_loader_rejects_invalid_json_before_returning_an_execution_record" time="0.000" /><testcase classname="tests.runner.test_execution_record_terminal_accounting" name="test_finalize_rejects_changed_identity_or_a_second_terminalization[attempt-identity]" time="0.001" /><testcase classname="tests.runner.test_execution_record_terminal_accounting" name="test_finalize_rejects_changed_identity_or_a_second_terminalization[already-terminal]" time="0.001" /><testcase classname="tests.runner.test_execution_record_terminal_accounting" name="test_finalize_storage_failures_leave_the_persisted_record_unchanged[corrupt-record]" time="0.001" /><testcase classname="tests.runner.test_execution_record_terminal_accounting" name="test_finalize_storage_failures_leave_the_persisted_record_unchanged[missing-finished-at]" time="0.001" /><testcase classname="tests.runner.test_execution_record_terminal_accounting" name="test_finalize_storage_failures_leave_the_persisted_record_unchanged[replace-failure]" time="0.001" /><testcase classname="tests.runner.test_execution_record_terminal_accounting" name="test_terminal_non_accountable_finalization_is_exactly_once[preflight_rejected]" time="0.001" /><testcase classname="tests.runner.test_execution_record_terminal_accounting" name="test_terminal_non_accountable_finalization_is_exactly_once[interrupted]" time="0.001" /><testcase classname="tests.runner.test_execution_record_terminal_accounting" name="test_terminal_non_accountable_finalization_is_exactly_once[failed]" time="0.001" /><testcase classname="tests.runner.test_execution_record_terminal_accounting" name="test_terminal_execution_record_reason_is_the_canonical_reason" time="0.000" /><testcase classname="tests.runner.test_execution_record_terminal_accounting" name="test_establish_rejects_existing_runner_output_without_overwriting_it[execution-record.json]" time="0.001" /><testcase classname="tests.runner.test_execution_record_terminal_accounting" name="test_establish_rejects_existing_runner_output_without_overwriting_it[verdict.json]" time="0.001" /><testcase classname="tests.runner.test_execution_record_terminal_accounting" name="test_establish_rejects_existing_runner_output_without_overwriting_it[live-validation-gate.json]" time="0.001" /><testcase classname="tests.runner.test_execution_record_terminal_accounting" name="test_establish_rejects_existing_runner_output_without_overwriting_it[runner-setup.json]" time="0.001" /><testcase classname="tests.runner.test_execution_record_terminal_accounting" name="test_establish_rejects_existing_runner_output_without_overwriting_it[artifacts]" time="0.000" /><testcase classname="tests.runner.test_execution_record_terminal_accounting" name="test_establish_wraps_an_exclusive_write_failure" time="0.000" /><testcase classname="tests.runner.test_execution_record_terminal_accounting" name="test_exclusive_artifact_writes_preserve_existing_evidence[json]" time="0.001" /><testcase classname="tests.runner.test_execution_record_terminal_accounting" name="test_exclusive_artifact_writes_preserve_existing_evidence[bytes]" time="0.001" /><testcase classname="tests.runner.test_execution_record_terminal_accounting" name="test_atomic_replace_failure_preserves_the_original_record_and_handles_cleanup[cleanup]" time="0.001" /><testcase classname="tests.runner.test_execution_record_terminal_accounting" name="test_atomic_replace_failure_preserves_the_original_record_and_handles_cleanup[cleanup-error]" time="0.001" /><testcase classname="tests.runner.test_journey" name="test_scenario_to_segments_splits_after_event_step" time="0.000" /><testcase classname="tests.runner.test_journey" name="test_scenario_to_segments_rejects_out_of_range_event" time="0.000" /><testcase classname="tests.runner.test_journey" name="test_scenario_to_segments_allows_trailing_system_event" time="0.000" /><testcase classname="tests.runner.test_journey" name="test_segment_to_journey_xml_escapes_actions" time="0.000" /><testcase classname="tests.runner.test_journey" name="test_segment_to_journey_xml_assigns_stable_action_ids" time="0.000" /><testcase classname="tests.runner.test_journey" name="test_journey_segment_runner_orders_segments_events_and_checkpoints" time="0.004" /><testcase classname="tests.runner.test_journey" name="test_journey_segment_runner_times_every_phase" time="0.004" /><testcase classname="tests.runner.test_journey" name="test_journey_segment_runner_persists_system_event_evidence" time="0.005" /><testcase classname="tests.runner.test_journey" name="test_journey_segment_runner_prepends_instruction_prefix" time="0.002" /><testcase classname="tests.runner.test_journey" name="test_failed_journey_action_stops_before_event_and_keeps_checkpoint" time="0.002" /><testcase classname="tests.runner.test_journey" name="test_skipped_journey_action_is_non_accountable" time="0.002" /><testcase classname="tests.runner.test_journey" name="test_missing_action_result_is_non_accountable" time="0.001" /><testcase classname="tests.runner.test_journey" name="test_mismatched_action_result_is_non_accountable" time="0.001" /><testcase classname="tests.runner.test_journey" name="test_stable_action_id_restores_exact_requested_action" time="0.002" /><testcase classname="tests.runner.test_journey" name="test_unknown_action_status_fails_closed_when_backend_bypasses_schema" time="0.001" /><testcase classname="tests.runner.test_journey" name="test_invalid_action_lineage_fails_closed[missing-id]" time="0.001" /><testcase classname="tests.runner.test_journey" name="test_invalid_action_lineage_fails_closed[unrelated-action-text]" time="0.001" /><testcase classname="tests.runner.test_journey" name="test_invalid_action_lineage_fails_closed[duplicated-id]" time="0.001" /><testcase classname="tests.runner.test_journey" name="test_invalid_action_lineage_fails_closed[reordered-results]" time="0.001" /><testcase classname="tests.runner.test_journey" name="test_invalid_action_lineage_fails_closed[contradictory-action-text]" time="0.001" /><testcase classname="tests.runner.test_journey" name="test_invalid_action_lineage_fails_closed[wrong-journey]" time="0.001" /><testcase classname="tests.runner.test_journey" name="test_multi_segment_interruption_keeps_completed_prior_boundary_evidence" time="0.004" /><testcase classname="tests.runner.test_journey" name="test_backend_failure_becomes_non_accountable_journey_interruption" time="0.000" /><testcase classname="tests.runner.test_journey" name="test_backend_failure_retains_codex_artifact_references" time="0.001" /><testcase classname="tests.runner.test_journey" name="test_checkpoint_failure_keeps_completed_journey_for_diagnostics" time="0.001" /><testcase classname="tests.runner.test_journey" name="test_anr_layout_failure_retains_bounded_checkpoint_diagnostics" time="0.001" /><testcase classname="tests.runner.test_journey" name="test_system_event_failure_keeps_pre_event_checkpoint" time="0.002" /><testcase classname="tests.runner.test_journey" name="test_system_event_timeout_uses_canonical_reason_and_keeps_pre_event_evidence" time="0.002" /><testcase classname="tests.runner.test_journey_backend_selection" name="test_closed_backend_identities_and_legacy_default_are_explicit" time="0.000" /><testcase classname="tests.runner.test_journey_backend_selection" name="test_deterministic_selection_binds_plan_and_forbids_journey_model" time="0.222" /><testcase classname="tests.runner.test_journey_backend_selection" name="test_codex_selection_rejects_a_driver_plan_before_external_work" time="0.148" /><testcase classname="tests.runner.test_journey_backend_selection" name="test_unknown_backend_is_rejected_without_resolving_backend_tools" time="0.145" /><testcase classname="tests.runner.test_journey_backend_selection" name="test_admitted_selection_receipt_rejects_driver_plan_drift" time="0.221" /><testcase classname="tests.runner.test_journey_backend_selection" name="test_selected_non_codex_backend_cannot_receive_legacy_codex_request" time="0.001" /><testcase classname="tests.runner.test_journey_backend_selection" name="test_factory_dispatches_only_to_the_explicit_selected_backend" time="0.001" /><testcase classname="tests.runner.test_journey_backend_selection" name="test_runner_separates_backend_raw_evidence_from_canonical_normalized_output" time="0.003" /><testcase classname="tests.runner.test_journey_backend_selection" name="test_cli_does_not_fallback_to_codex_for_unwired_deterministic_selection" time="0.001" /><testcase classname="tests.runner.test_package_reset" name="test_absent_package_is_already_clean_without_clear" time="0.000" /><testcase classname="tests.runner.test_package_reset" name="test_controller_device_identity_must_match_the_receipt" time="0.000" /><testcase classname="tests.runner.test_package_reset" name="test_installed_package_must_clear_successfully" time="0.000" /><testcase classname="tests.runner.test_package_reset" name="test_installed_package_clear_failure_is_not_treated_as_absent" time="0.000" /><testcase classname="tests.runner.test_package_reset" name="test_query_failures_and_contradictions_fail_closed[query0-package presence query failed]" time="0.000" /><testcase classname="tests.runner.test_package_reset" name="test_query_failures_and_contradictions_fail_closed[query1-package presence query was contradictory]" time="0.000" /><testcase classname="tests.runner.test_package_reset" name="test_query_failures_and_contradictions_fail_closed[query2-package presence query was contradictory]" time="0.000" /><testcase classname="tests.runner.test_package_reset" name="test_query_failures_and_contradictions_fail_closed[query3-package presence query was contradictory]" time="0.000" /><testcase classname="tests.runner.test_run_spec" name="test_parse_valid_run_spec_normalizes_paths" time="0.000" /><testcase classname="tests.runner.test_run_spec" name="test_run_spec_accepts_backup_restore_as_a_boundary_event" time="0.000" /><testcase classname="tests.runner.test_run_spec" name="test_portable_host_locator_resolves_from_environment_or_explicit_override" time="0.001" /><testcase classname="tests.runner.test_run_spec" name="test_portable_host_locator_fails_closed_on_missing_relative_or_conflicting_root" time="0.001" /><testcase classname="tests.runner.test_run_spec" name="test_parse_run_spec_metric_context" time="0.000" /><testcase classname="tests.runner.test_run_spec" name="test_parse_run_spec_l2_boundary_selection" time="0.000" /><testcase classname="tests.runner.test_run_spec" name="test_parse_run_spec_live_validation_app_smoke" time="0.000" /><testcase classname="tests.runner.test_run_spec" name="test_app_smoke_requires_activity_from_config_or_run_spec" time="0.000" /><testcase classname="tests.runner.test_run_spec" name="test_app_smoke_requires_target_surface" time="0.000" /><testcase classname="tests.runner.test_run_spec" name="test_invalid_l2_boundary_selection_fails" time="0.000" /><testcase classname="tests.runner.test_run_spec" name="test_out_of_range_l2_boundary_selection_fails" time="0.000" /><testcase classname="tests.runner.test_run_spec" name="test_l2_boundary_selection_uses_step_index_order_not_yaml_order" time="0.000" /><testcase classname="tests.runner.test_run_spec" name="test_invalid_metric_context_fails" time="0.000" /><testcase classname="tests.runner.test_run_spec" name="test_load_run_spec_from_yaml" time="0.001" /><testcase classname="tests.runner.test_run_spec" name="test_missing_required_field_fails" time="0.000" /><testcase classname="tests.runner.test_run_spec" name="test_invalid_system_event_fails" time="0.000" /><testcase classname="tests.runner.test_run_spec" name="test_parse_wait_system_event_with_explicit_postconditions" time="0.000" /><testcase classname="tests.runner.test_run_spec" name="test_permission_state_events_are_supported[reset_permission]" time="0.000" /><testcase classname="tests.runner.test_run_spec" name="test_permission_state_events_are_supported[observe_permission]" time="0.000" /><testcase classname="tests.runner.test_run_spec" name="test_permission_state_events_are_supported[grant_permission]" time="0.000" /><testcase classname="tests.runner.test_run_spec" name="test_permission_state_events_are_supported[open_app_settings]" time="0.000" /><testcase classname="tests.runner.test_run_spec" name="test_permission_state_events_are_supported[revoke_permission]" time="0.000" /><testcase classname="tests.runner.test_run_spec" name="test_dry_run_plan_does_not_touch_device" time="0.000" /><testcase classname="tests.runner.test_system_events" name="test_inject_rotate_uses_device_controller_rotation" time="0.000" /><testcase classname="tests.runner.test_system_events" name="test_inject_open_app_settings_confirms_settings_is_resumed" time="0.000" /><testcase classname="tests.runner.test_system_events" name="test_inject_open_app_settings_fails_closed_on_wrong_resumed_package" time="0.000" /><testcase classname="tests.runner.test_system_events" name="test_inject_open_app_settings_fails_closed_when_launch_fails" time="0.000" /><testcase classname="tests.runner.test_system_events" name="test_inject_rotate_fails_closed_on_nonzero_process_exit" time="0.000" /><testcase classname="tests.runner.test_system_events" name="test_inject_rotate_fails_closed_when_postcondition_does_not_match" time="0.000" /><testcase classname="tests.runner.test_system_events" name="test_inject_rotate_fails_closed_when_auto_rotation_remains_enabled" time="0.000" /><testcase classname="tests.runner.test_system_events" name="test_inject_rotate_rejects_values_outside_android_rotation_domain[-1]" time="0.000" /><testcase classname="tests.runner.test_system_events" name="test_inject_rotate_rejects_values_outside_android_rotation_domain[4]" time="0.000" /><testcase classname="tests.runner.test_system_events" name="test_inject_rotate_rejects_values_outside_android_rotation_domain[portrait]" time="0.000" /><testcase classname="tests.runner.test_system_events" name="test_inject_process_death_home_kill_relaunch" time="0.000" /><testcase classname="tests.runner.test_system_events" name="test_inject_process_death_relaunches_via_explicit_launcher_activity" time="0.000" /><testcase classname="tests.runner.test_system_events" name="test_inject_process_death_checks_every_phase_process_exit" time="0.000" /><testcase classname="tests.runner.test_system_events" name="test_inject_process_death_fails_closed_when_process_identity_is_unchanged" time="0.000" /><testcase classname="tests.runner.test_system_events" name="test_inject_backup_restore_records_transport_restore_and_process_evidence" time="0.000" /><testcase classname="tests.runner.test_system_events" name="test_inject_backup_restore_fails_closed_and_restores_backup_configuration" time="0.000" /><testcase classname="tests.runner.test_system_events" name="test_inject_network_off_toggles_wifi_and_data" time="0.000" /><testcase classname="tests.runner.test_system_events" name="test_inject_network_on_confirms_wifi_and_mobile_data_settings" time="0.000" /><testcase classname="tests.runner.test_system_events" name="test_inject_network_off_fails_closed_when_wifi_remains_enabled" time="0.000" /><testcase classname="tests.runner.test_system_events" name="test_inject_network_on_fails_closed_when_mobile_data_remains_disabled" time="0.000" /><testcase classname="tests.runner.test_system_events" name="test_inject_wait_confirms_network_and_resumed_activity_postconditions" time="0.000" /><testcase classname="tests.runner.test_system_events" name="test_inject_wait_requires_at_least_one_explicit_postcondition" time="0.000" /><testcase classname="tests.runner.test_system_events" name="test_inject_wait_validates_postconditions_before_sleep" time="0.000" /><testcase classname="tests.runner.test_system_events" name="test_inject_revoke_permission_requires_permission_arg" time="0.000" /><testcase classname="tests.runner.test_system_events" name="test_inject_revoke_permission_fails_closed_when_permission_remains_granted" time="0.000" /><testcase classname="tests.runner.test_system_events" name="test_inject_revoke_permission_confirms_runtime_grant_is_denied" time="0.000" /><testcase classname="tests.runner.test_system_events" name="test_inject_revoke_permission_fails_closed_when_state_is_unobservable" time="0.000" /><testcase classname="tests.runner.test_system_events" name="test_reset_permission_records_pristine_denied_state" time="0.000" /><testcase classname="tests.runner.test_system_events" name="test_grant_permission_records_granted_postcondition" time="0.000" /><testcase classname="tests.runner.test_system_events" name="test_observe_permission_confirms_first_denial_flags" time="0.000" /><testcase classname="tests.runner.test_system_events" name="test_inject_kill_background_uses_package" time="0.000" /><testcase classname="tests.runner.test_system_events" name="test_inject_kill_background_fails_closed_on_nonzero_process_exit" time="0.000" /><testcase classname="tests.runner.test_system_events" name="test_inject_kill_background_fails_closed_when_process_survives" time="0.000" /><testcase classname="tests.runner.test_system_events" name="test_inject_app_to_background_waits_until_another_package_is_resumed" time="0.000" /><testcase classname="tests.runner.test_system_events" name="test_inject_app_to_background_polls_through_transient_resumed_state" time="0.002" /><testcase classname="tests.runner.test_system_events" name="test_inject_app_to_foreground_uses_explicit_activity_and_confirms_resumed" time="0.000" /><testcase classname="tests.runner.test_system_events" name="test_app_to_foreground_prefers_api35_top_resumed_activity" time="0.000" /><testcase classname="tests.runner.test_system_events" name="test_inject_app_to_foreground_polls_through_transient_resumed_state" time="0.002" /><testcase classname="tests.runner.test_system_events" name="test_app_to_foreground_polls_through_transient_unobservable_state" time="0.002" /><testcase classname="tests.runner.test_system_events" name="test_app_lifecycle_events_fail_closed_when_resumed_activity_query_fails[app_to_background]" time="0.000" /><testcase classname="tests.runner.test_system_events" name="test_app_lifecycle_events_fail_closed_when_resumed_activity_query_fails[app_to_foreground]" time="0.000" /><testcase classname="tests.runner.test_system_events" name="test_app_to_background_fails_closed_when_resumed_activity_stays_unobservable" time="0.000" /><testcase classname="tests.runner.test_system_events" name="test_app_lifecycle_events_fail_closed_on_postcondition_timeout[app_to_background-org.example-expected a resumed package other than org.example, observed org.example]" time="0.000" /><testcase classname="tests.runner.test_system_events" name="test_app_lifecycle_events_fail_closed_on_postcondition_timeout[app_to_foreground-com.android.launcher3-expected resumed package org.example, observed com.android.launcher3]" time="0.000" /><testcase classname="tests.runner.test_system_events" name="test_app_lifecycle_events_reject_invalid_polling_args_before_dispatch[app_to_background-args0]" time="0.000" /><testcase classname="tests.runner.test_system_events" name="test_app_lifecycle_events_reject_invalid_polling_args_before_dispatch[app_to_background-args1]" time="0.000" /><testcase classname="tests.runner.test_system_events" name="test_app_lifecycle_events_reject_invalid_polling_args_before_dispatch[app_to_foreground-args2]" time="0.000" /><testcase classname="tests.runner.test_system_events" name="test_app_lifecycle_events_reject_invalid_polling_args_before_dispatch[app_to_foreground-args3]" time="0.000" /><testcase classname="tests.runner.test_system_events" name="test_inject_dark_mode_defaults_to_night_on" time="0.000" /><testcase classname="tests.runner.test_system_events" name="test_inject_dark_mode_night_off_via_args" time="0.000" /><testcase classname="tests.runner.test_system_events" name="test_inject_dark_mode_fails_closed_when_postcondition_does_not_match" time="0.000" /><testcase classname="tests.runner.test_system_events" name="test_inject_dark_mode_rejects_unknown_night_value_before_dispatch" time="0.000" /><testcase classname="tests.runner.test_system_events" name="test_inject_locale_change_records_requested_and_observed_locale" time="0.000" /><testcase classname="tests.runner.test_system_events" name="test_inject_locale_change_rejects_invalid_tags_before_dispatch[]" time="0.000" /><testcase classname="tests.runner.test_system_events" name="test_inject_locale_change_rejects_invalid_tags_before_dispatch[ar_EG]" time="0.000" /><testcase classname="tests.runner.test_system_events" name="test_inject_locale_change_rejects_invalid_tags_before_dispatch[a]" time="0.000" /><testcase classname="tests.runner.test_system_events" name="test_inject_locale_change_rejects_invalid_tags_before_dispatch[arabic]" time="0.000" /><testcase classname="tests.runner.test_system_events" name="test_inject_locale_change_rejects_invalid_tags_before_dispatch[ar-EG-extra]" time="0.000" /><testcase classname="tests.runner.test_system_events" name="test_inject_locale_change_fails_closed_on_observed_mismatch" time="0.000" /><testcase classname="tests.runner.test_system_events" name="test_single_command_events_fail_closed_on_nonzero_process_exit[revoke_permission-args0]" time="0.000" /><testcase classname="tests.runner.test_system_events" name="test_single_command_events_fail_closed_on_nonzero_process_exit[app_to_background-args1]" time="0.000" /><testcase classname="tests.runner.test_system_events" name="test_single_command_events_fail_closed_on_nonzero_process_exit[app_to_foreground-args2]" time="0.000" /><testcase classname="tests.runner.test_system_events" name="test_single_command_events_fail_closed_on_nonzero_process_exit[dark_mode-args3]" time="0.000" /><testcase classname="tests.runner.test_system_events" name="test_network_events_stop_after_the_first_nonzero_process_exit[network_off]" time="0.000" /><testcase classname="tests.runner.test_system_events" name="test_network_events_stop_after_the_first_nonzero_process_exit[network_on]" time="0.000" /><testcase classname="tests.runner.test_verdict" name="test_android_layout_json_to_xml_supports_resource_id_and_state" time="0.000" /><testcase classname="tests.runner.test_verdict" name="test_judge_l2_from_android_layout_passes_matching_assertion" time="0.000" /><testcase classname="tests.runner.test_verdict" name="test_judge_l2_from_android_layout_fails_changed_text" time="0.000" /><testcase classname="tests.runner.test_verdict" name="test_judge_l2_from_android_layout_inconclusive_on_malformed_json" time="0.000" /></testsuite></testsuites>