<?xml version="1.0" encoding="utf-8"?><testsuites name="pytest tests"><testsuite name="pytest" errors="0" failures="0" skipped="0" tests="72" time="37.698" timestamp="2026-08-29T19:14:46.795647-04:00" hostname="Peters-Mac-mini.local"><testcase classname="tests.test_runtime_sealed_apk" name="test_strict_preparation_verifies_vault_build_and_seals_one_apk" time="0.244" /><testcase classname="tests.test_runtime_sealed_apk" name="test_strict_preparation_rejects_vault_drift_before_build" time="0.235" /><testcase classname="tests.test_runtime_sealed_apk" name="test_strict_preparation_rejects_hard_linked_vault_input_before_build" time="0.397" /><testcase classname="tests.test_runtime_sealed_apk" name="test_strict_preparation_rejects_ambient_apk_override_before_build" time="0.269" /><testcase classname="tests.test_runtime_sealed_apk" name="test_strict_preparation_requires_a_mapped_source_authority" time="0.114" /><testcase classname="tests.test_runtime_sealed_apk" name="test_strict_preparation_rejects_extra_apk_outputs" time="0.248" /><testcase classname="tests.test_runtime_sealed_apk" name="test_strict_preparation_rejects_incomplete_apk_inspection" time="0.269" /><testcase classname="tests.test_runtime_sealed_apk" name="test_strict_preparation_maps_runner_timeout_to_stable_rejection" time="0.233" /><testcase classname="tests.test_runtime_sealed_apk" name="test_strict_receipt_rejects_sealed_apk_drift_before_runtime" time="0.398" /><testcase classname="tests.test_runtime_sealed_apk" name="test_runner_rejects_test_substitute_sealed_handoff_before_execution_record" time="0.564" /><testcase classname="tests.test_runtime_sealed_apk" name="test_mapped_source_authority_consumes_only_the_selected_released_lane" time="0.230" /><testcase classname="tests.test_runtime_sealed_apk" name="test_aapt_inspector_requires_the_exact_non_production_signature_vector" time="0.001" /><testcase classname="tests.test_runtime_preparation" name="test_sealed_injection_is_admitted_before_build_and_prepared" time="1.910" /><testcase classname="tests.test_runtime_preparation" name="test_clean_checkout_is_prepared_through_the_same_public_interface" time="0.515" /><testcase classname="tests.test_runtime_preparation" name="test_clean_authority_rejects_an_ordinary_dirty_checkout_before_build" time="0.164" /><testcase classname="tests.test_runtime_preparation" name="test_source_authority_cannot_admit_an_empty_host_identity" time="0.105" /><testcase classname="tests.test_runtime_preparation" name="test_legacy_clean_admission_receipt_remains_compatible_only_when_pristine" time="0.494" /><testcase classname="tests.test_runtime_preparation" name="test_preexisting_ignored_sealed_source_is_rejected_before_build" time="1.626" /><testcase classname="tests.test_runtime_preparation" name="test_build_recipe_cannot_hide_a_shell_behind_env" time="0.127" /><testcase classname="tests.test_runtime_preparation" name="test_post_build_source_drift_is_rejected_before_apk_handoff" time="0.277" /><testcase classname="tests.test_runtime_preparation" name="test_prepared_receipt_reverification_rejects_apk_byte_drift" time="0.368" /><testcase classname="tests.test_runtime_preparation" name="test_prepared_receipt_reverification_rejects_ignored_worktree_drift" time="0.850" /><testcase classname="tests.test_runtime_preparation" name="test_duplicate_apk_locator_matches_fail_closed_even_for_one_inode" time="0.292" /><testcase classname="tests.test_runtime_preparation" name="test_runner_reverifies_prepared_apk_before_establishing_execution_record" time="0.437" /><testcase classname="tests.test_runtime_preparation" name="test_runner_rejects_contradictory_admission_and_preparation_handoffs" time="0.356" /><testcase classname="tests.test_runtime_preparation" name="test_sealed_authority_rejects_every_cross_bound_source_drift_before_build[worktree_path]" time="1.284" /><testcase classname="tests.test_runtime_preparation" name="test_sealed_authority_rejects_every_cross_bound_source_drift_before_build[packet_id]" time="1.272" /><testcase classname="tests.test_runtime_preparation" name="test_sealed_authority_rejects_every_cross_bound_source_drift_before_build[origin]" time="1.399" /><testcase classname="tests.test_runtime_preparation" name="test_sealed_authority_rejects_every_cross_bound_source_drift_before_build[baseline_commit]" time="1.262" /><testcase classname="tests.test_runtime_preparation" name="test_sealed_authority_rejects_every_cross_bound_source_drift_before_build[result_tree]" time="1.336" /><testcase classname="tests.test_runtime_preparation" name="test_sealed_authority_rejects_every_cross_bound_source_drift_before_build[result_diff]" time="1.392" /><testcase classname="tests.test_runtime_preparation" name="test_sealed_authority_rejects_every_cross_bound_source_drift_before_build[receipt_identity]" time="1.313" /><testcase classname="tests.test_runtime_preparation" name="test_sealed_authority_rejects_every_cross_bound_source_drift_before_build[tracked_source]" time="1.567" /><testcase classname="tests.test_runtime_preparation" name="test_sealed_authority_rejects_every_cross_bound_source_drift_before_build[packet_material]" time="1.474" /><testcase classname="tests.test_runtime_preparation" name="test_sealed_authority_rejects_every_cross_bound_source_drift_before_build[ownership_marker]" time="1.485" /><testcase classname="tests.test_runtime_preparation" name="test_build_result_must_confirm_the_exact_requested_argument_vector" time="0.283" /><testcase classname="tests.test_runtime_preparation" name="test_expected_build_and_apk_failures_return_stable_rejections[build_failed-build_failed]" time="0.254" /><testcase classname="tests.test_runtime_preparation" name="test_expected_build_and_apk_failures_return_stable_rejections[build_timeout-build_timeout]" time="0.262" /><testcase classname="tests.test_runtime_preparation" name="test_expected_build_and_apk_failures_return_stable_rejections[apk_missing-apk_missing]" time="0.254" /><testcase classname="tests.test_runtime_preparation" name="test_expected_build_and_apk_failures_return_stable_rejections[apk_outside_host-apk_outside_host]" time="0.248" /><testcase classname="tests.test_runtime_preparation" name="test_expected_build_and_apk_failures_return_stable_rejections[apk_package_mismatch-apk_package_mismatch]" time="0.258" /><testcase classname="tests.test_runtime_preparation" name="test_expected_build_and_apk_failures_return_stable_rejections[apk_activity_mismatch-apk_activity_mismatch]" time="0.273" /><testcase classname="tests.test_runtime_preparation" name="test_expected_build_and_apk_failures_return_stable_rejections[apk_inspection_failed-apk_inspection_failed]" time="0.221" /><testcase classname="tests.test_runtime_preparation" name="test_unsealed_or_fabricated_injection_authority_never_runs_build[unsealed]" time="1.412" /><testcase classname="tests.test_runtime_preparation" name="test_unsealed_or_fabricated_injection_authority_never_runs_build[fabricated]" time="1.304" /><testcase classname="tests.test_runtime_preparation" name="test_self_consistent_replacement_packet_is_not_bound_to_sealed_admission" time="1.314" /><testcase classname="tests.test_runtime_preparation" name="test_handoff_reverification_fails_closed_on_every_identity_drift[receipt-runtime preparation receipt identity drifted]" time="0.373" /><testcase classname="tests.test_runtime_preparation" name="test_handoff_reverification_fails_closed_on_every_identity_drift[run_spec-runtime preparation Run Spec drifted]" time="0.362" /><testcase classname="tests.test_runtime_preparation" name="test_handoff_reverification_fails_closed_on_every_identity_drift[runner_options-runtime preparation source or runner policy drifted]" time="0.578" /><testcase classname="tests.test_runtime_preparation" name="test_handoff_reverification_fails_closed_on_every_identity_drift[source-runtime preparation source or runner policy drifted]" time="0.441" /><testcase classname="tests.test_runtime_preparation" name="test_handoff_reverification_fails_closed_on_every_identity_drift[manifest-runtime preparation APK manifest drifted]" time="0.403" /><testcase classname="tests.test_runtime_preparation" name="test_handoff_reverification_rejects_a_new_duplicate_apk" time="0.361" /><testcase classname="tests.test_runtime_preparation" name="test_final_source_check_runs_after_apk_inspection" time="0.291" /><testcase classname="tests.test_runtime_preparation" name="test_apk_bytes_cannot_drift_during_manifest_inspection" time="0.350" /><testcase classname="tests.test_runtime_preparation" name="test_apk_bytes_cannot_drift_during_final_source_authority_check" time="0.494" /><testcase classname="tests.test_runtime_preparation" name="test_missing_build_executable_is_rejected_after_admission" time="0.270" /><testcase classname="tests.test_runtime_preparation" name="test_invalid_apk_inspector_is_a_stable_rejection_before_build" time="0.121" /><testcase classname="tests.test_runtime_preparation" name="test_build_recipe_rejects_shell_device_deployment_and_agent_commands[args0]" time="0.118" /><testcase classname="tests.test_runtime_preparation" name="test_build_recipe_rejects_shell_device_deployment_and_agent_commands[args1]" time="0.099" /><testcase classname="tests.test_runtime_preparation" name="test_build_recipe_rejects_shell_device_deployment_and_agent_commands[args2]" time="0.098" /><testcase classname="tests.test_runtime_preparation" name="test_build_recipe_rejects_shell_device_deployment_and_agent_commands[args3]" time="0.102" /><testcase classname="tests.test_runtime_preparation" name="test_build_recipe_rejects_shell_device_deployment_and_agent_commands[args4]" time="0.095" /><testcase classname="tests.test_runtime_preparation" name="test_build_recipe_rejects_shell_device_deployment_and_agent_commands[args5]" time="0.102" /><testcase classname="tests.test_runtime_preparation" name="test_build_recipe_rejects_shell_device_deployment_and_agent_commands[args6]" time="0.122" /><testcase classname="tests.test_runtime_preparation" name="test_build_recipe_rejects_shell_device_deployment_and_agent_commands[args7]" time="0.125" /><testcase classname="tests.test_runtime_preparation" name="test_build_recipe_rejects_shell_device_deployment_and_agent_commands[args8]" time="0.137" /><testcase classname="tests.test_runtime_preparation" name="test_build_recipe_rejects_shell_device_deployment_and_agent_commands[args9]" time="0.120" /><testcase classname="tests.test_runtime_preparation" name="test_build_recipe_allows_only_explicit_assemble_tasks_and_safe_flags" time="0.374" /><testcase classname="tests.test_runtime_preparation" name="test_admission_runner_observes_only_read_only_git_before_build" time="0.411" /><testcase classname="tests.test_runtime_preparation" name="test_production_apk_inspector_uses_a_shell_free_local_aapt_vector" time="0.002" /><testcase classname="tests.test_runtime_preparation" name="test_preparation_outcome_does_not_expose_mutable_receipt_state" time="0.551" /><testcase classname="tests.test_runtime_preparation" name="test_clean_host_subdirectory_is_the_exact_build_working_directory" time="0.427" /></testsuite></testsuites>