<?xml version="1.0" encoding="utf-8"?><testsuites name="pytest tests"><testsuite name="pytest" errors="0" failures="0" skipped="0" tests="475" time="122.510" timestamp="2026-08-23T21:57:15.260132-04:00" hostname="Peters-Mac-mini.local"><testcase classname="tests.injection.test_catalog_admission" name="test_catalogued_source_admits_to_a_structurally_sealed_non_formal_package" time="0.868" /><testcase classname="tests.injection.test_catalog_admission" name="test_checked_in_catalog_binds_declared_patch_and_fixture_bytes" time="0.241" /><testcase classname="tests.injection.test_catalog_admission" name="test_catalog_loader_requires_all_declared_files_to_be_checked_in" time="0.191" /><testcase classname="tests.injection.test_catalog_admission" name="test_catalog_patch_drift_is_a_stable_fail_closed_rejection" time="0.199" /><testcase classname="tests.injection.test_catalog_admission" name="test_catalog_fixture_anchor_drift_is_a_stable_fail_closed_rejection" time="0.199" /><testcase classname="tests.injection.test_catalog_admission" name="test_catalog_disclosure_audit_artifact_drift_is_a_stable_fail_closed_rejection" time="0.212" /><testcase classname="tests.injection.test_catalog_admission" name="test_catalog_rejects_duplicate_sources_and_invalid_provenance" time="0.199" /><testcase classname="tests.injection.test_catalog_admission" name="test_checked_in_stale_result_source_has_a_byte_bound_catalog_entry" time="0.061" /><testcase classname="tests.injection.test_catalog_admission" name="test_catalog_loader_ignores_ambient_git_directory" time="0.243" /><testcase classname="tests.injection.test_catalog_admission" name="test_missing_catalog_selection_has_a_terminal_inspectable_rejection" time="0.266" /><testcase classname="tests.injection.test_catalog_admission" name="test_admission_revalidates_catalog_path_before_materialization" time="0.243" /><testcase classname="tests.injection.test_catalog_admission" name="test_catalog_admission_preserves_a_dirty_caller_checkout" time="0.908" /><testcase classname="tests.injection.test_catalog_admission" name="test_sealed_admission_has_a_hash_chained_immutable_ledger" time="0.833" /><testcase classname="tests.injection.test_catalog_admission" name="test_admission_rejects_a_materialized_receipt_for_another_candidate" time="0.871" /><testcase classname="tests.injection.test_catalog_admission" name="test_admission_rejects_an_unverified_catalog_value" time="0.278" /><testcase classname="tests.injection.test_catalog_admission" name="test_admission_rejects_a_rejected_receipt_for_another_candidate" time="0.291" /><testcase classname="tests.injection.test_change_target_packet" name="test_change_target_packet_rejects_a_missing_pair_with_a_stable_reason" time="0.000" /><testcase classname="tests.injection.test_change_target_packet" name="test_safe_audited_pair_compiles_a_deterministic_blind_change_target_packet" time="2.208" /><testcase classname="tests.injection.test_change_target_packet" name="test_change_target_packet_rejects_an_unsealed_pair_member" time="1.751" /><testcase classname="tests.injection.test_change_target_packet" name="test_change_target_packet_rejects_worktree_provenance_mismatch" time="1.679" /><testcase classname="tests.injection.test_change_target_packet" name="test_change_target_packet_rejects_incompatible_pair_provenance" time="1.942" /><testcase classname="tests.injection.test_change_target_packet" name="test_change_target_packet_rejects_a_pair_with_different_fixture_anchors" time="1.805" /><testcase classname="tests.injection.test_change_target_packet" name="test_change_target_packet_rejects_a_pair_that_fails_its_disclosure_policy" time="1.748" /><testcase classname="tests.injection.test_change_target_packet" name="test_change_target_packet_rechecks_the_final_verifier_visible_path" time="1.947" /><testcase classname="tests.injection.test_change_target_packet" name="test_change_target_packet_sanitizes_a_worktree_resolution_error" time="1.820" /><testcase classname="tests.injection.test_change_target_packet" name="test_safe_audited_pair_compiles_a_deterministic_blind_project_target_packet" time="2.589" /><testcase classname="tests.injection.test_change_target_packet" name="test_project_target_packet_rejects_hidden_material_in_the_delivered_source_tree[extra_file0-HIDDEN_PROJECT_FILENAME_1f8c2d]" time="1.945" /><testcase classname="tests.injection.test_change_target_packet" name="test_project_target_packet_rejects_hidden_material_in_the_delivered_source_tree[extra_file1-HIDDEN_PROJECT_CONTENT_4e9a7b]" time="1.986" /><testcase classname="tests.injection.test_change_target_packet" name="test_project_target_packet_sanitizes_an_invented_diff_field" time="1.863" /><testcase classname="tests.injection.test_change_target_packet" name="test_project_target_packet_rejects_a_missing_pair_with_a_stable_reason" time="0.000" /><testcase classname="tests.injection.test_change_target_packet" name="test_project_target_packet_rejects_an_unsealed_pair_member" time="1.825" /><testcase classname="tests.injection.test_change_target_packet" name="test_project_target_packet_rejects_incompatible_pair_provenance" time="2.027" /><testcase classname="tests.injection.test_change_target_packet" name="test_project_target_packet_rejects_a_drifted_materialized_project" time="1.912" /><testcase classname="tests.injection.test_change_target_packet" name="test_project_target_packet_requires_explicit_bounded_discovery_request[scope0-3-project_scope_unbounded]" time="1.704" /><testcase classname="tests.injection.test_change_target_packet" name="test_project_target_packet_requires_explicit_bounded_discovery_request[scope1-3-project_scope_unbounded]" time="1.646" /><testcase classname="tests.injection.test_change_target_packet" name="test_project_target_packet_requires_explicit_bounded_discovery_request[scope2-3-project_scope_unbounded]" time="1.631" /><testcase classname="tests.injection.test_change_target_packet" name="test_project_target_packet_requires_explicit_bounded_discovery_request[scope3-0-discovery_budget_unbounded]" time="1.622" /><testcase classname="tests.injection.test_change_target_packet" name="test_project_target_packet_requires_explicit_bounded_discovery_request[scope4-True-discovery_budget_unbounded]" time="1.620" /><testcase classname="tests.injection.test_change_target_packet" name="test_project_target_packet_rejects_a_pair_that_fails_its_disclosure_policy" time="1.747" /><testcase classname="tests.injection.test_change_target_packet" name="test_project_target_packet_rechecks_the_final_public_scope" time="1.810" /><testcase classname="tests.injection.test_change_target_packet" name="test_project_target_packet_rechecks_the_final_public_worktree_path" time="1.809" /><testcase classname="tests.injection.test_change_target_packet" name="test_project_target_packet_sanitizes_a_missing_scope_path" time="1.829" /><testcase classname="tests.injection.test_change_target_packet" name="test_four_cell_structural_walkthrough_seals_private_mapping_separately" time="3.195" /><testcase classname="tests.injection.test_change_target_packet" name="test_four_cell_family_rejects_incomplete_or_inconsistent_private_bindings" time="2.399" /><testcase classname="tests.injection.test_change_target_packet" name="test_four_cell_family_fails_closed_before_returning_a_partial_packet_set[fixture_kwargs0-pair_provenance_mismatch]" time="1.945" /><testcase classname="tests.injection.test_change_target_packet" name="test_four_cell_family_fails_closed_before_returning_a_partial_packet_set[fixture_kwargs1-disclosure_policy_rejected]" time="1.758" /><testcase classname="tests.injection.test_disclosure" name="test_disclosure_policy_rejects_declared_tokens_in_every_visible_surface" time="0.000" /><testcase classname="tests.injection.test_disclosure" name="test_disclosure_policy_marks_clean_nested_material_eligible" time="0.000" /><testcase classname="tests.injection.test_disclosure" name="test_disclosure_policy_normalizes_tokens_explicitly_and_rejects_padded_digests" time="0.000" /><testcase classname="tests.injection.test_disclosure" name="test_stale_result_is_retained_as_audit_evidence_but_rejected_for_blind_packet" time="0.167" /><testcase classname="tests.injection.test_materialization" name="test_materializes_one_delta_in_a_detached_owned_worktree_without_touching_caller" time="1.477" /><testcase classname="tests.injection.test_materialization" name="test_materializes_when_caller_configures_autocrlf" time="0.775" /><testcase classname="tests.injection.test_materialization" name="test_materializes_when_attributes_convert_checkout_line_endings" time="0.873" /><testcase classname="tests.injection.test_materialization" name="test_materialization_disables_caller_checkout_hooks" time="0.869" /><testcase classname="tests.injection.test_materialization" name="test_materialization_disables_caller_fsmonitor" time="0.786" /><testcase classname="tests.injection.test_materialization" name="test_materialization_ignores_an_ambient_git_index_file" time="0.879" /><testcase classname="tests.injection.test_materialization" name="test_materializer_ignores_caller_core_worktree_configuration" time="0.204" /><testcase classname="tests.injection.test_materialization" name="test_materialization_isolates_its_index_from_concurrent_default_index_updates[baseline]" time="0.910" /><testcase classname="tests.injection.test_materialization" name="test_materialization_isolates_its_index_from_concurrent_default_index_updates[diff]" time="0.907" /><testcase classname="tests.injection.test_materialization" name="test_materialization_avoids_caller_side_effects_from_checkout_filters" time="0.994" /><testcase classname="tests.injection.test_materialization" name="test_materialization_does_not_follow_a_replaced_administrative_directory" time="0.659" /><testcase classname="tests.injection.test_materialization" name="test_materialization_does_not_follow_a_replaced_source_parent" time="0.696" /><testcase classname="tests.injection.test_materialization" name="test_materialization_rejects_source_changed_before_receipt_promotion" time="0.795" /><testcase classname="tests.injection.test_materialization" name="test_materialization_preserves_executable_and_symlink_source_entries" time="0.947" /><testcase classname="tests.injection.test_materialization" name="test_materialization_identities_ignore_caller_diff_configuration" time="1.770" /><testcase classname="tests.injection.test_materialization" name="test_non_applicable_patch_returns_a_stable_rejection_and_leaves_no_registered_worktree" time="0.897" /><testcase classname="tests.injection.test_materialization" name="test_materialization_rejects_whitespace_relaxed_patch" time="0.632" /><testcase classname="tests.injection.test_materialization" name="test_rejection_refuses_to_remove_a_worktree_replaced_after_creation" time="0.523" /><testcase classname="tests.injection.test_materialization" name="test_materialization_refuses_a_worktree_replaced_before_fresh_registration" time="0.348" /><testcase classname="tests.injection.test_materialization" name="test_materialization_refuses_a_git_control_file_replaced_before_registration" time="0.476" /><testcase classname="tests.injection.test_materialization" name="test_materialization_refuses_a_git_control_file_replaced_after_registration" time="0.522" /><testcase classname="tests.injection.test_materialization" name="test_materialization_releases_its_reservation_when_worktree_creation_errors" time="0.294" /><testcase classname="tests.injection.test_materialization" name="test_materialization_recovers_a_worktree_created_before_timeout" time="0.476" /><testcase classname="tests.injection.test_materialization" name="test_materialization_preserves_a_directory_replaced_before_reservation_binding" time="0.275" /><testcase classname="tests.injection.test_materialization" name="test_materializes_added_source_files_in_the_canonical_result_diff" time="0.845" /><testcase classname="tests.injection.test_materialization" name="test_provenance_mismatch_rejects_before_creating_a_worktree" time="0.362" /><testcase classname="tests.injection.test_materialization" name="test_malformed_candidate_mapping_returns_a_stable_rejection" time="0.102" /><testcase classname="tests.injection.test_materialization" name="test_direct_candidate_with_an_unencodable_identity_returns_stable_rejection" time="0.193" /><testcase classname="tests.injection.test_materialization" name="test_cleanup_refuses_a_tampered_receipt_pointing_at_an_existing_checkout" time="0.906" /><testcase classname="tests.injection.test_materialization" name="test_cleanup_refuses_a_forged_receipt_for_an_existing_linked_worktree" time="0.833" /><testcase classname="tests.injection.test_materialization" name="test_cleanup_refuses_a_materialized_worktree_whose_source_has_changed" time="0.894" /><testcase classname="tests.injection.test_materialization" name="test_cleanup_refuses_a_git_control_file_redirected_to_an_existing_worktree" time="0.989" /><testcase classname="tests.injection.test_materialization" name="test_cleanup_can_retry_after_the_second_directory_clear_fails" time="0.798" /><testcase classname="tests.injection.test_materialization" name="test_cleanup_refuses_a_worktree_replaced_after_its_final_verification" time="0.853" /><testcase classname="tests.injection.test_materialization" name="test_cleanup_preserves_a_directory_replaced_after_final_directory_check" time="0.755" /><testcase classname="tests.injection.test_materialization" name="test_materializer_refuses_to_place_disposable_worktrees_inside_the_caller_checkout" time="0.104" /><testcase classname="tests.runner.test_admission" name="test_git_identity_runners_reject_non_identity_commands" time="0.000" /><testcase classname="tests.runner.test_admission" name="test_root_host_admits_and_receipt_regeneration_is_deterministic" time="0.275" /><testcase classname="tests.runner.test_admission" name="test_codex_cli_default_model_selection_is_explicitly_admitted" time="0.189" /><testcase classname="tests.runner.test_admission" name="test_empty_model_override_is_rejected" time="0.179" /><testcase classname="tests.runner.test_admission" name="test_serialized_run_spec_drift_is_rejected_before_external_work" time="0.174" /><testcase classname="tests.runner.test_admission" name="test_missing_serialized_run_spec_identity_is_rejected_before_external_work" time="0.184" /><testcase classname="tests.runner.test_admission" name="test_unreadable_serialized_run_spec_is_rejected_before_external_work" time="0.178" /><testcase classname="tests.runner.test_admission" name="test_rejected_admission_receipt_is_persisted_exactly_once" time="0.173" /><testcase classname="tests.runner.test_admission" name="test_incomplete_serialized_receipt_is_rejected_before_external_work" time="0.189" /><testcase classname="tests.runner.test_admission" name="test_serialized_admitted_receipt_revalidates_without_external_work" time="0.252" /><testcase classname="tests.runner.test_admission" name="test_serialized_receipt_identity_drift_is_rejected_before_external_work[run_spec-Run Spec drift]" time="0.258" /><testcase classname="tests.runner.test_admission" name="test_serialized_receipt_identity_drift_is_rejected_before_external_work[runner_policy-runner-option drift]" time="0.262" /><testcase classname="tests.runner.test_admission" name="test_serialized_receipt_identity_drift_is_rejected_before_external_work[host-source/worktree drift]" time="0.254" /><testcase classname="tests.runner.test_admission" name="test_serialized_receipt_identity_drift_is_rejected_before_external_work[target-target drift]" time="0.266" /><testcase classname="tests.runner.test_admission" name="test_serialized_receipt_identity_drift_is_rejected_before_external_work[artifact_namespace-artifact namespace drift]" time="0.257" /><testcase classname="tests.runner.test_admission" name="test_target_identity_rejections_are_side_effect_free[package]" time="0.176" /><testcase classname="tests.runner.test_admission" name="test_target_identity_rejections_are_side_effect_free[activity]" time="0.168" /><testcase classname="tests.runner.test_admission" name="test_target_identity_rejections_are_side_effect_free[escaping-apk]" time="0.176" /><testcase classname="tests.runner.test_admission" name="test_target_identity_rejections_are_side_effect_free[empty-apk]" time="0.174" /><testcase classname="tests.runner.test_admission" name="test_target_identity_rejections_are_side_effect_free[device]" time="0.166" /><testcase classname="tests.runner.test_admission" name="test_host_identity_rejections_are_side_effect_free[missing-host]" time="0.087" /><testcase classname="tests.runner.test_admission" name="test_host_identity_rejections_are_side_effect_free[non-root-workdir]" time="0.099" /><testcase classname="tests.runner.test_admission" name="test_host_identity_rejections_are_side_effect_free[outside-host]" time="0.098" /><testcase classname="tests.runner.test_admission" name="test_host_identity_rejections_are_side_effect_free[dirty-worktree]" time="0.130" /><testcase classname="tests.runner.test_admission" name="test_host_identity_rejections_are_side_effect_free[missing-locator]" time="0.124" /><testcase classname="tests.runner.test_admission" name="test_host_identity_rejections_are_side_effect_free[origin-drift]" time="0.134" /><testcase classname="tests.runner.test_admission" name="test_host_identity_rejections_are_side_effect_free[invalid-commit]" time="0.130" /><testcase classname="tests.runner.test_admission" name="test_host_identity_rejections_are_side_effect_free[commit-drift]" time="0.130" /><testcase classname="tests.runner.test_admission" name="test_failed_git_identity_query_is_rejected_before_external_work" time="0.093" /><testcase classname="tests.runner.test_admission" name="test_unavailable_host_identity_is_rejected_before_external_work[missing-origin]" time="0.120" /><testcase classname="tests.runner.test_admission" name="test_unavailable_host_identity_is_rejected_before_external_work[invalid-commit]" time="0.119" /><testcase classname="tests.runner.test_admission" name="test_runner_policy_rejections_are_side_effect_free[backend]" time="0.173" /><testcase classname="tests.runner.test_admission" name="test_runner_policy_rejections_are_side_effect_free[policy-version]" time="0.166" /><testcase classname="tests.runner.test_admission" name="test_runner_policy_rejections_are_side_effect_free[driver-model]" time="0.176" /><testcase classname="tests.runner.test_admission" name="test_runner_policy_rejections_are_side_effect_free[l3-model]" time="0.174" /><testcase classname="tests.runner.test_admission" name="test_runner_policy_rejections_are_side_effect_free[tool]" time="0.169" /><testcase classname="tests.runner.test_admission" name="test_invalid_artifact_namespace_is_rejected_before_external_work[filesystem-root]" time="0.177" /><testcase classname="tests.runner.test_admission" name="test_invalid_artifact_namespace_is_rejected_before_external_work[root-run-directory]" time="0.172" /><testcase classname="tests.runner.test_admission" name="test_existing_formal_artifact_rejects_namespace_without_mutation[execution-record.json]" time="0.165" /><testcase classname="tests.runner.test_admission" name="test_existing_formal_artifact_rejects_namespace_without_mutation[verdict.json]" time="0.178" /><testcase classname="tests.runner.test_admission" name="test_existing_formal_artifact_rejects_namespace_without_mutation[live-validation-gate.json]" time="0.173" /><testcase classname="tests.runner.test_admission" name="test_existing_formal_artifact_rejects_namespace_without_mutation[runner-setup.json]" time="0.169" /><testcase classname="tests.runner.test_admission" name="test_historical_host_subdirectory_is_rejected_without_device_side_effects" time="0.100" /><testcase classname="tests.runner.test_admission" name="test_corrected_host_subdirectory_policy_admits" time="0.176" /><testcase classname="tests.runner.test_admission" name="test_sealed_run_spec_commit_can_bind_to_policy_after_mapping_release" time="0.178" /><testcase classname="tests.runner.test_admission" name="test_formal_receipt_rejects_option_and_source_drift_before_external_calls" time="0.350" /><testcase classname="tests.runner.test_admission" name="test_serialized_receipt_drift_blocks_public_runner_before_execution_record" time="0.252" /><testcase classname="tests.runner.test_admission" name="test_formal_runner_checks_receipt_before_establishing_execution_record" time="0.176" /><testcase classname="tests.runner.test_admission" name="test_admission_rejects_preexisting_runner_setup_before_external_side_effects" time="0.170" /><testcase classname="tests.runner.test_admission" name="test_temporary_admission_record_is_terminal_and_non_accountable" time="0.095" /><testcase classname="tests.runner.test_cli" name="test_instruction_prefix_separates_action_dispatch_from_product_outcome" time="0.000" /><testcase classname="tests.runner.test_cli" name="test_l3_skipped_without_l3_spec" time="0.001" /><testcase classname="tests.runner.test_cli" name="test_l3_skipped_when_cheaper_oracle_already_failed[fail-inconclusive]" time="0.001" /><testcase classname="tests.runner.test_cli" name="test_l3_skipped_when_cheaper_oracle_already_failed[inconclusive-fail]" time="0.001" /><testcase classname="tests.runner.test_cli" name="test_l3_runs_when_gated_open_and_returns_judge_verdict" time="0.001" /><testcase classname="tests.runner.test_cli" name="test_l3_schema_failure_twice_degrades_to_inconclusive" time="0.001" /><testcase classname="tests.runner.test_cli" name="test_l3_unparseable_json_degrades_to_inconclusive" time="0.001" /><testcase classname="tests.runner.test_cli" name="test_metric_context_separates_seed_taxonomy_from_oracle_class" time="0.000" /><testcase classname="tests.runner.test_cli" name="test_metric_context_marks_missed_injected_seed" time="0.000" /><testcase classname="tests.runner.test_cli" name="test_interrupted_journey_writes_non_accountable_run_result" time="0.003" /><testcase classname="tests.runner.test_cli" name="test_public_run_retains_failed_anr_checkpoint_diagnostics" time="0.004" /><testcase classname="tests.runner.test_cli" name="test_public_run_restores_search_card_action_from_stable_id" time="0.004" /><testcase classname="tests.runner.test_cli" name="test_public_run_keeps_dispatched_anr_trigger_accountable_for_l1" time="0.004" /><testcase classname="tests.runner.test_cli" name="test_public_run_system_event_failure_is_canonical_and_skips_all_oracles" time="0.003" /><testcase classname="tests.runner.test_cli" name="test_public_run_reproduces_historical_anr_failed_status" time="0.003" /><testcase classname="tests.runner.test_cli" name="test_completed_run_persists_and_links_live_validation_preflight" time="0.003" /><testcase classname="tests.runner.test_cli" name="test_public_run_establishes_one_execution_record_before_preflight_and_finalizes_it" time="0.004" /><testcase classname="tests.runner.test_cli" name="test_public_run_rejects_reused_attempt_directory_before_preflight" time="0.001" /><testcase classname="tests.runner.test_cli" name="test_public_run_rejects_stale_runner_setup_before_preflight_or_device_action" time="0.001" /><testcase classname="tests.runner.test_cli" name="test_missing_static_identity_fails_before_preflight_or_device_action" time="0.002" /><testcase classname="tests.runner.test_cli" name="test_identity_finalization_failure_discards_oracle_accounting" time="0.003" /><testcase classname="tests.runner.test_cli" name="test_pre_agent_identity_drift_blocks_journey_and_oracles" time="0.002" /><testcase classname="tests.runner.test_cli" name="test_public_run_rejects_preexisting_custom_artifact_directory_before_preflight" time="0.001" /><testcase classname="tests.runner.test_cli" name="test_failed_live_validation_preflight_is_non_accountable_and_blocks_launch" time="0.002" /><testcase classname="tests.runner.test_cli" name="test_live_validation_gate_output_failure_finalizes_as_non_accountable" time="0.002" /><testcase classname="tests.runner.test_cli" name="test_preflight_rejection_verdict_output_failure_preserves_ordered_errors" time="0.002" /><testcase classname="tests.runner.test_cli" name="test_preflight_timeout_finalizes_non_accountable_execution_record" time="0.002" /><testcase classname="tests.runner.test_cli" name="test_unhandled_preflight_exception_becomes_a_terminal_non_accountable_run" time="0.002" /><testcase classname="tests.runner.test_cli" name="test_runner_setup_failure_finalizes_record_before_journey_or_oracles" time="0.003" /><testcase classname="tests.runner.test_cli" name="test_runner_setup_nonzero_logcat_exit_is_non_accountable_and_blocks_journey" time="0.003" /><testcase classname="tests.runner.test_cli" name="test_runner_setup_nonzero_launch_exit_is_non_accountable_and_blocks_journey" time="0.003" /><testcase classname="tests.runner.test_cli" name="test_oracle_exception_preserves_flow_evidence_but_skips_oracle_accounting" time="0.003" /><testcase classname="tests.runner.test_cli" name="test_unexpected_journey_exception_becomes_an_interrupted_attempt" time="0.003" /><testcase classname="tests.runner.test_cli" name="test_verdict_output_failure_finalizes_record_without_oracle_accounting" time="0.003" /><testcase classname="tests.runner.test_cli" name="test_record_finalization_failure_leaves_original_nonterminal_record" time="0.003" /><testcase classname="tests.runner.test_cli" name="test_main_returns_nonzero_when_execution_record_storage_fails" time="0.001" /><testcase classname="tests.runner.test_cli" name="test_main_resolves_portable_host_override_and_defaults_workdir_to_it" time="0.001" /><testcase classname="tests.runner.test_cli" name="test_app_smoke_preflight_uses_explicit_run_spec_configuration" time="0.003" /><testcase classname="tests.runner.test_cli" name="test_main_returns_distinct_status_for_non_accountable_run" time="0.001" /><testcase classname="tests.runner.test_cli" name="test_l2_is_inconclusive_for_ambiguous_multiple_boundaries" time="0.001" /><testcase classname="tests.runner.test_cli" name="test_l2_keeps_eventless_scenarios_inconclusive" time="0.000" /><testcase classname="tests.runner.test_cli" name="test_l2_keeps_single_boundary_default_selection" time="0.002" /><testcase classname="tests.runner.test_cli" name="test_l2_uses_explicitly_selected_boundary" time="0.001" /><testcase classname="tests.runner.test_cli" name="test_l2_selection_supports_tenth_boundary_without_lexical_sorting" time="0.001" /><testcase classname="tests.runner.test_cli_phase_ordering" name="test_runner_failure_at_each_phase_blocks_later_external_work[pre-run-setup]" time="0.002" /><testcase classname="tests.runner.test_cli_phase_ordering" name="test_runner_failure_at_each_phase_blocks_later_external_work[static-identity]" time="0.002" /><testcase classname="tests.runner.test_cli_phase_ordering" name="test_runner_failure_at_each_phase_blocks_later_external_work[preflight-exception]" time="0.002" /><testcase classname="tests.runner.test_cli_phase_ordering" name="test_runner_failure_at_each_phase_blocks_later_external_work[preflight-rejection]" time="0.002" /><testcase classname="tests.runner.test_cli_phase_ordering" name="test_runner_failure_at_each_phase_blocks_later_external_work[deployment]" time="0.002" /><testcase classname="tests.runner.test_cli_phase_ordering" name="test_runner_failure_at_each_phase_blocks_later_external_work[readiness]" time="0.002" /><testcase classname="tests.runner.test_cli_phase_ordering" name="test_runner_failure_at_each_phase_blocks_later_external_work[runner-setup]" time="0.003" /><testcase classname="tests.runner.test_cli_phase_ordering" name="test_runner_failure_at_each_phase_blocks_later_external_work[runner-setup-output]" time="0.003" /><testcase classname="tests.runner.test_cli_phase_ordering" name="test_runner_failure_at_each_phase_blocks_later_external_work[journey]" time="0.002" /><testcase classname="tests.runner.test_cli_phase_ordering" name="test_runner_failure_at_each_phase_blocks_later_external_work[journey-without-launch]" time="0.002" /><testcase classname="tests.runner.test_cli_phase_ordering" name="test_runner_failure_at_each_phase_blocks_later_external_work[oracle]" time="0.003" /><testcase classname="tests.runner.test_cli_phase_ordering" name="test_runner_failure_at_each_phase_blocks_later_external_work[identity-finalize]" time="0.003" /><testcase classname="tests.runner.test_cli_phase_ordering" name="test_runner_failure_at_each_phase_blocks_later_external_work[verdict-output]" time="0.003" /><testcase classname="tests.runner.test_cli_phase_ordering" name="test_admission_contract_rejections_precede_execution_record[collector-and-factory]" time="0.001" /><testcase classname="tests.runner.test_cli_phase_ordering" name="test_admission_contract_rejections_precede_execution_record[missing-receipt-and-policy]" time="0.001" /><testcase classname="tests.runner.test_cli_phase_ordering" name="test_admission_contract_rejections_precede_execution_record[policy-drift]" time="0.001" /><testcase classname="tests.runner.test_cli_phase_ordering" name="test_admitted_policy_is_revalidated_before_execution_record" time="0.002" /><testcase classname="tests.runner.test_cli_phase_ordering" name="test_identity_factory_receives_the_established_attempt_id" time="0.002" /><testcase classname="tests.runner.test_cli_phase_ordering" name="test_non_accountable_journey_without_runner_setup_omits_that_reference" time="0.002" /><testcase classname="tests.runner.test_cli_phase_ordering" name="test_trigger_steps_records_the_system_event_boundary" time="0.000" /><testcase classname="tests.runner.test_cli_phase_ordering" name="test_l2_helper_rejects_invalid_or_incomplete_boundary_evidence" time="0.000" /><testcase classname="tests.runner.test_cli_phase_ordering" name="test_metric_context_marks_a_failed_baseline_control_as_false_positive" time="0.000" /><testcase classname="tests.runner.test_cli_phase_ordering" name="test_live_validation_gate_summary_preserves_the_app_surface" time="0.000" /><testcase classname="tests.runner.test_cli_phase_ordering" name="test_runner_setup_requires_an_adb_result" time="0.000" /><testcase classname="tests.runner.test_cli_phase_ordering" name="test_main_rejected_admission_stops_before_runner" time="0.001" /><testcase classname="tests.runner.test_cli_phase_ordering" name="test_main_admitted_receipt_reaches_runner_with_the_exact_policy" time="0.001" /><testcase classname="tests.runner.test_cli_phase_ordering" name="test_module_entrypoint_routes_help_without_runner_side_effects" time="0.002" /><testcase classname="tests.runner.test_codex_backend" name="test_codex_backend_invokes_exec_and_parses_result" time="0.088" /><testcase classname="tests.runner.test_codex_backend" name="test_codex_backend_binds_requested_model_to_effective_session_model" time="0.003" /><testcase classname="tests.runner.test_codex_backend" name="test_codex_backend_rejects_requested_effective_model_mismatch" time="0.002" /><testcase classname="tests.runner.test_codex_backend" name="test_codex_backend_resolves_artifact_paths_before_changing_to_host_workdir" time="0.087" /><testcase classname="tests.runner.test_codex_backend" name="test_codex_backend_raises_on_nonzero_exit" time="0.001" /><testcase classname="tests.runner.test_codex_backend" name="test_nonzero_backend_invocation_retains_observable_identity" time="0.086" /><testcase classname="tests.runner.test_codex_backend" name="test_codex_backend_raises_on_invalid_schema" time="0.002" /><testcase classname="tests.runner.test_codex_backend" name="test_codex_backend_rejects_historical_action_text_without_action_id" time="0.002" /><testcase classname="tests.runner.test_codex_backend" name="test_codex_backend_raises_on_malformed_json" time="0.001" /><testcase classname="tests.runner.test_evidence" name="test_capture_checkpoint_writes_evidence_files" time="0.001" /><testcase classname="tests.runner.test_evidence" name="test_device_scoped_checkpoint_never_uses_unscoped_android_screenshot" time="0.001" /><testcase classname="tests.runner.test_evidence" name="test_device_scoped_fallback_uses_unique_remote_paths_for_overlapping_runs" time="0.001" /><testcase classname="tests.runner.test_evidence" name="test_capture_checkpoint_raises_on_command_failure" time="0.001" /><testcase classname="tests.runner.test_evidence" name="test_capture_checkpoint_retries_transient_empty_layout" time="0.001" /><testcase classname="tests.runner.test_evidence" name="test_capture_checkpoint_applies_timeouts_to_screens_and_logcat" time="0.001" /><testcase classname="tests.runner.test_evidence" name="test_capture_checkpoint_wraps_command_timeout" time="0.001" /><testcase classname="tests.runner.test_evidence" name="test_capture_checkpoint_fails_closed_when_screen_command_writes_no_artifact" time="0.001" /><testcase classname="tests.runner.test_evidence" name="test_capture_checkpoint_refuses_contradictory_stale_artifacts" time="0.001" /><testcase classname="tests.runner.test_execution_identity" name="test_collector_binds_effective_execution_and_verifies_provenance" time="0.454" /><testcase classname="tests.runner.test_execution_identity" name="test_run_spec_fixture_subdirectory_requires_explicit_identity_opt_in" time="0.001" /><testcase classname="tests.runner.test_execution_record" name="test_nonterminal_execution_record_is_always_abandoned_and_non_accountable" time="0.001" /><testcase classname="tests.runner.test_execution_record" name="test_schema_v2_completed_record_requires_provenance_binding" time="0.001" /><testcase classname="tests.runner.test_execution_record" name="test_finalize_after_published_replace_reports_durability_uncertainty_not_failure[accountable-completed-directory-sync-published ExecutionRecord could not confirm directory durability]" time="0.001" /><testcase classname="tests.runner.test_execution_record" name="test_finalize_after_published_replace_reports_durability_uncertainty_not_failure[accountable-completed-temporary-cleanup-published ExecutionRecord could not clean already-published temporary path]" time="0.001" /><testcase classname="tests.runner.test_execution_record" name="test_finalize_after_published_replace_reports_durability_uncertainty_not_failure[non-accountable-failed-directory-sync-published ExecutionRecord could not confirm directory durability]" time="0.001" /><testcase classname="tests.runner.test_execution_record" name="test_finalize_after_published_replace_reports_durability_uncertainty_not_failure[non-accountable-failed-temporary-cleanup-published ExecutionRecord could not clean already-published temporary path]" time="0.001" /><testcase classname="tests.runner.test_execution_record" name="test_finalize_before_published_replace_remains_fail_closed" time="0.001" /><testcase classname="tests.runner.test_execution_record" name="test_failed_prepublication_cleanup_cannot_make_temporary_record_authoritative" time="0.001" /><testcase classname="tests.runner.test_execution_record" name="test_execution_record_loader_rejects_accountable_nonterminal_contradiction" time="0.001" /><testcase classname="tests.runner.test_execution_record" name="test_execution_record_finalization_rejects_lifecycle_contradictions[completed-execution0-2-completed.*must be accountable]" time="0.001" /><testcase classname="tests.runner.test_execution_record" name="test_execution_record_finalization_rejects_lifecycle_contradictions[failed-execution1-0-failed.*must be non-accountable]" time="0.001" /><testcase classname="tests.runner.test_execution_record" name="test_json_artifact_write_is_atomic_and_never_overwrites_an_existing_result" time="0.001" /><testcase classname="tests.runner.test_execution_record" name="test_terminal_execution_record_rejects_a_different_final_phase_reason" time="0.001" /><testcase classname="tests.runner.test_execution_record_terminal_accounting" name="test_validate_rejects_each_in_progress_contradiction[unsupported-lifecycle]" time="0.000" /><testcase classname="tests.runner.test_execution_record_terminal_accounting" name="test_validate_rejects_each_in_progress_contradiction[execution-not-object]" time="0.000" /><testcase classname="tests.runner.test_execution_record_terminal_accounting" name="test_validate_rejects_each_in_progress_contradiction[timing-not-object]" time="0.000" /><testcase classname="tests.runner.test_execution_record_terminal_accounting" name="test_validate_rejects_each_in_progress_contradiction[timing-start-mismatch]" time="0.000" /><testcase classname="tests.runner.test_execution_record_terminal_accounting" name="test_validate_rejects_each_in_progress_contradiction[timing-phases-not-list]" time="0.000" /><testcase classname="tests.runner.test_execution_record_terminal_accounting" name="test_validate_rejects_each_in_progress_contradiction[phase-errors-not-list]" time="0.000" /><testcase classname="tests.runner.test_execution_record_terminal_accounting" name="test_validate_rejects_each_in_progress_contradiction[references-not-object]" time="0.000" /><testcase classname="tests.runner.test_execution_record_terminal_accounting" name="test_validate_rejects_each_in_progress_contradiction[terminal-reason]" time="0.000" /><testcase classname="tests.runner.test_execution_record_terminal_accounting" name="test_validate_rejects_each_in_progress_contradiction[terminal-outcome]" time="0.000" /><testcase classname="tests.runner.test_execution_record_terminal_accounting" name="test_validate_rejects_each_in_progress_contradiction[terminal-timing]" time="0.000" /><testcase classname="tests.runner.test_execution_record_terminal_accounting" name="test_validate_rejects_each_in_progress_contradiction[terminal-phase-errors]" time="0.000" /><testcase classname="tests.runner.test_execution_record_terminal_accounting" name="test_validate_rejects_root_shape_contradictions[not-an-object]" time="0.000" /><testcase classname="tests.runner.test_execution_record_terminal_accounting" name="test_validate_rejects_root_shape_contradictions[unsupported-schema]" time="0.000" /><testcase classname="tests.runner.test_execution_record_terminal_accounting" name="test_validate_rejects_root_shape_contradictions[empty-required-field]" time="0.000" /><testcase classname="tests.runner.test_execution_record_terminal_accounting" name="test_validate_rejects_each_terminal_contradiction[missing-finished-at]" time="0.000" /><testcase classname="tests.runner.test_execution_record_terminal_accounting" name="test_validate_rejects_each_terminal_contradiction[timing-finished-at-mismatch]" time="0.000" /><testcase classname="tests.runner.test_execution_record_terminal_accounting" name="test_validate_rejects_each_terminal_contradiction[invalid-total-seconds]" time="0.000" /><testcase classname="tests.runner.test_execution_record_terminal_accounting" name="test_validate_rejects_each_terminal_contradiction[completed-reason]" time="0.000" /><testcase classname="tests.runner.test_execution_record_terminal_accounting" name="test_validate_rejects_each_terminal_contradiction[completed-phase-errors]" time="0.000" /><testcase classname="tests.runner.test_execution_record_terminal_accounting" name="test_validate_rejects_each_terminal_contradiction[completed-missing-provenance]" time="0.000" /><testcase classname="tests.runner.test_execution_record_terminal_accounting" name="test_validate_rejects_each_terminal_contradiction[completed-invalid-provenance]" time="0.000" /><testcase classname="tests.runner.test_execution_record_terminal_accounting" name="test_validate_rejects_each_terminal_contradiction[missing-canonical-reason]" time="0.000" /><testcase classname="tests.runner.test_execution_record_terminal_accounting" name="test_validate_rejects_each_terminal_contradiction[non-accountable-exit-code]" time="0.000" /><testcase classname="tests.runner.test_execution_record_terminal_accounting" name="test_validate_rejects_each_terminal_contradiction[missing-phase-errors]" time="0.000" /><testcase classname="tests.runner.test_execution_record_terminal_accounting" name="test_validate_rejects_each_terminal_contradiction[phase-error-not-object]" time="0.000" /><testcase classname="tests.runner.test_execution_record_terminal_accounting" name="test_validate_rejects_each_terminal_contradiction[phase-error-missing-message]" time="0.000" /><testcase classname="tests.runner.test_execution_record_terminal_accounting" name="test_schema_v1_completed_record_does_not_require_v2_provenance" time="0.000" /><testcase classname="tests.runner.test_execution_record_terminal_accounting" name="test_loader_rejects_invalid_json_before_returning_an_execution_record" time="0.001" /><testcase classname="tests.runner.test_execution_record_terminal_accounting" name="test_finalize_rejects_changed_identity_or_a_second_terminalization[attempt-identity]" time="0.001" /><testcase classname="tests.runner.test_execution_record_terminal_accounting" name="test_finalize_rejects_changed_identity_or_a_second_terminalization[already-terminal]" time="0.001" /><testcase classname="tests.runner.test_execution_record_terminal_accounting" name="test_finalize_storage_failures_leave_the_persisted_record_unchanged[corrupt-record]" time="0.001" /><testcase classname="tests.runner.test_execution_record_terminal_accounting" name="test_finalize_storage_failures_leave_the_persisted_record_unchanged[missing-finished-at]" time="0.001" /><testcase classname="tests.runner.test_execution_record_terminal_accounting" name="test_finalize_storage_failures_leave_the_persisted_record_unchanged[replace-failure]" time="0.001" /><testcase classname="tests.runner.test_execution_record_terminal_accounting" name="test_terminal_non_accountable_finalization_is_exactly_once[preflight_rejected]" time="0.001" /><testcase classname="tests.runner.test_execution_record_terminal_accounting" name="test_terminal_non_accountable_finalization_is_exactly_once[interrupted]" time="0.001" /><testcase classname="tests.runner.test_execution_record_terminal_accounting" name="test_terminal_non_accountable_finalization_is_exactly_once[failed]" time="0.001" /><testcase classname="tests.runner.test_execution_record_terminal_accounting" name="test_terminal_execution_record_reason_is_the_canonical_reason" time="0.000" /><testcase classname="tests.runner.test_execution_record_terminal_accounting" name="test_establish_rejects_existing_runner_output_without_overwriting_it[execution-record.json]" time="0.001" /><testcase classname="tests.runner.test_execution_record_terminal_accounting" name="test_establish_rejects_existing_runner_output_without_overwriting_it[verdict.json]" time="0.001" /><testcase classname="tests.runner.test_execution_record_terminal_accounting" name="test_establish_rejects_existing_runner_output_without_overwriting_it[live-validation-gate.json]" time="0.001" /><testcase classname="tests.runner.test_execution_record_terminal_accounting" name="test_establish_rejects_existing_runner_output_without_overwriting_it[runner-setup.json]" time="0.001" /><testcase classname="tests.runner.test_execution_record_terminal_accounting" name="test_establish_rejects_existing_runner_output_without_overwriting_it[artifacts]" time="0.001" /><testcase classname="tests.runner.test_execution_record_terminal_accounting" name="test_establish_wraps_an_exclusive_write_failure" time="0.001" /><testcase classname="tests.runner.test_execution_record_terminal_accounting" name="test_exclusive_artifact_writes_preserve_existing_evidence[json]" time="0.001" /><testcase classname="tests.runner.test_execution_record_terminal_accounting" name="test_exclusive_artifact_writes_preserve_existing_evidence[bytes]" time="0.001" /><testcase classname="tests.runner.test_execution_record_terminal_accounting" name="test_atomic_replace_failure_preserves_the_original_record_and_handles_cleanup[cleanup]" time="0.001" /><testcase classname="tests.runner.test_execution_record_terminal_accounting" name="test_atomic_replace_failure_preserves_the_original_record_and_handles_cleanup[cleanup-error]" time="0.001" /><testcase classname="tests.runner.test_journey" name="test_scenario_to_segments_splits_after_event_step" time="0.000" /><testcase classname="tests.runner.test_journey" name="test_scenario_to_segments_rejects_out_of_range_event" time="0.000" /><testcase classname="tests.runner.test_journey" name="test_scenario_to_segments_allows_trailing_system_event" time="0.000" /><testcase classname="tests.runner.test_journey" name="test_segment_to_journey_xml_escapes_actions" time="0.000" /><testcase classname="tests.runner.test_journey" name="test_segment_to_journey_xml_assigns_stable_action_ids" time="0.000" /><testcase classname="tests.runner.test_journey" name="test_journey_segment_runner_orders_segments_events_and_checkpoints" time="0.002" /><testcase classname="tests.runner.test_journey" name="test_journey_segment_runner_times_every_phase" time="0.002" /><testcase classname="tests.runner.test_journey" name="test_journey_segment_runner_persists_system_event_evidence" time="0.002" /><testcase classname="tests.runner.test_journey" name="test_journey_segment_runner_prepends_instruction_prefix" time="0.001" /><testcase classname="tests.runner.test_journey" name="test_failed_journey_action_stops_before_event_and_keeps_checkpoint" time="0.001" /><testcase classname="tests.runner.test_journey" name="test_skipped_journey_action_is_non_accountable" time="0.001" /><testcase classname="tests.runner.test_journey" name="test_missing_action_result_is_non_accountable" time="0.001" /><testcase classname="tests.runner.test_journey" name="test_mismatched_action_result_is_non_accountable" time="0.001" /><testcase classname="tests.runner.test_journey" name="test_stable_action_id_restores_exact_requested_action" time="0.001" /><testcase classname="tests.runner.test_journey" name="test_unknown_action_status_fails_closed_when_backend_bypasses_schema" time="0.001" /><testcase classname="tests.runner.test_journey" name="test_invalid_action_lineage_fails_closed[missing-id]" time="0.001" /><testcase classname="tests.runner.test_journey" name="test_invalid_action_lineage_fails_closed[unrelated-action-text]" time="0.001" /><testcase classname="tests.runner.test_journey" name="test_invalid_action_lineage_fails_closed[duplicated-id]" time="0.001" /><testcase classname="tests.runner.test_journey" name="test_invalid_action_lineage_fails_closed[reordered-results]" time="0.001" /><testcase classname="tests.runner.test_journey" name="test_invalid_action_lineage_fails_closed[contradictory-action-text]" time="0.001" /><testcase classname="tests.runner.test_journey" name="test_invalid_action_lineage_fails_closed[wrong-journey]" time="0.001" /><testcase classname="tests.runner.test_journey" name="test_multi_segment_interruption_keeps_completed_prior_boundary_evidence" time="0.002" /><testcase classname="tests.runner.test_journey" name="test_backend_failure_becomes_non_accountable_journey_interruption" time="0.001" /><testcase classname="tests.runner.test_journey" name="test_backend_failure_retains_codex_artifact_references" time="0.001" /><testcase classname="tests.runner.test_journey" name="test_checkpoint_failure_keeps_completed_journey_for_diagnostics" time="0.001" /><testcase classname="tests.runner.test_journey" name="test_anr_layout_failure_retains_bounded_checkpoint_diagnostics" time="0.001" /><testcase classname="tests.runner.test_journey" name="test_system_event_failure_keeps_pre_event_checkpoint" time="0.001" /><testcase classname="tests.runner.test_journey" name="test_system_event_timeout_uses_canonical_reason_and_keeps_pre_event_evidence" time="0.001" /><testcase classname="tests.runner.test_package_reset" name="test_absent_package_is_already_clean_without_clear" time="0.000" /><testcase classname="tests.runner.test_package_reset" name="test_controller_device_identity_must_match_the_receipt" time="0.000" /><testcase classname="tests.runner.test_package_reset" name="test_installed_package_must_clear_successfully" time="0.000" /><testcase classname="tests.runner.test_package_reset" name="test_installed_package_clear_failure_is_not_treated_as_absent" time="0.000" /><testcase classname="tests.runner.test_package_reset" name="test_query_failures_and_contradictions_fail_closed[query0-package presence query failed]" time="0.000" /><testcase classname="tests.runner.test_package_reset" name="test_query_failures_and_contradictions_fail_closed[query1-package presence query was contradictory]" time="0.000" /><testcase classname="tests.runner.test_package_reset" name="test_query_failures_and_contradictions_fail_closed[query2-package presence query was contradictory]" time="0.000" /><testcase classname="tests.runner.test_package_reset" name="test_query_failures_and_contradictions_fail_closed[query3-package presence query was contradictory]" time="0.000" /><testcase classname="tests.runner.test_run_spec" name="test_parse_valid_run_spec_normalizes_paths" time="0.000" /><testcase classname="tests.runner.test_run_spec" name="test_run_spec_accepts_backup_restore_as_a_boundary_event" time="0.000" /><testcase classname="tests.runner.test_run_spec" name="test_portable_host_locator_resolves_from_environment_or_explicit_override" time="0.001" /><testcase classname="tests.runner.test_run_spec" name="test_portable_host_locator_fails_closed_on_missing_relative_or_conflicting_root" time="0.001" /><testcase classname="tests.runner.test_run_spec" name="test_parse_run_spec_metric_context" time="0.000" /><testcase classname="tests.runner.test_run_spec" name="test_parse_run_spec_l2_boundary_selection" time="0.000" /><testcase classname="tests.runner.test_run_spec" name="test_parse_run_spec_live_validation_app_smoke" time="0.001" /><testcase classname="tests.runner.test_run_spec" name="test_app_smoke_requires_activity_from_config_or_run_spec" time="0.000" /><testcase classname="tests.runner.test_run_spec" name="test_app_smoke_requires_target_surface" time="0.000" /><testcase classname="tests.runner.test_run_spec" name="test_invalid_l2_boundary_selection_fails" time="0.000" /><testcase classname="tests.runner.test_run_spec" name="test_out_of_range_l2_boundary_selection_fails" time="0.000" /><testcase classname="tests.runner.test_run_spec" name="test_l2_boundary_selection_uses_step_index_order_not_yaml_order" time="0.000" /><testcase classname="tests.runner.test_run_spec" name="test_invalid_metric_context_fails" time="0.000" /><testcase classname="tests.runner.test_run_spec" name="test_load_run_spec_from_yaml" time="0.001" /><testcase classname="tests.runner.test_run_spec" name="test_missing_required_field_fails" time="0.000" /><testcase classname="tests.runner.test_run_spec" name="test_invalid_system_event_fails" time="0.000" /><testcase classname="tests.runner.test_run_spec" name="test_parse_wait_system_event_with_explicit_postconditions" time="0.000" /><testcase classname="tests.runner.test_run_spec" name="test_permission_state_events_are_supported[reset_permission]" time="0.000" /><testcase classname="tests.runner.test_run_spec" name="test_permission_state_events_are_supported[observe_permission]" time="0.000" /><testcase classname="tests.runner.test_run_spec" name="test_permission_state_events_are_supported[grant_permission]" time="0.000" /><testcase classname="tests.runner.test_run_spec" name="test_permission_state_events_are_supported[open_app_settings]" time="0.000" /><testcase classname="tests.runner.test_run_spec" name="test_permission_state_events_are_supported[revoke_permission]" time="0.000" /><testcase classname="tests.runner.test_run_spec" name="test_dry_run_plan_does_not_touch_device" time="0.000" /><testcase classname="tests.runner.test_system_events" name="test_inject_rotate_uses_device_controller_rotation" time="0.000" /><testcase classname="tests.runner.test_system_events" name="test_inject_open_app_settings_confirms_settings_is_resumed" time="0.000" /><testcase classname="tests.runner.test_system_events" name="test_inject_open_app_settings_fails_closed_on_wrong_resumed_package" time="0.000" /><testcase classname="tests.runner.test_system_events" name="test_inject_open_app_settings_fails_closed_when_launch_fails" time="0.000" /><testcase classname="tests.runner.test_system_events" name="test_inject_rotate_fails_closed_on_nonzero_process_exit" time="0.000" /><testcase classname="tests.runner.test_system_events" name="test_inject_rotate_fails_closed_when_postcondition_does_not_match" time="0.000" /><testcase classname="tests.runner.test_system_events" name="test_inject_rotate_fails_closed_when_auto_rotation_remains_enabled" time="0.000" /><testcase classname="tests.runner.test_system_events" name="test_inject_rotate_rejects_values_outside_android_rotation_domain[-1]" time="0.000" /><testcase classname="tests.runner.test_system_events" name="test_inject_rotate_rejects_values_outside_android_rotation_domain[4]" time="0.000" /><testcase classname="tests.runner.test_system_events" name="test_inject_rotate_rejects_values_outside_android_rotation_domain[portrait]" time="0.000" /><testcase classname="tests.runner.test_system_events" name="test_inject_process_death_home_kill_relaunch" time="0.000" /><testcase classname="tests.runner.test_system_events" name="test_inject_process_death_relaunches_via_explicit_launcher_activity" time="0.000" /><testcase classname="tests.runner.test_system_events" name="test_inject_process_death_checks_every_phase_process_exit" time="0.000" /><testcase classname="tests.runner.test_system_events" name="test_inject_process_death_fails_closed_when_process_identity_is_unchanged" time="0.000" /><testcase classname="tests.runner.test_system_events" name="test_inject_backup_restore_records_transport_restore_and_process_evidence" time="0.000" /><testcase classname="tests.runner.test_system_events" name="test_inject_backup_restore_fails_closed_and_restores_backup_configuration" time="0.000" /><testcase classname="tests.runner.test_system_events" name="test_inject_network_off_toggles_wifi_and_data" time="0.000" /><testcase classname="tests.runner.test_system_events" name="test_inject_network_on_confirms_wifi_and_mobile_data_settings" time="0.000" /><testcase classname="tests.runner.test_system_events" name="test_inject_network_off_fails_closed_when_wifi_remains_enabled" time="0.000" /><testcase classname="tests.runner.test_system_events" name="test_inject_network_on_fails_closed_when_mobile_data_remains_disabled" time="0.000" /><testcase classname="tests.runner.test_system_events" name="test_inject_wait_confirms_network_and_resumed_activity_postconditions" time="0.000" /><testcase classname="tests.runner.test_system_events" name="test_inject_wait_requires_at_least_one_explicit_postcondition" time="0.000" /><testcase classname="tests.runner.test_system_events" name="test_inject_wait_validates_postconditions_before_sleep" time="0.000" /><testcase classname="tests.runner.test_system_events" name="test_inject_revoke_permission_requires_permission_arg" time="0.000" /><testcase classname="tests.runner.test_system_events" name="test_inject_revoke_permission_fails_closed_when_permission_remains_granted" time="0.000" /><testcase classname="tests.runner.test_system_events" name="test_inject_revoke_permission_confirms_runtime_grant_is_denied" time="0.000" /><testcase classname="tests.runner.test_system_events" name="test_inject_revoke_permission_fails_closed_when_state_is_unobservable" time="0.000" /><testcase classname="tests.runner.test_system_events" name="test_reset_permission_records_pristine_denied_state" time="0.000" /><testcase classname="tests.runner.test_system_events" name="test_grant_permission_records_granted_postcondition" time="0.000" /><testcase classname="tests.runner.test_system_events" name="test_observe_permission_confirms_first_denial_flags" time="0.000" /><testcase classname="tests.runner.test_system_events" name="test_inject_kill_background_uses_package" time="0.000" /><testcase classname="tests.runner.test_system_events" name="test_inject_kill_background_fails_closed_on_nonzero_process_exit" time="0.000" /><testcase classname="tests.runner.test_system_events" name="test_inject_kill_background_fails_closed_when_process_survives" time="0.000" /><testcase classname="tests.runner.test_system_events" name="test_inject_app_to_background_waits_until_another_package_is_resumed" time="0.000" /><testcase classname="tests.runner.test_system_events" name="test_inject_app_to_background_polls_through_transient_resumed_state" time="0.002" /><testcase classname="tests.runner.test_system_events" name="test_inject_app_to_foreground_uses_explicit_activity_and_confirms_resumed" time="0.000" /><testcase classname="tests.runner.test_system_events" name="test_app_to_foreground_prefers_api35_top_resumed_activity" time="0.000" /><testcase classname="tests.runner.test_system_events" name="test_inject_app_to_foreground_polls_through_transient_resumed_state" time="0.002" /><testcase classname="tests.runner.test_system_events" name="test_app_to_foreground_polls_through_transient_unobservable_state" time="0.002" /><testcase classname="tests.runner.test_system_events" name="test_app_lifecycle_events_fail_closed_when_resumed_activity_query_fails[app_to_background]" time="0.000" /><testcase classname="tests.runner.test_system_events" name="test_app_lifecycle_events_fail_closed_when_resumed_activity_query_fails[app_to_foreground]" time="0.000" /><testcase classname="tests.runner.test_system_events" name="test_app_to_background_fails_closed_when_resumed_activity_stays_unobservable" time="0.000" /><testcase classname="tests.runner.test_system_events" name="test_app_lifecycle_events_fail_closed_on_postcondition_timeout[app_to_background-org.example-expected a resumed package other than org.example, observed org.example]" time="0.000" /><testcase classname="tests.runner.test_system_events" name="test_app_lifecycle_events_fail_closed_on_postcondition_timeout[app_to_foreground-com.android.launcher3-expected resumed package org.example, observed com.android.launcher3]" time="0.000" /><testcase classname="tests.runner.test_system_events" name="test_app_lifecycle_events_reject_invalid_polling_args_before_dispatch[app_to_background-args0]" time="0.000" /><testcase classname="tests.runner.test_system_events" name="test_app_lifecycle_events_reject_invalid_polling_args_before_dispatch[app_to_background-args1]" time="0.000" /><testcase classname="tests.runner.test_system_events" name="test_app_lifecycle_events_reject_invalid_polling_args_before_dispatch[app_to_foreground-args2]" time="0.000" /><testcase classname="tests.runner.test_system_events" name="test_app_lifecycle_events_reject_invalid_polling_args_before_dispatch[app_to_foreground-args3]" time="0.000" /><testcase classname="tests.runner.test_system_events" name="test_inject_dark_mode_defaults_to_night_on" time="0.000" /><testcase classname="tests.runner.test_system_events" name="test_inject_dark_mode_night_off_via_args" time="0.000" /><testcase classname="tests.runner.test_system_events" name="test_inject_dark_mode_fails_closed_when_postcondition_does_not_match" time="0.000" /><testcase classname="tests.runner.test_system_events" name="test_inject_dark_mode_rejects_unknown_night_value_before_dispatch" time="0.000" /><testcase classname="tests.runner.test_system_events" name="test_inject_locale_change_records_requested_and_observed_locale" time="0.000" /><testcase classname="tests.runner.test_system_events" name="test_inject_locale_change_rejects_invalid_tags_before_dispatch[]" time="0.000" /><testcase classname="tests.runner.test_system_events" name="test_inject_locale_change_rejects_invalid_tags_before_dispatch[ar_EG]" time="0.000" /><testcase classname="tests.runner.test_system_events" name="test_inject_locale_change_rejects_invalid_tags_before_dispatch[a]" time="0.000" /><testcase classname="tests.runner.test_system_events" name="test_inject_locale_change_rejects_invalid_tags_before_dispatch[arabic]" time="0.000" /><testcase classname="tests.runner.test_system_events" name="test_inject_locale_change_rejects_invalid_tags_before_dispatch[ar-EG-extra]" time="0.000" /><testcase classname="tests.runner.test_system_events" name="test_inject_locale_change_fails_closed_on_observed_mismatch" time="0.000" /><testcase classname="tests.runner.test_system_events" name="test_single_command_events_fail_closed_on_nonzero_process_exit[revoke_permission-args0]" time="0.000" /><testcase classname="tests.runner.test_system_events" name="test_single_command_events_fail_closed_on_nonzero_process_exit[app_to_background-args1]" time="0.000" /><testcase classname="tests.runner.test_system_events" name="test_single_command_events_fail_closed_on_nonzero_process_exit[app_to_foreground-args2]" time="0.000" /><testcase classname="tests.runner.test_system_events" name="test_single_command_events_fail_closed_on_nonzero_process_exit[dark_mode-args3]" time="0.000" /><testcase classname="tests.runner.test_system_events" name="test_network_events_stop_after_the_first_nonzero_process_exit[network_off]" time="0.000" /><testcase classname="tests.runner.test_system_events" name="test_network_events_stop_after_the_first_nonzero_process_exit[network_on]" time="0.000" /><testcase classname="tests.runner.test_verdict" name="test_android_layout_json_to_xml_supports_resource_id_and_state" time="0.000" /><testcase classname="tests.runner.test_verdict" name="test_judge_l2_from_android_layout_passes_matching_assertion" time="0.000" /><testcase classname="tests.runner.test_verdict" name="test_judge_l2_from_android_layout_fails_changed_text" time="0.000" /><testcase classname="tests.runner.test_verdict" name="test_judge_l2_from_android_layout_inconclusive_on_malformed_json" time="0.000" /><testcase classname="tests.test_runtime_preparation" name="test_sealed_injection_is_admitted_before_build_and_prepared" time="1.470" /><testcase classname="tests.test_runtime_preparation" name="test_clean_checkout_is_prepared_through_the_same_public_interface" time="0.417" /><testcase classname="tests.test_runtime_preparation" name="test_clean_authority_rejects_an_ordinary_dirty_checkout_before_build" time="0.129" /><testcase classname="tests.test_runtime_preparation" name="test_source_authority_cannot_admit_an_empty_host_identity" time="0.094" /><testcase classname="tests.test_runtime_preparation" name="test_legacy_clean_admission_receipt_remains_compatible_only_when_pristine" time="0.412" /><testcase classname="tests.test_runtime_preparation" name="test_preexisting_ignored_sealed_source_is_rejected_before_build" time="1.275" /><testcase classname="tests.test_runtime_preparation" name="test_build_recipe_cannot_hide_a_shell_behind_env" time="0.111" /><testcase classname="tests.test_runtime_preparation" name="test_post_build_source_drift_is_rejected_before_apk_handoff" time="0.257" /><testcase classname="tests.test_runtime_preparation" name="test_prepared_receipt_reverification_rejects_apk_byte_drift" time="0.316" /><testcase classname="tests.test_runtime_preparation" name="test_prepared_receipt_reverification_rejects_ignored_worktree_drift" time="0.436" /><testcase classname="tests.test_runtime_preparation" name="test_duplicate_apk_locator_matches_fail_closed_even_for_one_inode" time="0.209" /><testcase classname="tests.test_runtime_preparation" name="test_runner_reverifies_prepared_apk_before_establishing_execution_record" time="0.327" /><testcase classname="tests.test_runtime_preparation" name="test_runner_rejects_contradictory_admission_and_preparation_handoffs" time="0.323" /><testcase classname="tests.test_runtime_preparation" name="test_sealed_authority_rejects_every_cross_bound_source_drift_before_build[worktree_path]" time="1.102" /><testcase classname="tests.test_runtime_preparation" name="test_sealed_authority_rejects_every_cross_bound_source_drift_before_build[packet_id]" time="1.104" /><testcase classname="tests.test_runtime_preparation" name="test_sealed_authority_rejects_every_cross_bound_source_drift_before_build[origin]" time="1.155" /><testcase classname="tests.test_runtime_preparation" name="test_sealed_authority_rejects_every_cross_bound_source_drift_before_build[baseline_commit]" time="1.104" /><testcase classname="tests.test_runtime_preparation" name="test_sealed_authority_rejects_every_cross_bound_source_drift_before_build[result_tree]" time="1.104" /><testcase classname="tests.test_runtime_preparation" name="test_sealed_authority_rejects_every_cross_bound_source_drift_before_build[result_diff]" time="1.115" /><testcase classname="tests.test_runtime_preparation" name="test_sealed_authority_rejects_every_cross_bound_source_drift_before_build[receipt_identity]" time="1.098" /><testcase classname="tests.test_runtime_preparation" name="test_sealed_authority_rejects_every_cross_bound_source_drift_before_build[tracked_source]" time="1.234" /><testcase classname="tests.test_runtime_preparation" name="test_sealed_authority_rejects_every_cross_bound_source_drift_before_build[packet_material]" time="1.059" /><testcase classname="tests.test_runtime_preparation" name="test_sealed_authority_rejects_every_cross_bound_source_drift_before_build[ownership_marker]" time="1.207" /><testcase classname="tests.test_runtime_preparation" name="test_build_result_must_confirm_the_exact_requested_argument_vector" time="0.199" /><testcase classname="tests.test_runtime_preparation" name="test_expected_build_and_apk_failures_return_stable_rejections[build_failed-build_failed]" time="0.193" /><testcase classname="tests.test_runtime_preparation" name="test_expected_build_and_apk_failures_return_stable_rejections[build_timeout-build_timeout]" time="0.200" /><testcase classname="tests.test_runtime_preparation" name="test_expected_build_and_apk_failures_return_stable_rejections[apk_missing-apk_missing]" time="0.201" /><testcase classname="tests.test_runtime_preparation" name="test_expected_build_and_apk_failures_return_stable_rejections[apk_outside_host-apk_outside_host]" time="0.193" /><testcase classname="tests.test_runtime_preparation" name="test_expected_build_and_apk_failures_return_stable_rejections[apk_package_mismatch-apk_package_mismatch]" time="0.201" /><testcase classname="tests.test_runtime_preparation" name="test_expected_build_and_apk_failures_return_stable_rejections[apk_activity_mismatch-apk_activity_mismatch]" time="0.197" /><testcase classname="tests.test_runtime_preparation" name="test_expected_build_and_apk_failures_return_stable_rejections[apk_inspection_failed-apk_inspection_failed]" time="0.201" /><testcase classname="tests.test_runtime_preparation" name="test_unsealed_or_fabricated_injection_authority_never_runs_build[unsealed]" time="1.059" /><testcase classname="tests.test_runtime_preparation" name="test_unsealed_or_fabricated_injection_authority_never_runs_build[fabricated]" time="1.014" /><testcase classname="tests.test_runtime_preparation" name="test_self_consistent_replacement_packet_is_not_bound_to_sealed_admission" time="1.054" /><testcase classname="tests.test_runtime_preparation" name="test_handoff_reverification_fails_closed_on_every_identity_drift[receipt-runtime preparation receipt identity drifted]" time="0.307" /><testcase classname="tests.test_runtime_preparation" name="test_handoff_reverification_fails_closed_on_every_identity_drift[run_spec-runtime preparation Run Spec drifted]" time="0.309" /><testcase classname="tests.test_runtime_preparation" name="test_handoff_reverification_fails_closed_on_every_identity_drift[runner_options-runtime preparation source or runner policy drifted]" time="0.412" /><testcase classname="tests.test_runtime_preparation" name="test_handoff_reverification_fails_closed_on_every_identity_drift[source-runtime preparation source or runner policy drifted]" time="0.351" /><testcase classname="tests.test_runtime_preparation" name="test_handoff_reverification_fails_closed_on_every_identity_drift[manifest-runtime preparation APK manifest drifted]" time="0.312" /><testcase classname="tests.test_runtime_preparation" name="test_handoff_reverification_rejects_a_new_duplicate_apk" time="0.306" /><testcase classname="tests.test_runtime_preparation" name="test_final_source_check_runs_after_apk_inspection" time="0.245" /><testcase classname="tests.test_runtime_preparation" name="test_apk_bytes_cannot_drift_during_manifest_inspection" time="0.192" /><testcase classname="tests.test_runtime_preparation" name="test_apk_bytes_cannot_drift_during_final_source_authority_check" time="0.310" /><testcase classname="tests.test_runtime_preparation" name="test_missing_build_executable_is_rejected_after_admission" time="0.193" /><testcase classname="tests.test_runtime_preparation" name="test_invalid_apk_inspector_is_a_stable_rejection_before_build" time="0.093" /><testcase classname="tests.test_runtime_preparation" name="test_build_recipe_rejects_shell_device_deployment_and_agent_commands[args0]" time="0.092" /><testcase classname="tests.test_runtime_preparation" name="test_build_recipe_rejects_shell_device_deployment_and_agent_commands[args1]" time="0.102" /><testcase classname="tests.test_runtime_preparation" name="test_build_recipe_rejects_shell_device_deployment_and_agent_commands[args2]" time="0.097" /><testcase classname="tests.test_runtime_preparation" name="test_build_recipe_rejects_shell_device_deployment_and_agent_commands[args3]" time="0.106" /><testcase classname="tests.test_runtime_preparation" name="test_build_recipe_rejects_shell_device_deployment_and_agent_commands[args4]" time="0.101" /><testcase classname="tests.test_runtime_preparation" name="test_build_recipe_rejects_shell_device_deployment_and_agent_commands[args5]" time="0.099" /><testcase classname="tests.test_runtime_preparation" name="test_build_recipe_rejects_shell_device_deployment_and_agent_commands[args6]" time="0.098" /><testcase classname="tests.test_runtime_preparation" name="test_build_recipe_rejects_shell_device_deployment_and_agent_commands[args7]" time="0.103" /><testcase classname="tests.test_runtime_preparation" name="test_build_recipe_rejects_shell_device_deployment_and_agent_commands[args8]" time="0.096" /><testcase classname="tests.test_runtime_preparation" name="test_build_recipe_rejects_shell_device_deployment_and_agent_commands[args9]" time="0.095" /><testcase classname="tests.test_runtime_preparation" name="test_build_recipe_allows_only_explicit_assemble_tasks_and_safe_flags" time="0.328" /><testcase classname="tests.test_runtime_preparation" name="test_admission_runner_observes_only_read_only_git_before_build" time="0.329" /><testcase classname="tests.test_runtime_preparation" name="test_production_apk_inspector_uses_a_shell_free_local_aapt_vector" time="0.001" /><testcase classname="tests.test_runtime_preparation" name="test_preparation_outcome_does_not_expose_mutable_receipt_state" time="0.319" /><testcase classname="tests.test_runtime_preparation" name="test_clean_host_subdirectory_is_the_exact_build_working_directory" time="0.320" /></testsuite></testsuites>