<?xml version='1.0' encoding='UTF-8' ?>
<testsuite name="org.wikipedia.m6.M6H03ActivityResultCodesTest" tests="1" failures="0" errors="0" skipped="0" time="0.569" timestamp="2026-08-03T15:51:25" hostname="localhost">
  <properties>
    <property name="device" value="aiverify_api35(AVD) - 15" />
    <property name="flavor" value="dev" />
    <property name="project" value=":app" />
  </properties>
  <testcase name="searchResultCallbacksUseDistinctResultCodes" classname="org.wikipedia.m6.M6H03ActivityResultCodesTest" time="0.005" />
</testsuite>