<?xml version="1.0" encoding="utf-8"?><testsuites name="pytest tests"><testsuite name="pytest" errors="0" failures="0" skipped="0" tests="21" time="1.547" timestamp="2026-08-26T19:40:08.720061-04:00" hostname="Peters-Mac-mini.local"><testcase classname="tests.bench.test_runtime_calibration" name="test_verify_candidate_accepts_bundled_v1_through_public_command" time="0.090" /><testcase classname="tests.bench.test_runtime_calibration" name="test_verify_candidate_rejects_incomplete_or_drifted_public_set[missing-candidate_missing_input]" time="0.069" /><testcase classname="tests.bench.test_runtime_calibration" name="test_verify_candidate_rejects_incomplete_or_drifted_public_set[extra-candidate_extra_input]" time="0.069" /><testcase classname="tests.bench.test_runtime_calibration" name="test_verify_candidate_rejects_incomplete_or_drifted_public_set[drift-candidate_artifact_digest_mismatch]" time="0.068" /><testcase classname="tests.bench.test_runtime_calibration" name="test_verify_candidate_rejects_duplicate_manifest_keys_with_stable_reason" time="0.070" /><testcase classname="tests.bench.test_runtime_calibration" name="test_verify_candidate_rejects_unknown_manifest_field" time="0.068" /><testcase classname="tests.bench.test_runtime_calibration" name="test_verify_candidate_rejects_rebound_schema_contract" time="0.085" /><testcase classname="tests.bench.test_runtime_calibration" name="test_verify_candidate_rejects_rebound_nested_schema_contract" time="0.085" /><testcase classname="tests.bench.test_runtime_calibration" name="test_verify_candidate_rejects_kind_path_rebinding_after_manifest_rebind" time="0.070" /><testcase classname="tests.bench.test_runtime_calibration" name="test_verify_candidate_rejects_unknown_source_pair_field_after_rebinding" time="0.069" /><testcase classname="tests.bench.test_runtime_calibration" name="test_verify_candidate_rejects_extra_matched_pair_hunk_after_rebinding" time="0.069" /><testcase classname="tests.bench.test_runtime_calibration" name="test_verify_candidate_rejects_rebound_claim_boundary_semantics" time="0.069" /><testcase classname="tests.bench.test_runtime_calibration" name="test_verify_candidate_rejects_reused_v1_contract_id_after_rebinding" time="0.075" /><testcase classname="tests.bench.test_runtime_calibration" name="test_verify_candidate_rejects_contradictory_family_state" time="0.068" /><testcase classname="tests.bench.test_runtime_calibration" name="test_verify_candidate_rejects_a_changed_family_version_after_identity_rebind" time="0.069" /><testcase classname="tests.bench.test_runtime_calibration" name="test_verify_candidate_distinguishes_canonical_digest_drift" time="0.068" /><testcase classname="tests.bench.test_runtime_calibration" name="test_verify_candidate_requires_a_fresh_output_root" time="0.058" /><testcase classname="tests.bench.test_runtime_calibration" name="test_interrupted_started_stage_is_abandoned_and_not_accepted" time="0.002" /><testcase classname="tests.bench.test_runtime_calibration" name="test_terminal_receipt_integrity_is_verified_without_accepting_tampering" time="0.088" /><testcase classname="tests.bench.test_runtime_calibration" name="test_terminal_receipt_rejects_semantically_rebound_tampering" time="0.087" /><testcase classname="tests.bench.test_runtime_calibration" name="test_terminal_receipt_rejects_kind_path_rebinding" time="0.094" /></testsuite></testsuites>