<?xml version='1.0' encoding='UTF-8' ?>
<testsuite name="org.wikipedia.m6.M6H02LocalSearchLanguageTest" tests="3" failures="0" errors="0" skipped="0" time="2.706" timestamp="2026-08-03T16:12:03" hostname="localhost">
  <properties>
    <property name="device" value="aiverify_api35(AVD) - 15" />
    <property name="flavor" value="dev" />
    <property name="project" value=":app" />
  </properties>
  <testcase name="openTabSuggestionFromAnotherLanguageIsExcluded" classname="org.wikipedia.m6.M6H02LocalSearchLanguageTest" time="0.006" />
  <testcase name="readingListSuggestionFromAnotherLanguageIsExcluded" classname="org.wikipedia.m6.M6H02LocalSearchLanguageTest" time="0.032" />
  <testcase name="historySuggestionFromAnotherLanguageIsExcluded" classname="org.wikipedia.m6.M6H02LocalSearchLanguageTest" time="0.03" />
</testsuite>