<?xml version="1.0" encoding="utf-8"?><testsuites name="pytest tests"><testsuite name="pytest" errors="0" failures="0" skipped="0" tests="16" time="0.988" timestamp="2026-08-02T21:23:14.303034-04:00" hostname="Peters-Mac-mini.local"><testcase classname="tests.bench.test_m6_cohort" name="test_packaged_schema_and_valid_frozen_manifest" time="0.052" /><testcase classname="tests.bench.test_m6_cohort" name="test_build_configuration_packages_the_schema" time="0.000" /><testcase classname="tests.bench.test_m6_cohort" name="test_draft_is_valid_only_when_explicitly_allowed" time="0.063" /><testcase classname="tests.bench.test_m6_cohort" name="test_missing_case_and_duplicate_slot_ids_fail_closed" time="0.061" /><testcase classname="tests.bench.test_m6_cohort" name="test_track_mixing_and_insufficient_risk_coverage_are_rejected" time="0.063" /><testcase classname="tests.bench.test_m6_cohort" name="test_historical_pairs_require_exact_distinct_revisions" time="0.099" /><testcase classname="tests.bench.test_m6_cohort" name="test_prospective_policy_and_claim_leakage_are_rejected" time="0.098" /><testcase classname="tests.bench.test_m6_cohort" name="test_duplicate_and_overlapping_source_identities_are_rejected" time="0.065" /><testcase classname="tests.bench.test_m6_cohort" name="test_reference_paths_and_checksums_fail_closed" time="0.096" /><testcase classname="tests.bench.test_m6_cohort" name="test_registered_same_track_replacement_before_start_is_valid" time="0.034" /><testcase classname="tests.bench.test_m6_cohort" name="test_cross_track_and_post_start_replacements_are_rejected" time="0.066" /><testcase classname="tests.bench.test_m6_cohort" name="test_frozen_manifest_requires_prior_maintainer_approval" time="0.097" /><testcase classname="tests.bench.test_m6_cohort" name="test_replacement_ledger_binds_exclusion_and_frozen_rank_order" time="0.068" /><testcase classname="tests.bench.test_m6_cohort" name="test_excluded_source_cannot_remain_in_admitted_denominator" time="0.034" /><testcase classname="tests.bench.test_m6_cohort" name="test_duplicate_yaml_keys_are_rejected" time="0.001" /><testcase classname="tests.bench.test_m6_cohort" name="test_cli_emits_machine_readable_valid_and_invalid_results" time="0.062" /></testsuite></testsuites>